  [1m[35m (837.4ms)[0m  [1m[35mCREATE DATABASE "todo-app_development" ENCODING = 'unicode'[0m
  ↳ bin/rails:9
  [1m[35m (814.1ms)[0m  [1m[35mCREATE DATABASE "todo-app_test" ENCODING = 'unicode'[0m
  ↳ bin/rails:9
  [1m[35m (103.1ms)[0m  [1m[35mCREATE TABLE "schema_migrations" ("version" character varying NOT NULL PRIMARY KEY)[0m
  ↳ bin/rails:9
  [1m[35m (117.7ms)[0m  [1m[35mCREATE TABLE "ar_internal_metadata" ("key" character varying NOT NULL PRIMARY KEY, "value" character varying, "created_at" timestamp NOT NULL, "updated_at" timestamp NOT NULL)[0m
  ↳ bin/rails:9
  [1m[35m (0.2ms)[0m  [1m[34mSELECT pg_try_advisory_lock(6045193684340616750)[0m
  ↳ bin/rails:9
  [1m[35m (0.4ms)[0m  [1m[34mSELECT "schema_migrations"."version" FROM "schema_migrations" ORDER BY "schema_migrations"."version" ASC[0m
  ↳ bin/rails:9
Migrating to CreateTodos (20190926204718)
  [1m[35m (0.1ms)[0m  [1m[35mBEGIN[0m
  ↳ bin/rails:9
  [1m[35m (94.4ms)[0m  [1m[35mCREATE TABLE "todos" ("id" bigserial primary key, "title" character varying NOT NULL, "body" character varying NOT NULL, "done" boolean DEFAULT FALSE, "created_at" timestamp NOT NULL, "updated_at" timestamp NOT NULL)[0m
  ↳ db/migrate/20190926204718_create_todos.rb:3
  [1m[36mActiveRecord::SchemaMigration Create (0.6ms)[0m  [1m[32mINSERT INTO "schema_migrations" ("version") VALUES ($1) RETURNING "version"[0m  [["version", "20190926204718"]]
  ↳ bin/rails:9
  [1m[35m (20.3ms)[0m  [1m[35mCOMMIT[0m
  ↳ bin/rails:9
  [1m[36mActiveRecord::InternalMetadata Load (0.3ms)[0m  [1m[34mSELECT  "ar_internal_metadata".* FROM "ar_internal_metadata" WHERE "ar_internal_metadata"."key" = $1 LIMIT $2[0m  [["key", "environment"], ["LIMIT", 1]]
  ↳ bin/rails:9
  [1m[35m (0.2ms)[0m  [1m[35mBEGIN[0m
  ↳ bin/rails:9
  [1m[36mActiveRecord::InternalMetadata Create (0.4ms)[0m  [1m[32mINSERT INTO "ar_internal_metadata" ("key", "value", "created_at", "updated_at") VALUES ($1, $2, $3, $4) RETURNING "key"[0m  [["key", "environment"], ["value", "development"], ["created_at", "2019-09-26 20:48:22.184025"], ["updated_at", "2019-09-26 20:48:22.184025"]]
  ↳ bin/rails:9
  [1m[35m (5.0ms)[0m  [1m[35mCOMMIT[0m
  ↳ bin/rails:9
  [1m[35m (0.2ms)[0m  [1m[34mSELECT pg_advisory_unlock(6045193684340616750)[0m
  ↳ bin/rails:9
  [1m[35m (0.2ms)[0m  [1m[34mSELECT "schema_migrations"."version" FROM "schema_migrations" ORDER BY "schema_migrations"."version" ASC[0m
  ↳ bin/rails:9
  [1m[35m (0.4ms)[0m  [1m[34mSELECT "schema_migrations"."version" FROM "schema_migrations" ORDER BY "schema_migrations"."version" ASC[0m
  ↳ bin/rails:9
  [1m[35m (0.1ms)[0m  [1m[35mBEGIN[0m
  ↳ db/seeds.rb:9
  [1m[36mTodo Create (0.5ms)[0m  [1m[32mINSERT INTO "todos" ("title", "body", "created_at", "updated_at") VALUES ($1, $2, $3, $4) RETURNING "id"[0m  [["title", "HELP IM ALIVE"], ["body", "NY HEART KEEPS BEATING LIKE A HAMMER"], ["created_at", "2019-09-26 20:56:30.022227"], ["updated_at", "2019-09-26 20:56:30.022227"]]
  ↳ db/seeds.rb:9
  [1m[35m (30.1ms)[0m  [1m[35mCOMMIT[0m
  ↳ db/seeds.rb:9
  [1m[35m (0.1ms)[0m  [1m[35mBEGIN[0m
  ↳ db/seeds.rb:9
  [1m[36mTodo Create (0.3ms)[0m  [1m[32mINSERT INTO "todos" ("title", "body", "created_at", "updated_at") VALUES ($1, $2, $3, $4) RETURNING "id"[0m  [["title", "first things first"], ["body", "I was wearing a dress and it was blue"], ["created_at", "2019-09-26 20:56:30.054421"], ["updated_at", "2019-09-26 20:56:30.054421"]]
  ↳ db/seeds.rb:9
  [1m[35m (9.3ms)[0m  [1m[35mCOMMIT[0m
  ↳ db/seeds.rb:9
  [1m[35m (0.2ms)[0m  [1m[35mBEGIN[0m
  ↳ db/seeds.rb:9
  [1m[36mTodo Create (0.3ms)[0m  [1m[32mINSERT INTO "todos" ("title", "body", "created_at", "updated_at") VALUES ($1, $2, $3, $4) RETURNING "id"[0m  [["title", "shake me down"], ["body", "not a lot of people left around"], ["created_at", "2019-09-26 20:56:30.065496"], ["updated_at", "2019-09-26 20:56:30.065496"]]
  ↳ db/seeds.rb:9
  [1m[35m (9.2ms)[0m  [1m[35mCOMMIT[0m
  ↳ db/seeds.rb:9
Started GET "/" for ::1 at 2019-09-26 13:56:38 -0700
  [1m[35m (1.0ms)[0m  [1m[34mSELECT "schema_migrations"."version" FROM "schema_migrations" ORDER BY "schema_migrations"."version" ASC[0m
  ↳ /home/kchhak/.rbenv/versions/2.5.1/lib/ruby/gems/2.5.0/gems/activerecord-5.2.3/lib/active_record/log_subscriber.rb:98
Processing by StaticPagesController#root as HTML
  Rendering static_pages/root.html.erb within layouts/application
  Rendered static_pages/root.html.erb within layouts/application (7.5ms)
Completed 200 OK in 339ms (Views: 338.5ms | ActiveRecord: 0.0ms)


Started GET "/" for ::1 at 2019-09-26 13:57:46 -0700
Processing by StaticPagesController#root as HTML
  Rendering static_pages/root.html.erb within layouts/application
  Rendered static_pages/root.html.erb within layouts/application (2.0ms)
Completed 200 OK in 57ms (Views: 55.6ms | ActiveRecord: 0.0ms)


Started GET "/" for ::1 at 2019-09-26 14:00:24 -0700
Processing by StaticPagesController#root as HTML
  Rendering static_pages/root.html.erb within layouts/application
  Rendered static_pages/root.html.erb within layouts/application (0.4ms)
Completed 500 Internal Server Error in 27ms (ActiveRecord: 0.0ms)



Sprockets::FileNotFound - couldn't find file 'jquery' with type 'application/javascript'
Checked in these paths: 
  /home/kchhak/Documents/AA-Classwork/W13D4/todo-app/app/assets/config
  /home/kchhak/Documents/AA-Classwork/W13D4/todo-app/app/assets/images
  /home/kchhak/Documents/AA-Classwork/W13D4/todo-app/app/assets/javascripts
  /home/kchhak/Documents/AA-Classwork/W13D4/todo-app/app/assets/stylesheets
  /home/kchhak/.rbenv/versions/2.5.1/lib/ruby/gems/2.5.0/gems/coffee-rails-4.2.2/lib/assets/javascripts
  /home/kchhak/.rbenv/versions/2.5.1/lib/ruby/gems/2.5.0/gems/actioncable-5.2.3/lib/assets/compiled
  /home/kchhak/.rbenv/versions/2.5.1/lib/ruby/gems/2.5.0/gems/activestorage-5.2.3/app/assets/javascripts
  /home/kchhak/.rbenv/versions/2.5.1/lib/ruby/gems/2.5.0/gems/actionview-5.2.3/lib/assets/compiled
  /home/kchhak/Documents/AA-Classwork/W13D4/todo-app/node_modules:
  app/views/layouts/application.html.erb:9:in `_app_views_layouts_application_html_erb__3539627073682164523_70172268420020'

Started POST "/__better_errors/feeca2d226722799/variables" for ::1 at 2019-09-26 14:00:24 -0700
Started GET "/" for ::1 at 2019-09-26 14:00:25 -0700
Processing by StaticPagesController#root as HTML
  Rendering static_pages/root.html.erb within layouts/application
  Rendered static_pages/root.html.erb within layouts/application (0.3ms)
Completed 500 Internal Server Error in 12ms (ActiveRecord: 0.0ms)



Sprockets::FileNotFound - couldn't find file 'jquery' with type 'application/javascript'
Checked in these paths: 
  /home/kchhak/Documents/AA-Classwork/W13D4/todo-app/app/assets/config
  /home/kchhak/Documents/AA-Classwork/W13D4/todo-app/app/assets/images
  /home/kchhak/Documents/AA-Classwork/W13D4/todo-app/app/assets/javascripts
  /home/kchhak/Documents/AA-Classwork/W13D4/todo-app/app/assets/stylesheets
  /home/kchhak/.rbenv/versions/2.5.1/lib/ruby/gems/2.5.0/gems/coffee-rails-4.2.2/lib/assets/javascripts
  /home/kchhak/.rbenv/versions/2.5.1/lib/ruby/gems/2.5.0/gems/actioncable-5.2.3/lib/assets/compiled
  /home/kchhak/.rbenv/versions/2.5.1/lib/ruby/gems/2.5.0/gems/activestorage-5.2.3/app/assets/javascripts
  /home/kchhak/.rbenv/versions/2.5.1/lib/ruby/gems/2.5.0/gems/actionview-5.2.3/lib/assets/compiled
  /home/kchhak/Documents/AA-Classwork/W13D4/todo-app/node_modules:
  app/views/layouts/application.html.erb:9:in `_app_views_layouts_application_html_erb__3539627073682164523_70172261476920'

Started POST "/__better_errors/58ebcf8108321712/variables" for ::1 at 2019-09-26 14:00:25 -0700
Started GET "/" for ::1 at 2019-09-26 14:00:29 -0700
Processing by StaticPagesController#root as HTML
  Rendering static_pages/root.html.erb within layouts/application
  Rendered static_pages/root.html.erb within layouts/application (0.3ms)
Completed 500 Internal Server Error in 9ms (ActiveRecord: 0.0ms)



Sprockets::FileNotFound - couldn't find file 'jquery' with type 'application/javascript'
Checked in these paths: 
  /home/kchhak/Documents/AA-Classwork/W13D4/todo-app/app/assets/config
  /home/kchhak/Documents/AA-Classwork/W13D4/todo-app/app/assets/images
  /home/kchhak/Documents/AA-Classwork/W13D4/todo-app/app/assets/javascripts
  /home/kchhak/Documents/AA-Classwork/W13D4/todo-app/app/assets/stylesheets
  /home/kchhak/.rbenv/versions/2.5.1/lib/ruby/gems/2.5.0/gems/coffee-rails-4.2.2/lib/assets/javascripts
  /home/kchhak/.rbenv/versions/2.5.1/lib/ruby/gems/2.5.0/gems/actioncable-5.2.3/lib/assets/compiled
  /home/kchhak/.rbenv/versions/2.5.1/lib/ruby/gems/2.5.0/gems/activestorage-5.2.3/app/assets/javascripts
  /home/kchhak/.rbenv/versions/2.5.1/lib/ruby/gems/2.5.0/gems/actionview-5.2.3/lib/assets/compiled
  /home/kchhak/Documents/AA-Classwork/W13D4/todo-app/node_modules:
  app/views/layouts/application.html.erb:9:in `_app_views_layouts_application_html_erb__3539627073682164523_70172081816180'

Started POST "/__better_errors/f9826810f1c1b261/variables" for ::1 at 2019-09-26 14:00:29 -0700
Started GET "/" for ::1 at 2019-09-26 14:00:33 -0700
Processing by StaticPagesController#root as HTML
  Rendering static_pages/root.html.erb within layouts/application
  Rendered static_pages/root.html.erb within layouts/application (0.3ms)
Completed 500 Internal Server Error in 22ms (ActiveRecord: 0.0ms)



Sprockets::FileNotFound - couldn't find file 'jquery' with type 'application/javascript'
Checked in these paths: 
  /home/kchhak/Documents/AA-Classwork/W13D4/todo-app/app/assets/config
  /home/kchhak/Documents/AA-Classwork/W13D4/todo-app/app/assets/images
  /home/kchhak/Documents/AA-Classwork/W13D4/todo-app/app/assets/javascripts
  /home/kchhak/Documents/AA-Classwork/W13D4/todo-app/app/assets/stylesheets
  /home/kchhak/.rbenv/versions/2.5.1/lib/ruby/gems/2.5.0/gems/coffee-rails-4.2.2/lib/assets/javascripts
  /home/kchhak/.rbenv/versions/2.5.1/lib/ruby/gems/2.5.0/gems/actioncable-5.2.3/lib/assets/compiled
  /home/kchhak/.rbenv/versions/2.5.1/lib/ruby/gems/2.5.0/gems/activestorage-5.2.3/app/assets/javascripts
  /home/kchhak/.rbenv/versions/2.5.1/lib/ruby/gems/2.5.0/gems/actionview-5.2.3/lib/assets/compiled
  /home/kchhak/Documents/AA-Classwork/W13D4/todo-app/node_modules:
  app/views/layouts/application.html.erb:9:in `_app_views_layouts_application_html_erb__3539627073682164523_70172262723980'

Started POST "/__better_errors/aa53ae034d957b78/variables" for ::1 at 2019-09-26 14:00:33 -0700
Started GET "/" for ::1 at 2019-09-26 14:01:08 -0700
Processing by StaticPagesController#root as HTML
  Rendering static_pages/root.html.erb within layouts/application
  Rendered static_pages/root.html.erb within layouts/application (0.6ms)
Completed 500 Internal Server Error in 12ms (ActiveRecord: 0.0ms)



Sprockets::FileNotFound - couldn't find file 'jquery' with type 'application/javascript'
Checked in these paths: 
  /home/kchhak/Documents/AA-Classwork/W13D4/todo-app/app/assets/config
  /home/kchhak/Documents/AA-Classwork/W13D4/todo-app/app/assets/images
  /home/kchhak/Documents/AA-Classwork/W13D4/todo-app/app/assets/javascripts
  /home/kchhak/Documents/AA-Classwork/W13D4/todo-app/app/assets/stylesheets
  /home/kchhak/.rbenv/versions/2.5.1/lib/ruby/gems/2.5.0/gems/coffee-rails-4.2.2/lib/assets/javascripts
  /home/kchhak/.rbenv/versions/2.5.1/lib/ruby/gems/2.5.0/gems/actioncable-5.2.3/lib/assets/compiled
  /home/kchhak/.rbenv/versions/2.5.1/lib/ruby/gems/2.5.0/gems/activestorage-5.2.3/app/assets/javascripts
  /home/kchhak/.rbenv/versions/2.5.1/lib/ruby/gems/2.5.0/gems/actionview-5.2.3/lib/assets/compiled
  /home/kchhak/Documents/AA-Classwork/W13D4/todo-app/node_modules:
  app/views/layouts/application.html.erb:9:in `_app_views_layouts_application_html_erb__3539627073682164523_47074638953680'

Started POST "/__better_errors/7537b72c2cb428cb/variables" for ::1 at 2019-09-26 14:01:08 -0700
Started GET "/" for ::1 at 2019-09-26 14:01:09 -0700
Processing by StaticPagesController#root as HTML
  Rendering static_pages/root.html.erb within layouts/application
  Rendered static_pages/root.html.erb within layouts/application (0.8ms)
Completed 500 Internal Server Error in 9ms (ActiveRecord: 0.0ms)



Sprockets::FileNotFound - couldn't find file 'jquery' with type 'application/javascript'
Checked in these paths: 
  /home/kchhak/Documents/AA-Classwork/W13D4/todo-app/app/assets/config
  /home/kchhak/Documents/AA-Classwork/W13D4/todo-app/app/assets/images
  /home/kchhak/Documents/AA-Classwork/W13D4/todo-app/app/assets/javascripts
  /home/kchhak/Documents/AA-Classwork/W13D4/todo-app/app/assets/stylesheets
  /home/kchhak/.rbenv/versions/2.5.1/lib/ruby/gems/2.5.0/gems/coffee-rails-4.2.2/lib/assets/javascripts
  /home/kchhak/.rbenv/versions/2.5.1/lib/ruby/gems/2.5.0/gems/actioncable-5.2.3/lib/assets/compiled
  /home/kchhak/.rbenv/versions/2.5.1/lib/ruby/gems/2.5.0/gems/activestorage-5.2.3/app/assets/javascripts
  /home/kchhak/.rbenv/versions/2.5.1/lib/ruby/gems/2.5.0/gems/actionview-5.2.3/lib/assets/compiled
  /home/kchhak/Documents/AA-Classwork/W13D4/todo-app/node_modules:
  app/views/layouts/application.html.erb:9:in `_app_views_layouts_application_html_erb__3539627073682164523_70172256740940'

Started POST "/__better_errors/18c28decaafeb3dd/variables" for ::1 at 2019-09-26 14:01:09 -0700
Started GET "/" for ::1 at 2019-09-26 14:04:10 -0700
Processing by StaticPagesController#root as HTML
  Rendering static_pages/root.html.erb within layouts/application
  Rendered static_pages/root.html.erb within layouts/application (0.2ms)
Completed 200 OK in 3ms (Views: 2.4ms | ActiveRecord: 0.0ms)


Started GET "/" for ::1 at 2019-09-26 14:04:10 -0700
Processing by StaticPagesController#root as HTML
  Rendering static_pages/root.html.erb within layouts/application
  Rendered static_pages/root.html.erb within layouts/application (0.5ms)
Completed 200 OK in 5ms (Views: 3.3ms | ActiveRecord: 0.0ms)


Started GET "/" for ::1 at 2019-09-26 14:05:47 -0700
Processing by StaticPagesController#root as HTML
  Rendering static_pages/root.html.erb within layouts/application
  Rendered static_pages/root.html.erb within layouts/application (0.3ms)
Completed 200 OK in 3ms (Views: 2.0ms | ActiveRecord: 0.0ms)


Started GET "/" for ::1 at 2019-09-26 14:05:47 -0700
Processing by StaticPagesController#root as HTML
  Rendering static_pages/root.html.erb within layouts/application
  Rendered static_pages/root.html.erb within layouts/application (0.9ms)
Completed 200 OK in 5ms (Views: 4.4ms | ActiveRecord: 0.0ms)


Started GET "/" for ::1 at 2019-09-26 14:09:54 -0700
  [1m[35m (2.0ms)[0m  [1m[34mSELECT "schema_migrations"."version" FROM "schema_migrations" ORDER BY "schema_migrations"."version" ASC[0m
  ↳ /home/kchhak/.rbenv/versions/2.5.1/lib/ruby/gems/2.5.0/gems/activerecord-5.2.3/lib/active_record/log_subscriber.rb:98
Processing by StaticPagesController#root as HTML
  Rendering static_pages/root.html.erb within layouts/application
  Rendered static_pages/root.html.erb within layouts/application (1.7ms)
Completed 200 OK in 392ms (Views: 390.7ms | ActiveRecord: 0.0ms)


Started GET "/api/todos" for ::1 at 2019-09-26 14:10:14 -0700

LoadError - Unable to autoload constant Api::TodosController, expected /home/kchhak/Documents/AA-Classwork/W13D4/todo-app/app/controllers/api/todos_controller.rb to define it:

Started GET "/" for ::1 at 2019-09-26 14:11:00 -0700
Processing by StaticPagesController#root as HTML
  Rendering static_pages/root.html.erb within layouts/application
  Rendered static_pages/root.html.erb within layouts/application (0.3ms)
Completed 200 OK in 39ms (Views: 37.9ms | ActiveRecord: 0.0ms)


Started GET "/api/todos" for ::1 at 2019-09-26 14:11:04 -0700
Processing by Api::TodosController#index as JSON
  [1m[36mTodo Load (0.4ms)[0m  [1m[34mSELECT "todos".* FROM "todos"[0m
  ↳ app/controllers/api/todos_controller.rb:4
Completed 200 OK in 33ms (Views: 24.6ms | ActiveRecord: 4.8ms)


Started GET "/" for ::1 at 2019-09-26 14:17:42 -0700
Processing by StaticPagesController#root as HTML
  Rendering static_pages/root.html.erb within layouts/application
  Rendered static_pages/root.html.erb within layouts/application (1.7ms)
Completed 200 OK in 329ms (Views: 328.0ms | ActiveRecord: 0.0ms)


Started GET "/" for ::1 at 2019-09-26 14:19:49 -0700
Processing by StaticPagesController#root as HTML
  Rendering static_pages/root.html.erb within layouts/application
  Rendered static_pages/root.html.erb within layouts/application (0.3ms)
Completed 200 OK in 304ms (Views: 303.4ms | ActiveRecord: 0.0ms)


Started GET "/" for ::1 at 2019-09-26 14:20:06 -0700
Processing by StaticPagesController#root as HTML
  Rendering static_pages/root.html.erb within layouts/application
  Rendered static_pages/root.html.erb within layouts/application (1.1ms)
Completed 200 OK in 23ms (Views: 22.6ms | ActiveRecord: 0.0ms)


Started GET "/" for ::1 at 2019-09-26 14:20:07 -0700
Processing by StaticPagesController#root as HTML
  Rendering static_pages/root.html.erb within layouts/application
  Rendered static_pages/root.html.erb within layouts/application (0.5ms)
Completed 200 OK in 15ms (Views: 14.3ms | ActiveRecord: 0.0ms)


Started GET "/" for ::1 at 2019-09-26 14:20:14 -0700
Processing by StaticPagesController#root as HTML
  Rendering static_pages/root.html.erb within layouts/application
  Rendered static_pages/root.html.erb within layouts/application (0.4ms)
Completed 200 OK in 314ms (Views: 312.0ms | ActiveRecord: 0.0ms)


Started GET "/" for ::1 at 2019-09-26 14:25:07 -0700
Processing by StaticPagesController#root as HTML
  Rendering static_pages/root.html.erb within layouts/application
  Rendered static_pages/root.html.erb within layouts/application (0.7ms)
Completed 200 OK in 17ms (Views: 16.3ms | ActiveRecord: 0.0ms)


Started GET "/" for ::1 at 2019-09-26 14:25:08 -0700
Processing by StaticPagesController#root as HTML
  Rendering static_pages/root.html.erb within layouts/application
  Rendered static_pages/root.html.erb within layouts/application (1.0ms)
Completed 200 OK in 25ms (Views: 22.9ms | ActiveRecord: 0.0ms)


Started GET "/" for ::1 at 2019-09-26 14:25:15 -0700
Processing by StaticPagesController#root as HTML
  Rendering static_pages/root.html.erb within layouts/application
  Rendered static_pages/root.html.erb within layouts/application (0.2ms)
Completed 200 OK in 16ms (Views: 15.3ms | ActiveRecord: 0.0ms)


Started GET "/" for ::1 at 2019-09-26 14:25:16 -0700
Processing by StaticPagesController#root as HTML
  Rendering static_pages/root.html.erb within layouts/application
  Rendered static_pages/root.html.erb within layouts/application (0.2ms)
Completed 200 OK in 19ms (Views: 18.6ms | ActiveRecord: 0.0ms)


Started GET "/" for ::1 at 2019-09-26 14:26:14 -0700
Processing by StaticPagesController#root as HTML
  Rendering static_pages/root.html.erb within layouts/application
  Rendered static_pages/root.html.erb within layouts/application (0.5ms)
Completed 200 OK in 27ms (Views: 25.8ms | ActiveRecord: 0.0ms)


Started GET "/" for ::1 at 2019-09-26 14:26:15 -0700
Processing by StaticPagesController#root as HTML
  Rendering static_pages/root.html.erb within layouts/application
  Rendered static_pages/root.html.erb within layouts/application (0.6ms)
Completed 200 OK in 39ms (Views: 38.0ms | ActiveRecord: 0.0ms)


Started GET "/" for ::1 at 2019-09-26 14:26:44 -0700
Processing by StaticPagesController#root as HTML
  Rendering static_pages/root.html.erb within layouts/application
  Rendered static_pages/root.html.erb within layouts/application (0.5ms)
Completed 200 OK in 25ms (Views: 24.4ms | ActiveRecord: 0.0ms)


Started GET "/" for ::1 at 2019-09-26 14:26:45 -0700
Processing by StaticPagesController#root as HTML
  Rendering static_pages/root.html.erb within layouts/application
  Rendered static_pages/root.html.erb within layouts/application (2.3ms)
Completed 200 OK in 32ms (Views: 31.0ms | ActiveRecord: 0.0ms)


Started GET "/api/todos" for ::1 at 2019-09-26 14:27:14 -0700
Processing by Api::TodosController#index as JSON
  [1m[36mTodo Load (0.6ms)[0m  [1m[34mSELECT "todos".* FROM "todos"[0m
  ↳ app/controllers/api/todos_controller.rb:4
Completed 200 OK in 3ms (Views: 1.7ms | ActiveRecord: 0.6ms)


Started GET "/" for ::1 at 2019-09-26 14:27:37 -0700
Processing by StaticPagesController#root as HTML
  Rendering static_pages/root.html.erb within layouts/application
  Rendered static_pages/root.html.erb within layouts/application (1.7ms)
Completed 200 OK in 15ms (Views: 14.2ms | ActiveRecord: 0.0ms)


Started GET "/" for ::1 at 2019-09-26 14:27:48 -0700
Processing by StaticPagesController#root as HTML
  Rendering static_pages/root.html.erb within layouts/application
  Rendered static_pages/root.html.erb within layouts/application (0.4ms)
Completed 200 OK in 16ms (Views: 14.6ms | ActiveRecord: 0.0ms)


Started GET "/" for ::1 at 2019-09-26 14:27:49 -0700
Processing by StaticPagesController#root as HTML
  Rendering static_pages/root.html.erb within layouts/application
  Rendered static_pages/root.html.erb within layouts/application (0.4ms)
Completed 200 OK in 22ms (Views: 21.2ms | ActiveRecord: 0.0ms)


Started GET "/" for ::1 at 2019-09-26 14:32:37 -0700
Processing by StaticPagesController#root as HTML
  Rendering static_pages/root.html.erb within layouts/application
  Rendered static_pages/root.html.erb within layouts/application (0.5ms)
Completed 200 OK in 16ms (Views: 15.7ms | ActiveRecord: 0.0ms)


Started PATCH "/api/todos/5" for ::1 at 2019-09-26 14:32:52 -0700
Processing by Api::TodosController#update as JSON
  Parameters: {"title"=>"aoeu", "body"=>"aouaue", "done"=>false, "id"=>"5", "todo"=>{"title"=>"aoeu", "body"=>"aouaue", "done"=>false}}
  [1m[36mTodo Load (0.3ms)[0m  [1m[34mSELECT  "todos".* FROM "todos" WHERE "todos"."id" = $1 LIMIT $2[0m  [["id", 5], ["LIMIT", 1]]
  ↳ app/controllers/api/todos_controller.rb:21
Completed 404 Not Found in 27ms (ActiveRecord: 0.6ms)



ActiveRecord::RecordNotFound - Couldn't find Todo with 'id'=5:
  app/controllers/api/todos_controller.rb:21:in `update'

Started PATCH "/api/todos" for ::1 at 2019-09-26 14:33:04 -0700
  
ActionController::RoutingError (No route matches [PATCH] "/api/todos"):
  
actionpack (5.2.3) lib/action_dispatch/middleware/debug_exceptions.rb:65:in `call'
web-console (3.7.0) lib/web_console/middleware.rb:135:in `call_app'
web-console (3.7.0) lib/web_console/middleware.rb:30:in `block in call'
web-console (3.7.0) lib/web_console/middleware.rb:20:in `catch'
web-console (3.7.0) lib/web_console/middleware.rb:20:in `call'
actionpack (5.2.3) lib/action_dispatch/middleware/show_exceptions.rb:33:in `call'
railties (5.2.3) lib/rails/rack/logger.rb:38:in `call_app'
railties (5.2.3) lib/rails/rack/logger.rb:26:in `block in call'
activesupport (5.2.3) lib/active_support/tagged_logging.rb:71:in `block in tagged'
activesupport (5.2.3) lib/active_support/tagged_logging.rb:28:in `tagged'
activesupport (5.2.3) lib/active_support/tagged_logging.rb:71:in `tagged'
railties (5.2.3) lib/rails/rack/logger.rb:26:in `call'
sprockets-rails (3.2.1) lib/sprockets/rails/quiet_assets.rb:13:in `call'
actionpack (5.2.3) lib/action_dispatch/middleware/remote_ip.rb:81:in `call'
actionpack (5.2.3) lib/action_dispatch/middleware/request_id.rb:27:in `call'
rack (2.0.7) lib/rack/method_override.rb:22:in `call'
rack (2.0.7) lib/rack/runtime.rb:22:in `call'
activesupport (5.2.3) lib/active_support/cache/strategy/local_cache_middleware.rb:29:in `call'
actionpack (5.2.3) lib/action_dispatch/middleware/executor.rb:14:in `call'
actionpack (5.2.3) lib/action_dispatch/middleware/static.rb:127:in `call'
rack (2.0.7) lib/rack/sendfile.rb:111:in `call'
railties (5.2.3) lib/rails/engine.rb:524:in `call'
puma (3.12.1) lib/puma/configuration.rb:227:in `call'
puma (3.12.1) lib/puma/server.rb:660:in `handle_request'
puma (3.12.1) lib/puma/server.rb:474:in `process_client'
puma (3.12.1) lib/puma/server.rb:334:in `block in run'
puma (3.12.1) lib/puma/thread_pool.rb:135:in `block in spawn_thread'
Started GET "/api/todos" for ::1 at 2019-09-26 14:33:15 -0700
Processing by Api::TodosController#index as JSON
  [1m[36mTodo Load (0.3ms)[0m  [1m[34mSELECT "todos".* FROM "todos"[0m
  ↳ app/controllers/api/todos_controller.rb:4
Completed 200 OK in 2ms (Views: 1.1ms | ActiveRecord: 0.3ms)


Started GET "/api/todos" for ::1 at 2019-09-26 14:33:34 -0700
Processing by Api::TodosController#index as JSON
  [1m[36mTodo Load (0.6ms)[0m  [1m[34mSELECT "todos".* FROM "todos"[0m
  ↳ app/controllers/api/todos_controller.rb:4
Completed 200 OK in 4ms (Views: 2.6ms | ActiveRecord: 0.6ms)


Started GET "/api/todos" for ::1 at 2019-09-26 14:34:43 -0700
Processing by Api::TodosController#index as JSON
  [1m[36mTodo Load (0.2ms)[0m  [1m[34mSELECT "todos".* FROM "todos"[0m
  ↳ app/controllers/api/todos_controller.rb:4
Completed 200 OK in 2ms (Views: 1.6ms | ActiveRecord: 0.2ms)


Started GET "/" for ::1 at 2019-09-26 14:40:49 -0700
Processing by StaticPagesController#root as HTML
  Rendering static_pages/root.html.erb within layouts/application
  Rendered static_pages/root.html.erb within layouts/application (0.3ms)
Completed 200 OK in 322ms (Views: 321.4ms | ActiveRecord: 0.0ms)


Started GET "/" for ::1 at 2019-09-26 14:48:37 -0700
Processing by StaticPagesController#root as HTML
  Rendering static_pages/root.html.erb within layouts/application
  Rendered static_pages/root.html.erb within layouts/application (0.7ms)
Completed 200 OK in 342ms (Views: 340.1ms | ActiveRecord: 0.0ms)


Started GET "/api/todos" for ::1 at 2019-09-26 14:48:40 -0700
Processing by Api::TodosController#index as JSON
  [1m[36mTodo Load (0.5ms)[0m  [1m[34mSELECT "todos".* FROM "todos"[0m
  ↳ app/controllers/api/todos_controller.rb:4
Completed 200 OK in 2ms (Views: 1.6ms | ActiveRecord: 0.5ms)


Started GET "/" for ::1 at 2019-09-26 14:48:58 -0700
Processing by StaticPagesController#root as HTML
  Rendering static_pages/root.html.erb within layouts/application
  Rendered static_pages/root.html.erb within layouts/application (0.7ms)
Completed 200 OK in 24ms (Views: 22.8ms | ActiveRecord: 0.0ms)


  [1m[35m (1.3ms)[0m  [1m[34mSELECT "schema_migrations"."version" FROM "schema_migrations" ORDER BY "schema_migrations"."version" ASC[0m
  ↳ bin/rails:9
  [1m[35m (1.0ms)[0m  [1m[34mSELECT "ar_internal_metadata"."value" FROM "ar_internal_metadata" WHERE "ar_internal_metadata"."key" = $1[0m  [["key", "environment"]]
  ↳ bin/rails:9
  [1m[35m (0.7ms)[0m  [1m[34mSELECT "schema_migrations"."version" FROM "schema_migrations" ORDER BY "schema_migrations"."version" ASC[0m
  ↳ bin/rails:9
  [1m[35m (0.7ms)[0m  [1m[34mSELECT "ar_internal_metadata"."value" FROM "ar_internal_metadata" WHERE "ar_internal_metadata"."key" = $1[0m  [["key", "environment"]]
  ↳ bin/rails:9
  [1m[35m (0.2ms)[0m  [1m[34mSELECT "schema_migrations"."version" FROM "schema_migrations" ORDER BY "schema_migrations"."version" ASC[0m
  ↳ bin/rails:9
  [1m[35m (0.2ms)[0m  [1m[34mSELECT "ar_internal_metadata"."value" FROM "ar_internal_metadata" WHERE "ar_internal_metadata"."key" = $1[0m  [["key", "environment"]]
  ↳ bin/rails:9
  [1m[35m (405.8ms)[0m  [1m[35mDROP DATABASE IF EXISTS "todo-app_development"[0m
  ↳ bin/rails:9
  [1m[35m (324.3ms)[0m  [1m[35mDROP DATABASE IF EXISTS "todo-app_test"[0m
  ↳ bin/rails:9
  [1m[35m (796.5ms)[0m  [1m[35mCREATE DATABASE "todo-app_development" ENCODING = 'unicode'[0m
  ↳ bin/rails:9
  [1m[35m (1182.4ms)[0m  [1m[35mCREATE DATABASE "todo-app_test" ENCODING = 'unicode'[0m
  ↳ bin/rails:9
  [1m[35m (89.7ms)[0m  [1m[35mCREATE TABLE "schema_migrations" ("version" character varying NOT NULL PRIMARY KEY)[0m
  ↳ bin/rails:9
  [1m[35m (103.0ms)[0m  [1m[35mCREATE TABLE "ar_internal_metadata" ("key" character varying NOT NULL PRIMARY KEY, "value" character varying, "created_at" timestamp NOT NULL, "updated_at" timestamp NOT NULL)[0m
  ↳ bin/rails:9
  [1m[35m (0.2ms)[0m  [1m[34mSELECT pg_try_advisory_lock(6045193684340616750)[0m
  ↳ bin/rails:9
  [1m[35m (0.5ms)[0m  [1m[34mSELECT "schema_migrations"."version" FROM "schema_migrations" ORDER BY "schema_migrations"."version" ASC[0m
  ↳ bin/rails:9
Migrating to CreateTodos (20190926204718)
  [1m[35m (0.2ms)[0m  [1m[35mBEGIN[0m
  ↳ bin/rails:9
  [1m[35m (87.6ms)[0m  [1m[35mCREATE TABLE "todos" ("id" bigserial primary key, "title" character varying NOT NULL, "body" character varying NOT NULL, "done" boolean DEFAULT FALSE, "created_at" timestamp NOT NULL, "updated_at" timestamp NOT NULL)[0m
  ↳ db/migrate/20190926204718_create_todos.rb:3
  [1m[36mActiveRecord::SchemaMigration Create (0.7ms)[0m  [1m[32mINSERT INTO "schema_migrations" ("version") VALUES ($1) RETURNING "version"[0m  [["version", "20190926204718"]]
  ↳ bin/rails:9
  [1m[35m (11.8ms)[0m  [1m[35mCOMMIT[0m
  ↳ bin/rails:9
  [1m[36mActiveRecord::InternalMetadata Load (1.8ms)[0m  [1m[34mSELECT  "ar_internal_metadata".* FROM "ar_internal_metadata" WHERE "ar_internal_metadata"."key" = $1 LIMIT $2[0m  [["key", "environment"], ["LIMIT", 1]]
  ↳ bin/rails:9
  [1m[35m (0.3ms)[0m  [1m[35mBEGIN[0m
  ↳ bin/rails:9
  [1m[36mActiveRecord::InternalMetadata Create (1.0ms)[0m  [1m[32mINSERT INTO "ar_internal_metadata" ("key", "value", "created_at", "updated_at") VALUES ($1, $2, $3, $4) RETURNING "key"[0m  [["key", "environment"], ["value", "development"], ["created_at", "2019-09-26 21:49:59.564939"], ["updated_at", "2019-09-26 21:49:59.564939"]]
  ↳ bin/rails:9
  [1m[35m (6.3ms)[0m  [1m[35mCOMMIT[0m
  ↳ bin/rails:9
  [1m[35m (0.3ms)[0m  [1m[34mSELECT pg_advisory_unlock(6045193684340616750)[0m
  ↳ bin/rails:9
  [1m[35m (0.2ms)[0m  [1m[34mSELECT "schema_migrations"."version" FROM "schema_migrations" ORDER BY "schema_migrations"."version" ASC[0m
  ↳ bin/rails:9
  [1m[35m (0.4ms)[0m  [1m[34mSELECT "schema_migrations"."version" FROM "schema_migrations" ORDER BY "schema_migrations"."version" ASC[0m
  ↳ bin/rails:9
  [1m[35m (0.3ms)[0m  [1m[35mBEGIN[0m
  ↳ db/seeds.rb:9
  [1m[36mTodo Create (1.2ms)[0m  [1m[32mINSERT INTO "todos" ("title", "body", "created_at", "updated_at") VALUES ($1, $2, $3, $4) RETURNING "id"[0m  [["title", "HELP IM ALIVE"], ["body", "MY HEART KEEPS BEATING LIKE A HAMMER"], ["created_at", "2019-09-26 21:50:12.390799"], ["updated_at", "2019-09-26 21:50:12.390799"]]
  ↳ db/seeds.rb:9
  [1m[35m (20.9ms)[0m  [1m[35mCOMMIT[0m
  ↳ db/seeds.rb:9
  [1m[35m (0.2ms)[0m  [1m[35mBEGIN[0m
  ↳ db/seeds.rb:9
  [1m[36mTodo Create (0.3ms)[0m  [1m[32mINSERT INTO "todos" ("title", "body", "created_at", "updated_at") VALUES ($1, $2, $3, $4) RETURNING "id"[0m  [["title", "first things first"], ["body", "I was wearing a dress and it was blue"], ["created_at", "2019-09-26 21:50:12.415862"], ["updated_at", "2019-09-26 21:50:12.415862"]]
  ↳ db/seeds.rb:9
  [1m[35m (9.5ms)[0m  [1m[35mCOMMIT[0m
  ↳ db/seeds.rb:9
  [1m[35m (0.3ms)[0m  [1m[35mBEGIN[0m
  ↳ db/seeds.rb:9
  [1m[36mTodo Create (0.5ms)[0m  [1m[32mINSERT INTO "todos" ("title", "body", "created_at", "updated_at") VALUES ($1, $2, $3, $4) RETURNING "id"[0m  [["title", "shake me down"], ["body", "not a lot of people left around"], ["created_at", "2019-09-26 21:50:12.427952"], ["updated_at", "2019-09-26 21:50:12.427952"]]
  ↳ db/seeds.rb:9
  [1m[35m (7.7ms)[0m  [1m[35mCOMMIT[0m
  ↳ db/seeds.rb:9
Started GET "/api/todos" for ::1 at 2019-09-26 14:50:21 -0700
  [1m[35m (0.6ms)[0m  [1m[34mSELECT "schema_migrations"."version" FROM "schema_migrations" ORDER BY "schema_migrations"."version" ASC[0m
  ↳ /home/kchhak/.rbenv/versions/2.5.1/lib/ruby/gems/2.5.0/gems/activerecord-5.2.3/lib/active_record/log_subscriber.rb:98
Processing by Api::TodosController#index as JSON
  [1m[36mTodo Load (0.4ms)[0m  [1m[34mSELECT "todos".* FROM "todos"[0m
  ↳ app/controllers/api/todos_controller.rb:4
Completed 200 OK in 22ms (Views: 17.4ms | ActiveRecord: 3.0ms)


Started GET "/" for ::1 at 2019-09-26 15:03:02 -0700
Processing by StaticPagesController#root as HTML
  Rendering static_pages/root.html.erb within layouts/application
  Rendered static_pages/root.html.erb within layouts/application (0.7ms)
Completed 200 OK in 1329ms (Views: 1327.8ms | ActiveRecord: 0.0ms)


Started GET "/api/todos" for ::1 at 2019-09-26 15:03:03 -0700
Processing by Api::TodosController#index as JSON
  [1m[36mTodo Load (0.7ms)[0m  [1m[34mSELECT "todos".* FROM "todos"[0m
  ↳ app/controllers/api/todos_controller.rb:4
Completed 200 OK in 7ms (Views: 6.0ms | ActiveRecord: 0.7ms)


Started GET "/" for ::1 at 2019-09-26 15:10:07 -0700
Processing by StaticPagesController#root as HTML
  Rendering static_pages/root.html.erb within layouts/application
  Rendered static_pages/root.html.erb within layouts/application (0.9ms)
Completed 200 OK in 352ms (Views: 350.1ms | ActiveRecord: 0.0ms)


Started GET "/api/todos" for ::1 at 2019-09-26 15:10:07 -0700
Processing by Api::TodosController#index as JSON
  [1m[36mTodo Load (0.8ms)[0m  [1m[34mSELECT "todos".* FROM "todos"[0m
  ↳ app/controllers/api/todos_controller.rb:4
Completed 200 OK in 6ms (Views: 3.6ms | ActiveRecord: 0.8ms)


Started GET "/" for ::1 at 2019-09-26 15:11:51 -0700
Processing by StaticPagesController#root as HTML
  Rendering static_pages/root.html.erb within layouts/application
  Rendered static_pages/root.html.erb within layouts/application (0.5ms)
Completed 200 OK in 351ms (Views: 349.1ms | ActiveRecord: 0.0ms)


Started GET "/api/todos" for ::1 at 2019-09-26 15:11:51 -0700
Processing by Api::TodosController#index as JSON
  [1m[36mTodo Load (1.7ms)[0m  [1m[34mSELECT "todos".* FROM "todos"[0m
  ↳ app/controllers/api/todos_controller.rb:4
Completed 200 OK in 4ms (Views: 1.8ms | ActiveRecord: 1.7ms)


Started GET "/" for ::1 at 2019-09-26 15:14:28 -0700
Processing by StaticPagesController#root as HTML
  Rendering static_pages/root.html.erb within layouts/application
  Rendered static_pages/root.html.erb within layouts/application (0.4ms)
Completed 200 OK in 431ms (Views: 430.2ms | ActiveRecord: 0.0ms)


Started GET "/" for ::1 at 2019-09-26 15:15:16 -0700
Processing by StaticPagesController#root as HTML
  Rendering static_pages/root.html.erb within layouts/application
  Rendered static_pages/root.html.erb within layouts/application (1.7ms)
Completed 200 OK in 380ms (Views: 378.8ms | ActiveRecord: 0.0ms)


Started GET "/api/todos" for ::1 at 2019-09-26 15:15:17 -0700
Processing by Api::TodosController#index as JSON
  [1m[36mTodo Load (0.3ms)[0m  [1m[34mSELECT "todos".* FROM "todos"[0m
  ↳ app/controllers/api/todos_controller.rb:4
Completed 200 OK in 2ms (Views: 1.7ms | ActiveRecord: 0.3ms)


Started GET "/" for ::1 at 2019-09-26 15:16:38 -0700
Processing by StaticPagesController#root as HTML
  Rendering static_pages/root.html.erb within layouts/application
  Rendered static_pages/root.html.erb within layouts/application (0.5ms)
Completed 200 OK in 338ms (Views: 335.6ms | ActiveRecord: 0.0ms)


Started GET "/api/todos" for ::1 at 2019-09-26 15:16:39 -0700
Processing by Api::TodosController#index as JSON
  [1m[36mTodo Load (0.4ms)[0m  [1m[34mSELECT "todos".* FROM "todos"[0m
  ↳ app/controllers/api/todos_controller.rb:4
Completed 200 OK in 2ms (Views: 1.7ms | ActiveRecord: 0.4ms)


Started GET "/" for ::1 at 2019-09-26 15:17:07 -0700
Processing by StaticPagesController#root as HTML
  Rendering static_pages/root.html.erb within layouts/application
  Rendered static_pages/root.html.erb within layouts/application (0.4ms)
Completed 200 OK in 25ms (Views: 24.6ms | ActiveRecord: 0.0ms)


Started GET "/api/todos" for ::1 at 2019-09-26 15:17:08 -0700
Processing by Api::TodosController#index as JSON
  [1m[36mTodo Load (0.4ms)[0m  [1m[34mSELECT "todos".* FROM "todos"[0m
  ↳ app/controllers/api/todos_controller.rb:4
Completed 200 OK in 3ms (Views: 2.8ms | ActiveRecord: 0.4ms)


Started GET "/" for ::1 at 2019-09-26 15:18:22 -0700
Processing by StaticPagesController#root as HTML
  Rendering static_pages/root.html.erb within layouts/application
  Rendered static_pages/root.html.erb within layouts/application (1.4ms)
Completed 200 OK in 343ms (Views: 342.1ms | ActiveRecord: 0.0ms)


Started GET "/api/todos" for ::1 at 2019-09-26 15:18:23 -0700
Processing by Api::TodosController#index as JSON
  [1m[36mTodo Load (0.7ms)[0m  [1m[34mSELECT "todos".* FROM "todos"[0m
  ↳ app/controllers/api/todos_controller.rb:4
Completed 200 OK in 3ms (Views: 2.2ms | ActiveRecord: 0.7ms)


Started GET "/" for ::1 at 2019-09-26 15:19:20 -0700
Processing by StaticPagesController#root as HTML
  Rendering static_pages/root.html.erb within layouts/application
  Rendered static_pages/root.html.erb within layouts/application (0.3ms)
Completed 200 OK in 415ms (Views: 414.5ms | ActiveRecord: 0.0ms)


Started GET "/api/todos" for ::1 at 2019-09-26 15:19:20 -0700
Processing by Api::TodosController#index as JSON
  [1m[36mTodo Load (0.3ms)[0m  [1m[34mSELECT "todos".* FROM "todos"[0m
  ↳ app/controllers/api/todos_controller.rb:4
Completed 200 OK in 4ms (Views: 3.1ms | ActiveRecord: 0.3ms)


Started GET "/" for ::1 at 2019-09-26 15:20:30 -0700
Processing by StaticPagesController#root as HTML
  Rendering static_pages/root.html.erb within layouts/application
  Rendered static_pages/root.html.erb within layouts/application (0.8ms)
Completed 200 OK in 26ms (Views: 24.9ms | ActiveRecord: 0.0ms)


Started GET "/api/todos" for ::1 at 2019-09-26 15:20:31 -0700
Processing by Api::TodosController#index as JSON
  [1m[36mTodo Load (0.6ms)[0m  [1m[34mSELECT "todos".* FROM "todos"[0m
  ↳ app/controllers/api/todos_controller.rb:4
Completed 200 OK in 3ms (Views: 2.1ms | ActiveRecord: 0.6ms)


Started GET "/" for ::1 at 2019-09-26 15:22:03 -0700
Processing by StaticPagesController#root as HTML
  Rendering static_pages/root.html.erb within layouts/application
  Rendered static_pages/root.html.erb within layouts/application (0.7ms)
Completed 200 OK in 21ms (Views: 20.9ms | ActiveRecord: 0.0ms)


Started GET "/api/todos" for ::1 at 2019-09-26 15:22:03 -0700
Processing by Api::TodosController#index as JSON
  [1m[36mTodo Load (0.5ms)[0m  [1m[34mSELECT "todos".* FROM "todos"[0m
  ↳ app/controllers/api/todos_controller.rb:4
Completed 200 OK in 3ms (Views: 2.1ms | ActiveRecord: 0.5ms)


Started GET "/" for ::1 at 2019-09-26 15:22:26 -0700
Processing by StaticPagesController#root as HTML
  Rendering static_pages/root.html.erb within layouts/application
  Rendered static_pages/root.html.erb within layouts/application (0.3ms)
Completed 200 OK in 408ms (Views: 406.3ms | ActiveRecord: 0.0ms)


Started GET "/api/todos" for ::1 at 2019-09-26 15:22:27 -0700
Processing by Api::TodosController#index as JSON
  [1m[36mTodo Load (0.4ms)[0m  [1m[34mSELECT "todos".* FROM "todos"[0m
  ↳ app/controllers/api/todos_controller.rb:4
Completed 200 OK in 2ms (Views: 1.5ms | ActiveRecord: 0.4ms)


Started GET "/" for ::1 at 2019-09-26 15:22:44 -0700
Processing by StaticPagesController#root as HTML
  Rendering static_pages/root.html.erb within layouts/application
  Rendered static_pages/root.html.erb within layouts/application (1.2ms)
Completed 200 OK in 335ms (Views: 332.5ms | ActiveRecord: 0.0ms)


Started GET "/api/todos" for ::1 at 2019-09-26 15:22:44 -0700
Processing by Api::TodosController#index as JSON
  [1m[36mTodo Load (0.3ms)[0m  [1m[34mSELECT "todos".* FROM "todos"[0m
  ↳ app/controllers/api/todos_controller.rb:4
Completed 200 OK in 2ms (Views: 1.7ms | ActiveRecord: 0.3ms)


Started GET "/" for ::1 at 2019-09-26 15:24:11 -0700
Processing by StaticPagesController#root as HTML
  Rendering static_pages/root.html.erb within layouts/application
  Rendered static_pages/root.html.erb within layouts/application (0.3ms)
Completed 200 OK in 18ms (Views: 17.3ms | ActiveRecord: 0.0ms)


Started GET "/api/todos" for ::1 at 2019-09-26 15:24:12 -0700
Processing by Api::TodosController#index as JSON
  [1m[36mTodo Load (1.3ms)[0m  [1m[34mSELECT "todos".* FROM "todos"[0m
  ↳ app/controllers/api/todos_controller.rb:4
Completed 200 OK in 3ms (Views: 1.6ms | ActiveRecord: 1.3ms)


Started GET "/" for ::1 at 2019-09-26 15:26:10 -0700
Processing by StaticPagesController#root as HTML
  Rendering static_pages/root.html.erb within layouts/application
  Rendered static_pages/root.html.erb within layouts/application (0.4ms)
Completed 200 OK in 338ms (Views: 337.0ms | ActiveRecord: 0.0ms)


Started GET "/api/todos" for ::1 at 2019-09-26 15:26:11 -0700
Processing by Api::TodosController#index as JSON
  [1m[36mTodo Load (0.3ms)[0m  [1m[34mSELECT "todos".* FROM "todos"[0m
  ↳ app/controllers/api/todos_controller.rb:4
Completed 200 OK in 4ms (Views: 3.8ms | ActiveRecord: 0.3ms)


Started POST "/api/todos" for ::1 at 2019-09-26 15:26:15 -0700
Processing by Api::TodosController#create as JSON
  Parameters: {"title"=>"pls", "body"=>"pls", "done"=>"false", "id"=>"1569536775251"}
Completed 400 Bad Request in 1ms (ActiveRecord: 0.0ms)



ActionController::ParameterMissing - param is missing or the value is empty: todo:
  app/controllers/api/todos_controller.rb:37:in `todo_params'
  app/controllers/api/todos_controller.rb:12:in `create'

Started POST "/api/todos" for ::1 at 2019-09-26 15:27:09 -0700
Processing by Api::TodosController#create as JSON
  Parameters: {"title"=>"pls", "body"=>"pls", "done"=>"false", "id"=>"1569536829497"}
Completed 400 Bad Request in 1ms (ActiveRecord: 0.0ms)



ActionController::ParameterMissing - param is missing or the value is empty: todo:
  app/controllers/api/todos_controller.rb:37:in `todo_params'
  app/controllers/api/todos_controller.rb:12:in `create'

Started GET "/" for ::1 at 2019-09-26 15:27:36 -0700
Processing by StaticPagesController#root as HTML
  Rendering static_pages/root.html.erb within layouts/application
  Rendered static_pages/root.html.erb within layouts/application (0.2ms)
Completed 200 OK in 328ms (Views: 327.7ms | ActiveRecord: 0.0ms)


Started GET "/api/todos" for ::1 at 2019-09-26 15:27:37 -0700
Processing by Api::TodosController#index as JSON
  [1m[36mTodo Load (0.5ms)[0m  [1m[34mSELECT "todos".* FROM "todos"[0m
  ↳ app/controllers/api/todos_controller.rb:4
Completed 200 OK in 3ms (Views: 2.5ms | ActiveRecord: 0.5ms)


Started POST "/api/todos" for ::1 at 2019-09-26 15:27:43 -0700
Processing by Api::TodosController#create as JSON
  Parameters: {"todo"=>{"title"=>"pls", "body"=>"work", "done"=>"false", "id"=>"1569536863592"}}
Unpermitted parameters: :done, :id
  [1m[35m (0.2ms)[0m  [1m[35mBEGIN[0m
  ↳ app/controllers/api/todos_controller.rb:13
  [1m[36mTodo Create (0.8ms)[0m  [1m[32mINSERT INTO "todos" ("title", "body", "created_at", "updated_at") VALUES ($1, $2, $3, $4) RETURNING "id"[0m  [["title", "pls"], ["body", "work"], ["created_at", "2019-09-26 22:27:43.598507"], ["updated_at", "2019-09-26 22:27:43.598507"]]
  ↳ app/controllers/api/todos_controller.rb:13
  [1m[35m (49.2ms)[0m  [1m[35mCOMMIT[0m
  ↳ app/controllers/api/todos_controller.rb:13
Completed 200 OK in 56ms (Views: 0.4ms | ActiveRecord: 50.1ms)


Started GET "/" for ::1 at 2019-09-26 15:29:07 -0700
Processing by StaticPagesController#root as HTML
  Rendering static_pages/root.html.erb within layouts/application
  Rendered static_pages/root.html.erb within layouts/application (0.3ms)
Completed 200 OK in 326ms (Views: 324.0ms | ActiveRecord: 0.0ms)


Started GET "/api/todos" for ::1 at 2019-09-26 15:29:07 -0700
Processing by Api::TodosController#index as JSON
  [1m[36mTodo Load (0.5ms)[0m  [1m[34mSELECT "todos".* FROM "todos"[0m
  ↳ app/controllers/api/todos_controller.rb:4
Completed 200 OK in 2ms (Views: 1.8ms | ActiveRecord: 0.5ms)


Started GET "/" for ::1 at 2019-09-26 15:30:59 -0700
Processing by StaticPagesController#root as HTML
  Rendering static_pages/root.html.erb within layouts/application
  Rendered static_pages/root.html.erb within layouts/application (0.4ms)
Completed 200 OK in 28ms (Views: 27.6ms | ActiveRecord: 0.0ms)


Started GET "/api/todos" for ::1 at 2019-09-26 15:30:59 -0700
Processing by Api::TodosController#index as JSON
  [1m[36mTodo Load (0.4ms)[0m  [1m[34mSELECT "todos".* FROM "todos"[0m
  ↳ app/controllers/api/todos_controller.rb:4
Completed 200 OK in 5ms (Views: 3.9ms | ActiveRecord: 0.4ms)


Started POST "/api/todos" for ::1 at 2019-09-26 15:31:07 -0700
Processing by Api::TodosController#create as JSON
  Parameters: {"todo"=>{"title"=>"what", "body"=>"now", "done"=>"false", "id"=>"1569537067065"}}
Unpermitted parameters: :done, :id
  [1m[35m (0.2ms)[0m  [1m[35mBEGIN[0m
  ↳ app/controllers/api/todos_controller.rb:13
  [1m[36mTodo Create (0.3ms)[0m  [1m[32mINSERT INTO "todos" ("title", "body", "created_at", "updated_at") VALUES ($1, $2, $3, $4) RETURNING "id"[0m  [["title", "what"], ["body", "now"], ["created_at", "2019-09-26 22:31:07.071528"], ["updated_at", "2019-09-26 22:31:07.071528"]]
  ↳ app/controllers/api/todos_controller.rb:13
  [1m[35m (55.4ms)[0m  [1m[35mCOMMIT[0m
  ↳ app/controllers/api/todos_controller.rb:13
Completed 200 OK in 62ms (Views: 0.9ms | ActiveRecord: 55.9ms)


Started GET "/" for ::1 at 2019-09-26 15:33:29 -0700
Processing by StaticPagesController#root as HTML
  Rendering static_pages/root.html.erb within layouts/application
  Rendered static_pages/root.html.erb within layouts/application (0.6ms)
Completed 200 OK in 344ms (Views: 343.2ms | ActiveRecord: 0.0ms)


Started GET "/api/todos" for ::1 at 2019-09-26 15:33:30 -0700
Processing by Api::TodosController#index as JSON
  [1m[36mTodo Load (1.0ms)[0m  [1m[34mSELECT "todos".* FROM "todos"[0m
  ↳ app/controllers/api/todos_controller.rb:4
Completed 200 OK in 4ms (Views: 2.3ms | ActiveRecord: 1.0ms)


Started POST "/api/todos" for ::1 at 2019-09-26 15:33:37 -0700
Processing by Api::TodosController#create as JSON
  Parameters: {"todo"=>{"title"=>"did that", "body"=>"work", "done"=>"false", "id"=>"1569537217634"}}
Unpermitted parameters: :done, :id
  [1m[35m (0.2ms)[0m  [1m[35mBEGIN[0m
  ↳ app/controllers/api/todos_controller.rb:13
  [1m[36mTodo Create (0.4ms)[0m  [1m[32mINSERT INTO "todos" ("title", "body", "created_at", "updated_at") VALUES ($1, $2, $3, $4) RETURNING "id"[0m  [["title", "did that"], ["body", "work"], ["created_at", "2019-09-26 22:33:37.641765"], ["updated_at", "2019-09-26 22:33:37.641765"]]
  ↳ app/controllers/api/todos_controller.rb:13
  [1m[35m (49.7ms)[0m  [1m[35mCOMMIT[0m
  ↳ app/controllers/api/todos_controller.rb:13
Completed 200 OK in 56ms (Views: 0.5ms | ActiveRecord: 50.3ms)


Started GET "/" for ::1 at 2019-09-26 15:37:19 -0700
Processing by StaticPagesController#root as HTML
  Rendering static_pages/root.html.erb within layouts/application
  Rendered static_pages/root.html.erb within layouts/application (1.0ms)
Completed 200 OK in 721ms (Views: 720.1ms | ActiveRecord: 0.0ms)


Started GET "/api/todos" for ::1 at 2019-09-26 15:37:20 -0700
Processing by Api::TodosController#index as JSON
  [1m[36mTodo Load (0.8ms)[0m  [1m[34mSELECT "todos".* FROM "todos"[0m
  ↳ app/controllers/api/todos_controller.rb:4
Completed 200 OK in 6ms (Views: 4.4ms | ActiveRecord: 0.8ms)


Started POST "/api/todos" for ::1 at 2019-09-26 15:37:27 -0700
Processing by Api::TodosController#create as JSON
  Parameters: {"todo"=>{"title"=>"testing", "body"=>"please", "done"=>"false", "id"=>"1569537447363"}}
Unpermitted parameters: :done, :id
  [1m[35m (0.3ms)[0m  [1m[35mBEGIN[0m
  ↳ app/controllers/api/todos_controller.rb:13
  [1m[36mTodo Create (0.8ms)[0m  [1m[32mINSERT INTO "todos" ("title", "body", "created_at", "updated_at") VALUES ($1, $2, $3, $4) RETURNING "id"[0m  [["title", "testing"], ["body", "please"], ["created_at", "2019-09-26 22:37:27.381388"], ["updated_at", "2019-09-26 22:37:27.381388"]]
  ↳ app/controllers/api/todos_controller.rb:13
  [1m[35m (52.4ms)[0m  [1m[35mCOMMIT[0m
  ↳ app/controllers/api/todos_controller.rb:13
Completed 200 OK in 62ms (Views: 0.6ms | ActiveRecord: 53.5ms)


Started GET "/" for ::1 at 2019-09-26 15:54:36 -0700
Processing by StaticPagesController#root as HTML
  Rendering static_pages/root.html.erb within layouts/application
  Rendered static_pages/root.html.erb within layouts/application (0.9ms)
Completed 200 OK in 358ms (Views: 356.5ms | ActiveRecord: 0.0ms)


Started GET "/api/todos" for ::1 at 2019-09-26 15:54:36 -0700
Processing by Api::TodosController#index as JSON
  [1m[36mTodo Load (1.9ms)[0m  [1m[34mSELECT "todos".* FROM "todos"[0m
  ↳ app/controllers/api/todos_controller.rb:4
Completed 200 OK in 5ms (Views: 3.1ms | ActiveRecord: 1.9ms)


Started POST "/api/todos" for ::1 at 2019-09-26 15:54:49 -0700
Processing by Api::TodosController#create as JSON
  Parameters: {"todo"=>{"title"=>"no", "body"=>"", "done"=>"false", "id"=>"1569538489017"}}
Unpermitted parameters: :done, :id
  [1m[35m (0.3ms)[0m  [1m[35mBEGIN[0m
  ↳ app/controllers/api/todos_controller.rb:13
  [1m[36mTodo Create (0.9ms)[0m  [1m[32mINSERT INTO "todos" ("title", "body", "created_at", "updated_at") VALUES ($1, $2, $3, $4) RETURNING "id"[0m  [["title", "no"], ["body", ""], ["created_at", "2019-09-26 22:54:49.025807"], ["updated_at", "2019-09-26 22:54:49.025807"]]
  ↳ app/controllers/api/todos_controller.rb:13
  [1m[35m (49.9ms)[0m  [1m[35mCOMMIT[0m
  ↳ app/controllers/api/todos_controller.rb:13
Completed 200 OK in 56ms (Views: 0.3ms | ActiveRecord: 51.1ms)


Started GET "/" for ::1 at 2019-09-26 15:56:58 -0700
Processing by StaticPagesController#root as HTML
  Rendering static_pages/root.html.erb within layouts/application
  Rendered static_pages/root.html.erb within layouts/application (0.3ms)
Completed 200 OK in 472ms (Views: 471.3ms | ActiveRecord: 0.0ms)


Started GET "/" for ::1 at 2019-09-26 15:57:12 -0700
Processing by StaticPagesController#root as HTML
  Rendering static_pages/root.html.erb within layouts/application
  Rendered static_pages/root.html.erb within layouts/application (1.4ms)
Completed 200 OK in 21ms (Views: 19.3ms | ActiveRecord: 0.0ms)


  [1m[36mTodo Load (0.3ms)[0m  [1m[34mSELECT "todos".* FROM "todos"[0m
Started GET "/" for ::1 at 2019-09-26 15:58:18 -0700
Processing by StaticPagesController#root as HTML
  Rendering static_pages/root.html.erb within layouts/application
  Rendered static_pages/root.html.erb within layouts/application (0.4ms)
Completed 200 OK in 20ms (Views: 18.9ms | ActiveRecord: 0.0ms)


  [1m[36mTodo Load (0.2ms)[0m  [1m[34mSELECT  "todos".* FROM "todos" ORDER BY "todos"."id" DESC LIMIT $1[0m  [["LIMIT", 1]]
  [1m[35m (0.1ms)[0m  [1m[35mBEGIN[0m
  [1m[36mTodo Destroy (0.3ms)[0m  [1m[31mDELETE FROM "todos" WHERE "todos"."id" = $1[0m  [["id", 8]]
  [1m[35m (32.9ms)[0m  [1m[35mCOMMIT[0m
  [1m[36mTodo Load (0.6ms)[0m  [1m[34mSELECT "todos".* FROM "todos"[0m
Started GET "/" for ::1 at 2019-09-26 16:00:22 -0700
Processing by StaticPagesController#root as HTML
  Rendering static_pages/root.html.erb within layouts/application
  Rendered static_pages/root.html.erb within layouts/application (0.5ms)
Completed 200 OK in 18ms (Views: 16.7ms | ActiveRecord: 0.0ms)


Started GET "/" for ::1 at 2019-09-26 16:00:31 -0700
Processing by StaticPagesController#root as HTML
  Rendering static_pages/root.html.erb within layouts/application
  Rendered static_pages/root.html.erb within layouts/application (1.5ms)
Completed 200 OK in 15ms (Views: 14.4ms | ActiveRecord: 0.0ms)


Started GET "/" for ::1 at 2019-09-26 16:00:50 -0700
Processing by StaticPagesController#root as HTML
  Rendering static_pages/root.html.erb within layouts/application
  Rendered static_pages/root.html.erb within layouts/application (0.3ms)
Completed 200 OK in 26ms (Views: 24.7ms | ActiveRecord: 0.0ms)


Started GET "/api/todos" for ::1 at 2019-09-26 16:00:50 -0700
Processing by Api::TodosController#index as JSON
  [1m[36mTodo Load (0.9ms)[0m  [1m[34mSELECT "todos".* FROM "todos"[0m
  ↳ app/controllers/api/todos_controller.rb:4
Completed 200 OK in 26ms (Views: 9.9ms | ActiveRecord: 5.8ms)


Started POST "/api/todos" for ::1 at 2019-09-26 16:00:59 -0700
Processing by Api::TodosController#create as JSON
  Parameters: {"todo"=>{"title"=>"error", "body"=>"now?", "done"=>"false", "id"=>"1569538859080"}}
Unpermitted parameters: :done, :id
  [1m[35m (0.5ms)[0m  [1m[35mBEGIN[0m
  ↳ app/controllers/api/todos_controller.rb:13
  [1m[36mTodo Create (19.7ms)[0m  [1m[32mINSERT INTO "todos" ("title", "body", "created_at", "updated_at") VALUES ($1, $2, $3, $4) RETURNING "id"[0m  [["title", "error"], ["body", "now?"], ["created_at", "2019-09-26 23:00:59.089914"], ["updated_at", "2019-09-26 23:00:59.089914"]]
  ↳ app/controllers/api/todos_controller.rb:13
  [1m[35m (38.9ms)[0m  [1m[35mCOMMIT[0m
  ↳ app/controllers/api/todos_controller.rb:13
Completed 200 OK in 65ms (Views: 0.4ms | ActiveRecord: 59.0ms)


Started GET "/" for ::1 at 2019-09-26 16:02:15 -0700
Processing by StaticPagesController#root as HTML
  Rendering static_pages/root.html.erb within layouts/application
  Rendered static_pages/root.html.erb within layouts/application (0.3ms)
Completed 200 OK in 386ms (Views: 385.0ms | ActiveRecord: 0.0ms)


Started GET "/" for ::1 at 2019-09-26 16:02:34 -0700
Processing by StaticPagesController#root as HTML
  Rendering static_pages/root.html.erb within layouts/application
  Rendered static_pages/root.html.erb within layouts/application (0.4ms)
Completed 200 OK in 368ms (Views: 365.2ms | ActiveRecord: 0.0ms)


Started GET "/api/todos" for ::1 at 2019-09-26 16:02:35 -0700
Processing by Api::TodosController#index as JSON
  [1m[36mTodo Load (0.5ms)[0m  [1m[34mSELECT "todos".* FROM "todos"[0m
  ↳ app/controllers/api/todos_controller.rb:4
Completed 200 OK in 3ms (Views: 1.9ms | ActiveRecord: 0.5ms)


Started POST "/api/todos" for ::1 at 2019-09-26 16:02:54 -0700
Processing by Api::TodosController#create as JSON
  Parameters: {"todo"=>{"title"=>"error now", "body"=>"", "done"=>"false", "id"=>"1569538974484"}}
Unpermitted parameters: :done, :id
  [1m[35m (0.2ms)[0m  [1m[35mBEGIN[0m
  ↳ app/controllers/api/todos_controller.rb:13
  [1m[35m (0.2ms)[0m  [1m[31mROLLBACK[0m
  ↳ app/controllers/api/todos_controller.rb:13
Completed 422 Unprocessable Entity in 213ms (Views: 0.3ms | ActiveRecord: 0.4ms)


Started GET "/" for ::1 at 2019-09-26 16:04:22 -0700
Processing by StaticPagesController#root as HTML
  Rendering static_pages/root.html.erb within layouts/application
  Rendered static_pages/root.html.erb within layouts/application (0.9ms)
Completed 200 OK in 404ms (Views: 401.9ms | ActiveRecord: 0.0ms)


Started GET "/api/todos" for ::1 at 2019-09-26 16:04:22 -0700
Processing by Api::TodosController#index as JSON
  [1m[36mTodo Load (0.4ms)[0m  [1m[34mSELECT "todos".* FROM "todos"[0m
  ↳ app/controllers/api/todos_controller.rb:4
Completed 200 OK in 8ms (Views: 6.7ms | ActiveRecord: 0.4ms)


Started POST "/api/todos" for ::1 at 2019-09-26 16:04:28 -0700
Processing by Api::TodosController#create as JSON
  Parameters: {"todo"=>{"title"=>"error", "body"=>"", "done"=>"false", "id"=>"1569539068439"}}
Unpermitted parameters: :done, :id
  [1m[35m (0.3ms)[0m  [1m[35mBEGIN[0m
  ↳ app/controllers/api/todos_controller.rb:13
  [1m[35m (0.1ms)[0m  [1m[31mROLLBACK[0m
  ↳ app/controllers/api/todos_controller.rb:13
Completed 422 Unprocessable Entity in 5ms (Views: 0.1ms | ActiveRecord: 0.4ms)


Started GET "/" for ::1 at 2019-09-26 16:06:43 -0700
Processing by StaticPagesController#root as HTML
  Rendering static_pages/root.html.erb within layouts/application
  Rendered static_pages/root.html.erb within layouts/application (0.3ms)
Completed 200 OK in 418ms (Views: 417.0ms | ActiveRecord: 0.0ms)


Started GET "/" for ::1 at 2019-09-26 16:07:21 -0700
Processing by StaticPagesController#root as HTML
  Rendering static_pages/root.html.erb within layouts/application
  Rendered static_pages/root.html.erb within layouts/application (1.2ms)
Completed 200 OK in 364ms (Views: 362.9ms | ActiveRecord: 0.0ms)


Started GET "/" for ::1 at 2019-09-26 16:07:34 -0700
Processing by StaticPagesController#root as HTML
  Rendering static_pages/root.html.erb within layouts/application
  Rendered static_pages/root.html.erb within layouts/application (0.2ms)
Completed 200 OK in 483ms (Views: 482.3ms | ActiveRecord: 0.0ms)


Started GET "/api/todos" for ::1 at 2019-09-26 16:07:34 -0700
Processing by Api::TodosController#index as JSON
  [1m[36mTodo Load (0.3ms)[0m  [1m[34mSELECT "todos".* FROM "todos"[0m
  ↳ app/controllers/api/todos_controller.rb:4
Completed 200 OK in 2ms (Views: 1.6ms | ActiveRecord: 0.3ms)


Started POST "/api/todos" for ::1 at 2019-09-26 16:07:41 -0700
Processing by Api::TodosController#create as JSON
  Parameters: {"todo"=>{"title"=>"why", "body"=>"", "done"=>"false", "id"=>"1569539261805"}}
Unpermitted parameters: :done, :id
  [1m[35m (0.3ms)[0m  [1m[35mBEGIN[0m
  ↳ app/controllers/api/todos_controller.rb:13
  [1m[35m (0.1ms)[0m  [1m[31mROLLBACK[0m
  ↳ app/controllers/api/todos_controller.rb:13
Completed 422 Unprocessable Entity in 5ms (Views: 0.1ms | ActiveRecord: 0.4ms)


Started GET "/" for ::1 at 2019-09-26 16:07:58 -0700
Processing by StaticPagesController#root as HTML
  Rendering static_pages/root.html.erb within layouts/application
  Rendered static_pages/root.html.erb within layouts/application (0.4ms)
Completed 200 OK in 396ms (Views: 395.8ms | ActiveRecord: 0.0ms)


Started GET "/api/todos" for ::1 at 2019-09-26 16:07:58 -0700
Processing by Api::TodosController#index as JSON
  [1m[36mTodo Load (1.4ms)[0m  [1m[34mSELECT "todos".* FROM "todos"[0m
  ↳ app/controllers/api/todos_controller.rb:4
Completed 200 OK in 8ms (Views: 5.6ms | ActiveRecord: 1.4ms)


Started POST "/api/todos" for ::1 at 2019-09-26 16:08:02 -0700
Processing by Api::TodosController#create as JSON
  Parameters: {"todo"=>{"title"=>"why", "body"=>"", "done"=>"false", "id"=>"1569539282644"}}
Unpermitted parameters: :done, :id
  [1m[35m (0.2ms)[0m  [1m[35mBEGIN[0m
  ↳ app/controllers/api/todos_controller.rb:13
  [1m[35m (0.2ms)[0m  [1m[31mROLLBACK[0m
  ↳ app/controllers/api/todos_controller.rb:13
Completed 422 Unprocessable Entity in 4ms (Views: 0.1ms | ActiveRecord: 0.4ms)


Started GET "/" for ::1 at 2019-09-26 16:08:24 -0700
Processing by StaticPagesController#root as HTML
  Rendering static_pages/root.html.erb within layouts/application
  Rendered static_pages/root.html.erb within layouts/application (0.3ms)
Completed 200 OK in 575ms (Views: 572.3ms | ActiveRecord: 0.0ms)


Started GET "/api/todos" for ::1 at 2019-09-26 16:08:25 -0700
Processing by Api::TodosController#index as JSON
  [1m[36mTodo Load (1.3ms)[0m  [1m[34mSELECT "todos".* FROM "todos"[0m
  ↳ app/controllers/api/todos_controller.rb:4
Completed 200 OK in 5ms (Views: 3.5ms | ActiveRecord: 1.3ms)


Started GET "/" for ::1 at 2019-09-26 16:09:07 -0700
Processing by StaticPagesController#root as HTML
  Rendering static_pages/root.html.erb within layouts/application
  Rendered static_pages/root.html.erb within layouts/application (0.5ms)
Completed 200 OK in 359ms (Views: 358.1ms | ActiveRecord: 0.0ms)


Started GET "/api/todos" for ::1 at 2019-09-26 16:09:08 -0700
Processing by Api::TodosController#index as JSON
  [1m[36mTodo Load (0.3ms)[0m  [1m[34mSELECT "todos".* FROM "todos"[0m
  ↳ app/controllers/api/todos_controller.rb:4
Completed 200 OK in 4ms (Views: 3.4ms | ActiveRecord: 0.3ms)


Started POST "/api/todos" for ::1 at 2019-09-26 16:16:03 -0700
Processing by Api::TodosController#create as JSON
  Parameters: {"todo"=>{"title"=>"does it go away", "body"=>"", "done"=>"false", "id"=>"1569539763984"}}
Unpermitted parameters: :done, :id
  [1m[35m (0.1ms)[0m  [1m[35mBEGIN[0m
  ↳ app/controllers/api/todos_controller.rb:13
  [1m[35m (0.1ms)[0m  [1m[31mROLLBACK[0m
  ↳ app/controllers/api/todos_controller.rb:13
Completed 422 Unprocessable Entity in 3ms (Views: 0.1ms | ActiveRecord: 0.2ms)


Started POST "/api/todos" for ::1 at 2019-09-26 16:16:08 -0700
Processing by Api::TodosController#create as JSON
  Parameters: {"todo"=>{"title"=>"does it go away", "body"=>"now", "done"=>"false", "id"=>"1569539768011"}}
Unpermitted parameters: :done, :id
  [1m[35m (0.2ms)[0m  [1m[35mBEGIN[0m
  ↳ app/controllers/api/todos_controller.rb:13
  [1m[36mTodo Create (0.5ms)[0m  [1m[32mINSERT INTO "todos" ("title", "body", "created_at", "updated_at") VALUES ($1, $2, $3, $4) RETURNING "id"[0m  [["title", "does it go away"], ["body", "now"], ["created_at", "2019-09-26 23:16:08.020414"], ["updated_at", "2019-09-26 23:16:08.020414"]]
  ↳ app/controllers/api/todos_controller.rb:13
  [1m[35m (15.2ms)[0m  [1m[35mCOMMIT[0m
  ↳ app/controllers/api/todos_controller.rb:13
Completed 200 OK in 21ms (Views: 1.2ms | ActiveRecord: 15.9ms)


Started GET "/" for ::1 at 2019-09-26 16:17:12 -0700
Processing by StaticPagesController#root as HTML
  Rendering static_pages/root.html.erb within layouts/application
  Rendered static_pages/root.html.erb within layouts/application (0.3ms)
Completed 200 OK in 352ms (Views: 350.3ms | ActiveRecord: 0.0ms)


Started GET "/api/todos" for ::1 at 2019-09-26 16:17:12 -0700
Processing by Api::TodosController#index as JSON
  [1m[36mTodo Load (0.3ms)[0m  [1m[34mSELECT "todos".* FROM "todos"[0m
  ↳ app/controllers/api/todos_controller.rb:4
Completed 200 OK in 2ms (Views: 1.8ms | ActiveRecord: 0.3ms)


Started POST "/api/todos" for ::1 at 2019-09-26 16:17:19 -0700
Processing by Api::TodosController#create as JSON
  Parameters: {"todo"=>{"title"=>"cool", "body"=>"", "done"=>"false", "id"=>"1569539839380"}}
Unpermitted parameters: :done, :id
  [1m[35m (0.1ms)[0m  [1m[35mBEGIN[0m
  ↳ app/controllers/api/todos_controller.rb:13
  [1m[35m (0.1ms)[0m  [1m[31mROLLBACK[0m
  ↳ app/controllers/api/todos_controller.rb:13
Completed 422 Unprocessable Entity in 3ms (Views: 0.1ms | ActiveRecord: 0.2ms)


Started GET "/" for ::1 at 2019-09-26 16:17:22 -0700
Processing by StaticPagesController#root as HTML
  Rendering static_pages/root.html.erb within layouts/application
  Rendered static_pages/root.html.erb within layouts/application (0.8ms)
Completed 200 OK in 14ms (Views: 13.5ms | ActiveRecord: 0.0ms)


Started GET "/api/todos" for ::1 at 2019-09-26 16:17:22 -0700
Processing by Api::TodosController#index as JSON
  [1m[36mTodo Load (0.5ms)[0m  [1m[34mSELECT "todos".* FROM "todos"[0m
  ↳ app/controllers/api/todos_controller.rb:4
Completed 200 OK in 6ms (Views: 5.6ms | ActiveRecord: 0.5ms)


Started POST "/api/todos" for ::1 at 2019-09-26 16:17:26 -0700
Processing by Api::TodosController#create as JSON
  Parameters: {"todo"=>{"title"=>"cool", "body"=>"", "done"=>"false", "id"=>"1569539846982"}}
Unpermitted parameters: :done, :id
  [1m[35m (0.2ms)[0m  [1m[35mBEGIN[0m
  ↳ app/controllers/api/todos_controller.rb:13
  [1m[35m (0.1ms)[0m  [1m[31mROLLBACK[0m
  ↳ app/controllers/api/todos_controller.rb:13
Completed 422 Unprocessable Entity in 3ms (Views: 0.2ms | ActiveRecord: 0.3ms)


Started GET "/" for ::1 at 2019-09-26 16:17:47 -0700
Processing by StaticPagesController#root as HTML
  Rendering static_pages/root.html.erb within layouts/application
  Rendered static_pages/root.html.erb within layouts/application (0.3ms)
Completed 200 OK in 400ms (Views: 399.6ms | ActiveRecord: 0.0ms)


Started GET "/api/todos" for ::1 at 2019-09-26 16:17:47 -0700
Processing by Api::TodosController#index as JSON
  [1m[36mTodo Load (0.4ms)[0m  [1m[34mSELECT "todos".* FROM "todos"[0m
  ↳ app/controllers/api/todos_controller.rb:4
Completed 200 OK in 5ms (Views: 3.1ms | ActiveRecord: 0.4ms)


Started POST "/api/todos" for ::1 at 2019-09-26 16:17:51 -0700
Processing by Api::TodosController#create as JSON
  Parameters: {"todo"=>{"title"=>"cool", "body"=>"", "done"=>"false", "id"=>"1569539871305"}}
Unpermitted parameters: :done, :id
  [1m[35m (0.1ms)[0m  [1m[35mBEGIN[0m
  ↳ app/controllers/api/todos_controller.rb:13
  [1m[35m (0.1ms)[0m  [1m[31mROLLBACK[0m
  ↳ app/controllers/api/todos_controller.rb:13
Completed 422 Unprocessable Entity in 2ms (Views: 0.1ms | ActiveRecord: 0.2ms)


Started GET "/" for ::1 at 2019-09-26 16:18:06 -0700
Processing by StaticPagesController#root as HTML
  Rendering static_pages/root.html.erb within layouts/application
  Rendered static_pages/root.html.erb within layouts/application (1.6ms)
Completed 200 OK in 392ms (Views: 391.0ms | ActiveRecord: 0.0ms)


Started GET "/api/todos" for ::1 at 2019-09-26 16:18:06 -0700
Processing by Api::TodosController#index as JSON
  [1m[36mTodo Load (0.3ms)[0m  [1m[34mSELECT "todos".* FROM "todos"[0m
  ↳ app/controllers/api/todos_controller.rb:4
Completed 200 OK in 6ms (Views: 5.4ms | ActiveRecord: 0.3ms)


Started POST "/api/todos" for ::1 at 2019-09-26 16:18:10 -0700
Processing by Api::TodosController#create as JSON
  Parameters: {"todo"=>{"title"=>"cool", "body"=>"", "done"=>"false", "id"=>"1569539890386"}}
Unpermitted parameters: :done, :id
  [1m[35m (0.1ms)[0m  [1m[35mBEGIN[0m
  ↳ app/controllers/api/todos_controller.rb:13
  [1m[35m (0.2ms)[0m  [1m[31mROLLBACK[0m
  ↳ app/controllers/api/todos_controller.rb:13
Completed 422 Unprocessable Entity in 5ms (Views: 0.1ms | ActiveRecord: 0.4ms)


Started GET "/" for ::1 at 2019-09-26 16:18:34 -0700
Processing by StaticPagesController#root as HTML
  Rendering static_pages/root.html.erb within layouts/application
  Rendered static_pages/root.html.erb within layouts/application (0.5ms)
Completed 200 OK in 353ms (Views: 350.0ms | ActiveRecord: 0.0ms)


Started GET "/api/todos" for ::1 at 2019-09-26 16:18:35 -0700
Processing by Api::TodosController#index as JSON
  [1m[36mTodo Load (0.3ms)[0m  [1m[34mSELECT "todos".* FROM "todos"[0m
  ↳ app/controllers/api/todos_controller.rb:4
Completed 200 OK in 3ms (Views: 2.5ms | ActiveRecord: 0.3ms)


Started POST "/api/todos" for ::1 at 2019-09-26 16:20:00 -0700
Processing by Api::TodosController#create as JSON
  Parameters: {"todo"=>{"title"=>"when", "body"=>"", "done"=>"false", "id"=>"1569540000604"}}
Unpermitted parameters: :done, :id
  [1m[35m (0.1ms)[0m  [1m[35mBEGIN[0m
  ↳ app/controllers/api/todos_controller.rb:13
  [1m[35m (0.5ms)[0m  [1m[31mROLLBACK[0m
  ↳ app/controllers/api/todos_controller.rb:13
Completed 422 Unprocessable Entity in 4ms (Views: 0.2ms | ActiveRecord: 0.6ms)


Started POST "/api/todos" for ::1 at 2019-09-26 16:20:09 -0700
Processing by Api::TodosController#create as JSON
  Parameters: {"todo"=>{"title"=>"when", "body"=>"will this be over", "done"=>"false", "id"=>"1569540009713"}}
Unpermitted parameters: :done, :id
  [1m[35m (0.2ms)[0m  [1m[35mBEGIN[0m
  ↳ app/controllers/api/todos_controller.rb:13
  [1m[36mTodo Create (0.3ms)[0m  [1m[32mINSERT INTO "todos" ("title", "body", "created_at", "updated_at") VALUES ($1, $2, $3, $4) RETURNING "id"[0m  [["title", "when"], ["body", "will this be over"], ["created_at", "2019-09-26 23:20:09.722126"], ["updated_at", "2019-09-26 23:20:09.722126"]]
  ↳ app/controllers/api/todos_controller.rb:13
  [1m[35m (15.1ms)[0m  [1m[35mCOMMIT[0m
  ↳ app/controllers/api/todos_controller.rb:13
Completed 200 OK in 20ms (Views: 0.9ms | ActiveRecord: 15.6ms)


Started GET "/" for ::1 at 2019-09-26 16:20:16 -0700
Processing by StaticPagesController#root as HTML
  Rendering static_pages/root.html.erb within layouts/application
  Rendered static_pages/root.html.erb within layouts/application (1.5ms)
Completed 200 OK in 365ms (Views: 364.2ms | ActiveRecord: 0.0ms)


Started GET "/api/todos" for ::1 at 2019-09-26 16:20:16 -0700
Processing by Api::TodosController#index as JSON
  [1m[36mTodo Load (0.3ms)[0m  [1m[34mSELECT "todos".* FROM "todos"[0m
  ↳ app/controllers/api/todos_controller.rb:4
Completed 200 OK in 4ms (Views: 2.7ms | ActiveRecord: 0.3ms)


Started POST "/api/todos" for ::1 at 2019-09-26 16:20:28 -0700
Processing by Api::TodosController#create as JSON
  Parameters: {"todo"=>{"title"=>"eat pudding", "body"=>"l", "done"=>"false", "id"=>"1569540028191"}}
Unpermitted parameters: :done, :id
  [1m[35m (0.2ms)[0m  [1m[35mBEGIN[0m
  ↳ app/controllers/api/todos_controller.rb:13
  [1m[36mTodo Create (0.3ms)[0m  [1m[32mINSERT INTO "todos" ("title", "body", "created_at", "updated_at") VALUES ($1, $2, $3, $4) RETURNING "id"[0m  [["title", "eat pudding"], ["body", "l"], ["created_at", "2019-09-26 23:20:28.203990"], ["updated_at", "2019-09-26 23:20:28.203990"]]
  ↳ app/controllers/api/todos_controller.rb:13
  [1m[35m (41.7ms)[0m  [1m[35mCOMMIT[0m
  ↳ app/controllers/api/todos_controller.rb:13
Completed 200 OK in 51ms (Views: 0.9ms | ActiveRecord: 42.3ms)


Started POST "/api/todos" for ::1 at 2019-09-26 16:20:31 -0700
Processing by Api::TodosController#create as JSON
  Parameters: {"todo"=>{"title"=>"eat pudding", "body"=>"", "done"=>"false", "id"=>"1569540031625"}}
Unpermitted parameters: :done, :id
  [1m[35m (0.2ms)[0m  [1m[35mBEGIN[0m
  ↳ app/controllers/api/todos_controller.rb:13
  [1m[35m (0.1ms)[0m  [1m[31mROLLBACK[0m
  ↳ app/controllers/api/todos_controller.rb:13
Completed 422 Unprocessable Entity in 5ms (Views: 0.2ms | ActiveRecord: 0.3ms)


Started POST "/api/todos" for ::1 at 2019-09-26 16:20:33 -0700
Processing by Api::TodosController#create as JSON
  Parameters: {"todo"=>{"title"=>"eat pudding", "body"=>"lotsa pudding", "done"=>"false", "id"=>"1569540033944"}}
Unpermitted parameters: :done, :id
  [1m[35m (0.3ms)[0m  [1m[35mBEGIN[0m
  ↳ app/controllers/api/todos_controller.rb:13
  [1m[36mTodo Create (0.4ms)[0m  [1m[32mINSERT INTO "todos" ("title", "body", "created_at", "updated_at") VALUES ($1, $2, $3, $4) RETURNING "id"[0m  [["title", "eat pudding"], ["body", "lotsa pudding"], ["created_at", "2019-09-26 23:20:33.952372"], ["updated_at", "2019-09-26 23:20:33.952372"]]
  ↳ app/controllers/api/todos_controller.rb:13
  [1m[35m (16.1ms)[0m  [1m[35mCOMMIT[0m
  ↳ app/controllers/api/todos_controller.rb:13
Completed 200 OK in 21ms (Views: 0.5ms | ActiveRecord: 16.8ms)


Started GET "/" for ::1 at 2019-09-26 16:22:23 -0700
Processing by StaticPagesController#root as HTML
  Rendering static_pages/root.html.erb within layouts/application
  Rendered static_pages/root.html.erb within layouts/application (0.2ms)
Completed 200 OK in 314ms (Views: 312.9ms | ActiveRecord: 0.0ms)


Started GET "/" for ::1 at 2019-09-26 16:22:47 -0700
Processing by StaticPagesController#root as HTML
  Rendering static_pages/root.html.erb within layouts/application
  Rendered static_pages/root.html.erb within layouts/application (0.9ms)
Completed 200 OK in 317ms (Views: 316.9ms | ActiveRecord: 0.0ms)


Started GET "/" for ::1 at 2019-09-26 16:23:10 -0700
Processing by StaticPagesController#root as HTML
  Rendering static_pages/root.html.erb within layouts/application
  Rendered static_pages/root.html.erb within layouts/application (1.0ms)
Completed 200 OK in 324ms (Views: 322.0ms | ActiveRecord: 0.0ms)


Started GET "/api/todos" for ::1 at 2019-09-26 16:23:11 -0700
Processing by Api::TodosController#index as JSON
  [1m[36mTodo Load (0.5ms)[0m  [1m[34mSELECT "todos".* FROM "todos"[0m
  ↳ app/controllers/api/todos_controller.rb:4
Completed 200 OK in 3ms (Views: 2.0ms | ActiveRecord: 0.5ms)


Started PATCH "/api/todos/12" for ::1 at 2019-09-26 16:23:14 -0700
Processing by Api::TodosController#update as JSON
  Parameters: {"todo"=>{"id"=>"12", "title"=>"eat pudding", "body"=>"l", "done"=>"true", "created_at"=>"2019-09-26T23:20:28.203Z", "updated_at"=>"2019-09-26T23:20:28.203Z"}, "id"=>"12"}
  [1m[36mTodo Load (0.8ms)[0m  [1m[34mSELECT  "todos".* FROM "todos" WHERE "todos"."id" = $1 LIMIT $2[0m  [["id", 12], ["LIMIT", 1]]
  ↳ app/controllers/api/todos_controller.rb:21
Unpermitted parameters: :id, :done, :created_at, :updated_at
  [1m[35m (0.2ms)[0m  [1m[35mBEGIN[0m
  ↳ app/controllers/api/todos_controller.rb:22
  [1m[35m (0.1ms)[0m  [1m[35mCOMMIT[0m
  ↳ app/controllers/api/todos_controller.rb:22
Completed 200 OK in 16ms (Views: 0.4ms | ActiveRecord: 1.7ms)


Started GET "/" for ::1 at 2019-09-26 16:23:32 -0700
Processing by StaticPagesController#root as HTML
  Rendering static_pages/root.html.erb within layouts/application
  Rendered static_pages/root.html.erb within layouts/application (0.4ms)
Completed 200 OK in 483ms (Views: 482.7ms | ActiveRecord: 0.0ms)


Started GET "/api/todos" for ::1 at 2019-09-26 16:23:33 -0700
Processing by Api::TodosController#index as JSON
  [1m[36mTodo Load (0.4ms)[0m  [1m[34mSELECT "todos".* FROM "todos"[0m
  ↳ app/controllers/api/todos_controller.rb:4
Completed 200 OK in 3ms (Views: 2.5ms | ActiveRecord: 0.4ms)


Started PATCH "/api/todos/4" for ::1 at 2019-09-26 16:23:35 -0700
Processing by Api::TodosController#update as JSON
  Parameters: {"todo"=>{"id"=>"4", "title"=>"pls", "body"=>"work", "done"=>"true", "created_at"=>"2019-09-26T22:27:43.598Z", "updated_at"=>"2019-09-26T22:27:43.598Z"}, "id"=>"4"}
  [1m[36mTodo Load (0.3ms)[0m  [1m[34mSELECT  "todos".* FROM "todos" WHERE "todos"."id" = $1 LIMIT $2[0m  [["id", 4], ["LIMIT", 1]]
  ↳ app/controllers/api/todos_controller.rb:21
Unpermitted parameters: :id, :done, :created_at, :updated_at
  [1m[35m (0.1ms)[0m  [1m[35mBEGIN[0m
  ↳ app/controllers/api/todos_controller.rb:22
  [1m[35m (0.1ms)[0m  [1m[35mCOMMIT[0m
  ↳ app/controllers/api/todos_controller.rb:22
Completed 200 OK in 3ms (Views: 0.3ms | ActiveRecord: 0.5ms)


Started PATCH "/api/todos/4" for ::1 at 2019-09-26 16:23:41 -0700
Processing by Api::TodosController#update as JSON
  Parameters: {"todo"=>{"id"=>"4", "title"=>"pls", "body"=>"work", "done"=>"true", "created_at"=>"2019-09-26T22:27:43.598Z", "updated_at"=>"2019-09-26T22:27:43.598Z"}, "id"=>"4"}
  [1m[36mTodo Load (0.2ms)[0m  [1m[34mSELECT  "todos".* FROM "todos" WHERE "todos"."id" = $1 LIMIT $2[0m  [["id", 4], ["LIMIT", 1]]
  ↳ app/controllers/api/todos_controller.rb:21
Unpermitted parameters: :id, :done, :created_at, :updated_at
  [1m[35m (0.1ms)[0m  [1m[35mBEGIN[0m
  ↳ app/controllers/api/todos_controller.rb:22
  [1m[35m (0.1ms)[0m  [1m[35mCOMMIT[0m
  ↳ app/controllers/api/todos_controller.rb:22
Completed 200 OK in 3ms (Views: 0.3ms | ActiveRecord: 0.4ms)


Started PATCH "/api/todos/4" for ::1 at 2019-09-26 16:23:42 -0700
Processing by Api::TodosController#update as JSON
  Parameters: {"todo"=>{"id"=>"4", "title"=>"pls", "body"=>"work", "done"=>"true", "created_at"=>"2019-09-26T22:27:43.598Z", "updated_at"=>"2019-09-26T22:27:43.598Z"}, "id"=>"4"}
  [1m[36mTodo Load (0.4ms)[0m  [1m[34mSELECT  "todos".* FROM "todos" WHERE "todos"."id" = $1 LIMIT $2[0m  [["id", 4], ["LIMIT", 1]]
  ↳ app/controllers/api/todos_controller.rb:21
Unpermitted parameters: :id, :done, :created_at, :updated_at
  [1m[35m (0.2ms)[0m  [1m[35mBEGIN[0m
  ↳ app/controllers/api/todos_controller.rb:22
  [1m[35m (0.1ms)[0m  [1m[35mCOMMIT[0m
  ↳ app/controllers/api/todos_controller.rb:22
Completed 200 OK in 4ms (Views: 0.5ms | ActiveRecord: 0.7ms)


Started PATCH "/api/todos/1" for ::1 at 2019-09-26 16:24:39 -0700
Processing by Api::TodosController#update as JSON
  Parameters: {"todo"=>{"id"=>"1", "title"=>"HELP IM ALIVE", "body"=>"MY HEART KEEPS BEATING LIKE A HAMMER", "done"=>"true", "created_at"=>"2019-09-26T21:50:12.390Z", "updated_at"=>"2019-09-26T21:50:12.390Z"}, "id"=>"1"}
  [1m[36mTodo Load (0.5ms)[0m  [1m[34mSELECT  "todos".* FROM "todos" WHERE "todos"."id" = $1 LIMIT $2[0m  [["id", 1], ["LIMIT", 1]]
  ↳ app/controllers/api/todos_controller.rb:21
Unpermitted parameters: :id, :done, :created_at, :updated_at
  [1m[35m (0.1ms)[0m  [1m[35mBEGIN[0m
  ↳ app/controllers/api/todos_controller.rb:22
  [1m[35m (0.2ms)[0m  [1m[35mCOMMIT[0m
  ↳ app/controllers/api/todos_controller.rb:22
Completed 200 OK in 7ms (Views: 1.2ms | ActiveRecord: 0.8ms)


Started GET "/" for ::1 at 2019-09-26 16:25:20 -0700
Processing by StaticPagesController#root as HTML
  Rendering static_pages/root.html.erb within layouts/application
  Rendered static_pages/root.html.erb within layouts/application (1.3ms)
Completed 200 OK in 428ms (Views: 427.0ms | ActiveRecord: 0.0ms)


Started GET "/api/todos" for ::1 at 2019-09-26 16:25:21 -0700
Processing by Api::TodosController#index as JSON
  [1m[36mTodo Load (0.3ms)[0m  [1m[34mSELECT "todos".* FROM "todos"[0m
  ↳ app/controllers/api/todos_controller.rb:4
Completed 200 OK in 3ms (Views: 2.0ms | ActiveRecord: 0.3ms)


Started PATCH "/api/todos/1" for ::1 at 2019-09-26 16:25:23 -0700
Processing by Api::TodosController#update as JSON
  Parameters: {"todo"=>{"id"=>"1", "title"=>"HELP IM ALIVE", "body"=>"MY HEART KEEPS BEATING LIKE A HAMMER", "done"=>"true", "created_at"=>"2019-09-26T21:50:12.390Z", "updated_at"=>"2019-09-26T21:50:12.390Z"}, "id"=>"1"}
  [1m[36mTodo Load (0.3ms)[0m  [1m[34mSELECT  "todos".* FROM "todos" WHERE "todos"."id" = $1 LIMIT $2[0m  [["id", 1], ["LIMIT", 1]]
  ↳ app/controllers/api/todos_controller.rb:21
Unpermitted parameters: :id, :done, :created_at, :updated_at
  [1m[35m (0.1ms)[0m  [1m[35mBEGIN[0m
  ↳ app/controllers/api/todos_controller.rb:22
  [1m[35m (0.1ms)[0m  [1m[35mCOMMIT[0m
  ↳ app/controllers/api/todos_controller.rb:22
Completed 200 OK in 3ms (Views: 0.3ms | ActiveRecord: 0.4ms)


Started PATCH "/api/todos/1" for ::1 at 2019-09-26 16:26:02 -0700
Processing by Api::TodosController#update as JSON
  Parameters: {"todo"=>{"id"=>"1", "title"=>"HELP IM ALIVE", "body"=>"MY HEART KEEPS BEATING LIKE A HAMMER", "done"=>"true", "created_at"=>"2019-09-26T21:50:12.390Z", "updated_at"=>"2019-09-26T21:50:12.390Z"}, "id"=>"1"}
  [1m[36mTodo Load (0.2ms)[0m  [1m[34mSELECT  "todos".* FROM "todos" WHERE "todos"."id" = $1 LIMIT $2[0m  [["id", 1], ["LIMIT", 1]]
  ↳ app/controllers/api/todos_controller.rb:21
Unpermitted parameters: :id, :done, :created_at, :updated_at
  [1m[35m (0.1ms)[0m  [1m[35mBEGIN[0m
  ↳ app/controllers/api/todos_controller.rb:22
  [1m[35m (0.2ms)[0m  [1m[35mCOMMIT[0m
  ↳ app/controllers/api/todos_controller.rb:22
Completed 200 OK in 4ms (Views: 0.5ms | ActiveRecord: 0.5ms)


Started GET "/" for ::1 at 2019-09-26 16:34:52 -0700
Processing by StaticPagesController#root as HTML
  Rendering static_pages/root.html.erb within layouts/application
  Rendered static_pages/root.html.erb within layouts/application (0.5ms)
Completed 200 OK in 287ms (Views: 286.2ms | ActiveRecord: 0.0ms)


Started GET "/api/todos" for ::1 at 2019-09-26 16:34:53 -0700
Processing by Api::TodosController#index as JSON
  [1m[36mTodo Load (0.4ms)[0m  [1m[34mSELECT "todos".* FROM "todos"[0m
  ↳ app/controllers/api/todos_controller.rb:4
Completed 200 OK in 3ms (Views: 2.0ms | ActiveRecord: 0.4ms)


Started PATCH "/api/todos/1" for ::1 at 2019-09-26 16:34:56 -0700
Processing by Api::TodosController#update as JSON
  Parameters: {"todo"=>{"id"=>"1", "title"=>"HELP IM ALIVE", "body"=>"MY HEART KEEPS BEATING LIKE A HAMMER", "done"=>"true", "created_at"=>"2019-09-26T21:50:12.390Z", "updated_at"=>"2019-09-26T21:50:12.390Z"}, "id"=>"1"}
  [1m[36mTodo Load (0.3ms)[0m  [1m[34mSELECT  "todos".* FROM "todos" WHERE "todos"."id" = $1 LIMIT $2[0m  [["id", 1], ["LIMIT", 1]]
  ↳ app/controllers/api/todos_controller.rb:21
Unpermitted parameters: :id, :done, :created_at, :updated_at
  [1m[35m (0.1ms)[0m  [1m[35mBEGIN[0m
  ↳ app/controllers/api/todos_controller.rb:22
  [1m[35m (0.1ms)[0m  [1m[35mCOMMIT[0m
  ↳ app/controllers/api/todos_controller.rb:22
Completed 200 OK in 4ms (Views: 0.2ms | ActiveRecord: 0.9ms)


  [1m[36mTodo Load (0.3ms)[0m  [1m[34mSELECT  "todos".* FROM "todos" ORDER BY "todos"."id" ASC LIMIT $1[0m  [["LIMIT", 1]]
Started PATCH "/api/todos/1" for ::1 at 2019-09-26 16:35:46 -0700
Processing by Api::TodosController#update as JSON
  Parameters: {"todo"=>{"id"=>"1", "title"=>"HELP IM ALIVE", "body"=>"MY HEART KEEPS BEATING LIKE A HAMMER", "done"=>"true", "created_at"=>"2019-09-26T21:50:12.390Z", "updated_at"=>"2019-09-26T21:50:12.390Z"}, "id"=>"1"}
  [1m[36mTodo Load (0.4ms)[0m  [1m[34mSELECT  "todos".* FROM "todos" WHERE "todos"."id" = $1 LIMIT $2[0m  [["id", 1], ["LIMIT", 1]]
  ↳ app/controllers/api/todos_controller.rb:21
Unpermitted parameters: :id, :done, :created_at, :updated_at
  [1m[35m (0.5ms)[0m  [1m[35mBEGIN[0m
  ↳ app/controllers/api/todos_controller.rb:22
  [1m[35m (0.2ms)[0m  [1m[35mCOMMIT[0m
  ↳ app/controllers/api/todos_controller.rb:22
Completed 200 OK in 9ms (Views: 0.9ms | ActiveRecord: 1.1ms)


  [1m[36mTodo Load (0.5ms)[0m  [1m[34mSELECT  "todos".* FROM "todos" ORDER BY "todos"."id" ASC LIMIT $1[0m  [["LIMIT", 1]]
Started PATCH "/api/todos/1" for ::1 at 2019-09-26 16:37:06 -0700
Processing by Api::TodosController#update as JSON
  Parameters: {"todo"=>{"id"=>"1", "title"=>"HELP IM ALIVE", "body"=>"MY HEART KEEPS BEATING LIKE A HAMMER", "done"=>"true", "created_at"=>"2019-09-26T21:50:12.390Z", "updated_at"=>"2019-09-26T21:50:12.390Z"}, "id"=>"1"}
  [1m[36mTodo Load (0.3ms)[0m  [1m[34mSELECT  "todos".* FROM "todos" WHERE "todos"."id" = $1 LIMIT $2[0m  [["id", 1], ["LIMIT", 1]]
  ↳ app/controllers/api/todos_controller.rb:21
Unpermitted parameters: :id, :done, :created_at, :updated_at
  [1m[35m (0.1ms)[0m  [1m[35mBEGIN[0m
  ↳ app/controllers/api/todos_controller.rb:22
  [1m[35m (0.1ms)[0m  [1m[35mCOMMIT[0m
  ↳ app/controllers/api/todos_controller.rb:22
Completed 200 OK in 4ms (Views: 0.3ms | ActiveRecord: 0.6ms)


Started GET "/" for ::1 at 2019-09-26 16:43:46 -0700
Processing by StaticPagesController#root as HTML
  Rendering static_pages/root.html.erb within layouts/application
  Rendered static_pages/root.html.erb within layouts/application (1.0ms)
Completed 200 OK in 483ms (Views: 482.3ms | ActiveRecord: 0.0ms)


Started GET "/api/todos" for ::1 at 2019-09-26 16:43:47 -0700
Processing by Api::TodosController#index as JSON
  [1m[36mTodo Load (0.6ms)[0m  [1m[34mSELECT "todos".* FROM "todos"[0m
  ↳ app/controllers/api/todos_controller.rb:4
Completed 200 OK in 5ms (Views: 4.2ms | ActiveRecord: 0.6ms)


Started GET "/" for ::1 at 2019-09-26 16:50:08 -0700
Processing by StaticPagesController#root as HTML
  Rendering static_pages/root.html.erb within layouts/application
  Rendered static_pages/root.html.erb within layouts/application (1.7ms)
Completed 200 OK in 452ms (Views: 448.6ms | ActiveRecord: 0.0ms)


Started PATCH "/api/todos/13" for ::1 at 2019-09-26 16:50:08 -0700
Processing by Api::TodosController#update as JSON
  Parameters: {"todo"=>{"id"=>"13", "title"=>"eat pudding", "body"=>"lotsa pudding", "done"=>"true", "created_at"=>"2019-09-26T23:20:33.952Z", "updated_at"=>"2019-09-26T23:20:33.952Z"}, "id"=>"13"}
  [1m[36mTodo Load (0.5ms)[0m  [1m[34mSELECT  "todos".* FROM "todos" WHERE "todos"."id" = $1 LIMIT $2[0m  [["id", 13], ["LIMIT", 1]]
  ↳ app/controllers/api/todos_controller.rb:21
Unpermitted parameters: :id, :done, :created_at, :updated_at
  [1m[35m (0.1ms)[0m  [1m[35mBEGIN[0m
  ↳ app/controllers/api/todos_controller.rb:22
  [1m[35m (0.6ms)[0m  [1m[35mCOMMIT[0m
  ↳ app/controllers/api/todos_controller.rb:22
Completed 200 OK in 10ms (Views: 0.5ms | ActiveRecord: 1.8ms)


Started GET "/api/todos" for ::1 at 2019-09-26 16:50:08 -0700
Processing by Api::TodosController#index as JSON
  [1m[36mTodo Load (0.5ms)[0m  [1m[34mSELECT "todos".* FROM "todos"[0m
  ↳ app/controllers/api/todos_controller.rb:4
Completed 200 OK in 17ms (Views: 14.7ms | ActiveRecord: 0.5ms)


Started PATCH "/api/todos/1" for ::1 at 2019-09-26 16:50:14 -0700
Processing by Api::TodosController#update as JSON
  Parameters: {"todo"=>{"id"=>"1", "title"=>"HELP IM ALIVE", "body"=>"MY HEART KEEPS BEATING LIKE A HAMMER", "done"=>"true", "created_at"=>"2019-09-26T21:50:12.390Z", "updated_at"=>"2019-09-26T21:50:12.390Z"}, "id"=>"1"}
  [1m[36mTodo Load (0.8ms)[0m  [1m[34mSELECT  "todos".* FROM "todos" WHERE "todos"."id" = $1 LIMIT $2[0m  [["id", 1], ["LIMIT", 1]]
  ↳ app/controllers/api/todos_controller.rb:21
Unpermitted parameters: :id, :done, :created_at, :updated_at
  [1m[35m (0.9ms)[0m  [1m[35mBEGIN[0m
  ↳ app/controllers/api/todos_controller.rb:22
  [1m[35m (0.9ms)[0m  [1m[35mCOMMIT[0m
  ↳ app/controllers/api/todos_controller.rb:22
Completed 200 OK in 15ms (Views: 1.2ms | ActiveRecord: 2.5ms)


Started GET "/" for ::1 at 2019-09-26 16:50:24 -0700
Processing by StaticPagesController#root as HTML
  Rendering static_pages/root.html.erb within layouts/application
  Rendered static_pages/root.html.erb within layouts/application (0.4ms)
Completed 200 OK in 477ms (Views: 475.3ms | ActiveRecord: 0.0ms)


Started GET "/api/todos" for ::1 at 2019-09-26 16:50:25 -0700
Processing by Api::TodosController#index as JSON
  [1m[36mTodo Load (0.6ms)[0m  [1m[34mSELECT "todos".* FROM "todos"[0m
  ↳ app/controllers/api/todos_controller.rb:4
Completed 200 OK in 8ms (Views: 6.4ms | ActiveRecord: 0.6ms)


Started PATCH "/api/todos/1" for ::1 at 2019-09-26 16:50:28 -0700
Processing by Api::TodosController#update as JSON
  Parameters: {"todo"=>{"id"=>"1", "title"=>"HELP IM ALIVE", "body"=>"MY HEART KEEPS BEATING LIKE A HAMMER", "done"=>"true", "created_at"=>"2019-09-26T21:50:12.390Z", "updated_at"=>"2019-09-26T21:50:12.390Z"}, "id"=>"1"}
  [1m[36mTodo Load (0.3ms)[0m  [1m[34mSELECT  "todos".* FROM "todos" WHERE "todos"."id" = $1 LIMIT $2[0m  [["id", 1], ["LIMIT", 1]]
  ↳ app/controllers/api/todos_controller.rb:21
Unpermitted parameters: :id, :done, :created_at, :updated_at
  [1m[35m (0.1ms)[0m  [1m[35mBEGIN[0m
  ↳ app/controllers/api/todos_controller.rb:22
  [1m[35m (0.1ms)[0m  [1m[35mCOMMIT[0m
  ↳ app/controllers/api/todos_controller.rb:22
Completed 200 OK in 3ms (Views: 0.3ms | ActiveRecord: 0.5ms)


Started GET "/" for ::1 at 2019-09-26 16:50:43 -0700
Processing by StaticPagesController#root as HTML
  Rendering static_pages/root.html.erb within layouts/application
  Rendered static_pages/root.html.erb within layouts/application (0.3ms)
Completed 200 OK in 436ms (Views: 435.9ms | ActiveRecord: 0.0ms)


Started GET "/api/todos" for ::1 at 2019-09-26 16:50:43 -0700
Processing by Api::TodosController#index as JSON
  [1m[36mTodo Load (1.8ms)[0m  [1m[34mSELECT "todos".* FROM "todos"[0m
  ↳ app/controllers/api/todos_controller.rb:4
Completed 200 OK in 9ms (Views: 6.1ms | ActiveRecord: 1.8ms)


Started PATCH "/api/todos/1" for ::1 at 2019-09-26 16:50:46 -0700
Processing by Api::TodosController#update as JSON
  Parameters: {"todo"=>{"id"=>"1", "title"=>"HELP IM ALIVE", "body"=>"MY HEART KEEPS BEATING LIKE A HAMMER", "done"=>"true", "created_at"=>"2019-09-26T21:50:12.390Z", "updated_at"=>"2019-09-26T21:50:12.390Z"}, "id"=>"1"}
  [1m[36mTodo Load (1.4ms)[0m  [1m[34mSELECT  "todos".* FROM "todos" WHERE "todos"."id" = $1 LIMIT $2[0m  [["id", 1], ["LIMIT", 1]]
  ↳ app/controllers/api/todos_controller.rb:21
Unpermitted parameters: :id, :done, :created_at, :updated_at
  [1m[35m (0.4ms)[0m  [1m[35mBEGIN[0m
  ↳ app/controllers/api/todos_controller.rb:22
  [1m[35m (0.4ms)[0m  [1m[35mCOMMIT[0m
  ↳ app/controllers/api/todos_controller.rb:22
Completed 200 OK in 12ms (Views: 1.1ms | ActiveRecord: 2.2ms)


Started PATCH "/api/todos/1" for ::1 at 2019-09-26 16:50:51 -0700
Processing by Api::TodosController#update as JSON
  Parameters: {"todo"=>{"id"=>"1", "title"=>"HELP IM ALIVE", "body"=>"MY HEART KEEPS BEATING LIKE A HAMMER", "done"=>"true", "created_at"=>"2019-09-26T21:50:12.390Z", "updated_at"=>"2019-09-26T21:50:12.390Z"}, "id"=>"1"}
  [1m[36mTodo Load (0.4ms)[0m  [1m[34mSELECT  "todos".* FROM "todos" WHERE "todos"."id" = $1 LIMIT $2[0m  [["id", 1], ["LIMIT", 1]]
  ↳ app/controllers/api/todos_controller.rb:21
Unpermitted parameters: :id, :done, :created_at, :updated_at
  [1m[35m (0.1ms)[0m  [1m[35mBEGIN[0m
  ↳ app/controllers/api/todos_controller.rb:22
  [1m[35m (0.9ms)[0m  [1m[35mCOMMIT[0m
  ↳ app/controllers/api/todos_controller.rb:22
Completed 200 OK in 10ms (Views: 2.3ms | ActiveRecord: 1.5ms)


Started PATCH "/api/todos/1" for ::1 at 2019-09-26 16:50:53 -0700
Processing by Api::TodosController#update as JSON
  Parameters: {"todo"=>{"id"=>"1", "title"=>"HELP IM ALIVE", "body"=>"MY HEART KEEPS BEATING LIKE A HAMMER", "done"=>"true", "created_at"=>"2019-09-26T21:50:12.390Z", "updated_at"=>"2019-09-26T21:50:12.390Z"}, "id"=>"1"}
  [1m[36mTodo Load (1.4ms)[0m  [1m[34mSELECT  "todos".* FROM "todos" WHERE "todos"."id" = $1 LIMIT $2[0m  [["id", 1], ["LIMIT", 1]]
  ↳ app/controllers/api/todos_controller.rb:21
Unpermitted parameters: :id, :done, :created_at, :updated_at
  [1m[35m (0.1ms)[0m  [1m[35mBEGIN[0m
  ↳ app/controllers/api/todos_controller.rb:22
  [1m[35m (0.1ms)[0m  [1m[35mCOMMIT[0m
  ↳ app/controllers/api/todos_controller.rb:22
Completed 200 OK in 8ms (Views: 0.6ms | ActiveRecord: 1.7ms)


Started GET "/" for ::1 at 2019-09-26 16:50:54 -0700
Processing by StaticPagesController#root as HTML
  Rendering static_pages/root.html.erb within layouts/application
  Rendered static_pages/root.html.erb within layouts/application (1.7ms)
Completed 200 OK in 31ms (Views: 28.8ms | ActiveRecord: 0.0ms)


Started GET "/api/todos" for ::1 at 2019-09-26 16:50:54 -0700
Processing by Api::TodosController#index as JSON
  [1m[36mTodo Load (0.3ms)[0m  [1m[34mSELECT "todos".* FROM "todos"[0m
  ↳ app/controllers/api/todos_controller.rb:4
Completed 200 OK in 6ms (Views: 5.9ms | ActiveRecord: 0.3ms)


Started PATCH "/api/todos/4" for ::1 at 2019-09-26 16:51:15 -0700
Processing by Api::TodosController#update as JSON
  Parameters: {"todo"=>{"id"=>"4", "title"=>"pls", "body"=>"work", "done"=>"true", "created_at"=>"2019-09-26T22:27:43.598Z", "updated_at"=>"2019-09-26T22:27:43.598Z"}, "id"=>"4"}
  [1m[36mTodo Load (0.2ms)[0m  [1m[34mSELECT  "todos".* FROM "todos" WHERE "todos"."id" = $1 LIMIT $2[0m  [["id", 4], ["LIMIT", 1]]
  ↳ app/controllers/api/todos_controller.rb:21
Unpermitted parameters: :id, :done, :created_at, :updated_at
  [1m[35m (0.1ms)[0m  [1m[35mBEGIN[0m
  ↳ app/controllers/api/todos_controller.rb:22
  [1m[35m (0.2ms)[0m  [1m[35mCOMMIT[0m
  ↳ app/controllers/api/todos_controller.rb:22
Completed 200 OK in 4ms (Views: 0.3ms | ActiveRecord: 0.5ms)


Started PATCH "/api/todos/1" for ::1 at 2019-09-26 16:51:29 -0700
Processing by Api::TodosController#update as JSON
  Parameters: {"todo"=>{"id"=>"1", "title"=>"HELP IM ALIVE", "body"=>"MY HEART KEEPS BEATING LIKE A HAMMER", "done"=>"true", "created_at"=>"2019-09-26T21:50:12.390Z", "updated_at"=>"2019-09-26T21:50:12.390Z"}, "id"=>"1"}
  [1m[36mTodo Load (0.3ms)[0m  [1m[34mSELECT  "todos".* FROM "todos" WHERE "todos"."id" = $1 LIMIT $2[0m  [["id", 1], ["LIMIT", 1]]
  ↳ app/controllers/api/todos_controller.rb:21
Unpermitted parameters: :id, :done, :created_at, :updated_at
  [1m[35m (0.2ms)[0m  [1m[35mBEGIN[0m
  ↳ app/controllers/api/todos_controller.rb:22
  [1m[35m (0.4ms)[0m  [1m[35mCOMMIT[0m
  ↳ app/controllers/api/todos_controller.rb:22
Completed 200 OK in 9ms (Views: 1.1ms | ActiveRecord: 0.9ms)


Started PATCH "/api/todos/1" for ::1 at 2019-09-26 16:51:32 -0700
Processing by Api::TodosController#update as JSON
  Parameters: {"todo"=>{"id"=>"1", "title"=>"HELP IM ALIVE", "body"=>"MY HEART KEEPS BEATING LIKE A HAMMER", "done"=>"true", "created_at"=>"2019-09-26T21:50:12.390Z", "updated_at"=>"2019-09-26T21:50:12.390Z"}, "id"=>"1"}
  [1m[36mTodo Load (0.3ms)[0m  [1m[34mSELECT  "todos".* FROM "todos" WHERE "todos"."id" = $1 LIMIT $2[0m  [["id", 1], ["LIMIT", 1]]
  ↳ app/controllers/api/todos_controller.rb:21
Unpermitted parameters: :id, :done, :created_at, :updated_at
  [1m[35m (0.2ms)[0m  [1m[35mBEGIN[0m
  ↳ app/controllers/api/todos_controller.rb:22
  [1m[35m (0.1ms)[0m  [1m[35mCOMMIT[0m
  ↳ app/controllers/api/todos_controller.rb:22
Completed 200 OK in 4ms (Views: 0.3ms | ActiveRecord: 0.6ms)


Started GET "/" for ::1 at 2019-09-26 16:51:57 -0700
Processing by StaticPagesController#root as HTML
  Rendering static_pages/root.html.erb within layouts/application
  Rendered static_pages/root.html.erb within layouts/application (0.5ms)
Completed 200 OK in 535ms (Views: 531.2ms | ActiveRecord: 0.0ms)


Started GET "/api/todos" for ::1 at 2019-09-26 16:51:58 -0700
Processing by Api::TodosController#index as JSON
  [1m[36mTodo Load (0.7ms)[0m  [1m[34mSELECT "todos".* FROM "todos"[0m
  ↳ app/controllers/api/todos_controller.rb:4
Completed 200 OK in 12ms (Views: 9.1ms | ActiveRecord: 0.7ms)


Started PATCH "/api/todos/1" for ::1 at 2019-09-26 16:52:12 -0700
Processing by Api::TodosController#update as JSON
  Parameters: {"todo"=>{"id"=>"1", "title"=>"HELP IM ALIVE", "body"=>"MY HEART KEEPS BEATING LIKE A HAMMER", "done"=>"true", "created_at"=>"2019-09-26T21:50:12.390Z", "updated_at"=>"2019-09-26T21:50:12.390Z"}, "id"=>"1"}
  [1m[36mTodo Load (0.4ms)[0m  [1m[34mSELECT  "todos".* FROM "todos" WHERE "todos"."id" = $1 LIMIT $2[0m  [["id", 1], ["LIMIT", 1]]
  ↳ app/controllers/api/todos_controller.rb:21
Unpermitted parameters: :id, :done, :created_at, :updated_at
  [1m[35m (0.1ms)[0m  [1m[35mBEGIN[0m
  ↳ app/controllers/api/todos_controller.rb:22
  [1m[35m (0.8ms)[0m  [1m[35mCOMMIT[0m
  ↳ app/controllers/api/todos_controller.rb:22
Completed 200 OK in 8ms (Views: 0.8ms | ActiveRecord: 1.5ms)


Started GET "/" for ::1 at 2019-09-26 16:54:32 -0700
Processing by StaticPagesController#root as HTML
  Rendering static_pages/root.html.erb within layouts/application
  Rendered static_pages/root.html.erb within layouts/application (0.3ms)
Completed 200 OK in 428ms (Views: 424.9ms | ActiveRecord: 0.0ms)


Started GET "/api/todos" for ::1 at 2019-09-26 16:54:32 -0700
Processing by Api::TodosController#index as JSON
  [1m[36mTodo Load (0.4ms)[0m  [1m[34mSELECT "todos".* FROM "todos"[0m
  ↳ app/controllers/api/todos_controller.rb:4
Completed 200 OK in 10ms (Views: 8.6ms | ActiveRecord: 0.4ms)


Started PATCH "/api/todos/13" for ::1 at 2019-09-26 16:54:34 -0700
Processing by Api::TodosController#update as JSON
  Parameters: {"todo"=>{"id"=>"13", "title"=>"eat pudding", "body"=>"lotsa pudding", "done"=>"true", "created_at"=>"2019-09-26T23:20:33.952Z", "updated_at"=>"2019-09-26T23:20:33.952Z"}, "id"=>"13"}
  [1m[36mTodo Load (0.3ms)[0m  [1m[34mSELECT  "todos".* FROM "todos" WHERE "todos"."id" = $1 LIMIT $2[0m  [["id", 13], ["LIMIT", 1]]
  ↳ app/controllers/api/todos_controller.rb:21
Unpermitted parameters: :id, :done, :created_at, :updated_at
  [1m[35m (0.1ms)[0m  [1m[35mBEGIN[0m
  ↳ app/controllers/api/todos_controller.rb:22
  [1m[35m (0.6ms)[0m  [1m[35mCOMMIT[0m
  ↳ app/controllers/api/todos_controller.rb:22
Completed 200 OK in 6ms (Views: 0.8ms | ActiveRecord: 1.0ms)


Started PATCH "/api/todos/1" for ::1 at 2019-09-26 16:55:22 -0700
Processing by Api::TodosController#update as JSON
  Parameters: {"todo"=>{"id"=>"1", "done"=>"true"}, "id"=>"1"}
  [1m[36mTodo Load (0.3ms)[0m  [1m[34mSELECT  "todos".* FROM "todos" WHERE "todos"."id" = $1 LIMIT $2[0m  [["id", 1], ["LIMIT", 1]]
  ↳ app/controllers/api/todos_controller.rb:21
Unpermitted parameters: :id, :done
  [1m[35m (0.1ms)[0m  [1m[35mBEGIN[0m
  ↳ app/controllers/api/todos_controller.rb:22
  [1m[35m (0.1ms)[0m  [1m[35mCOMMIT[0m
  ↳ app/controllers/api/todos_controller.rb:22
Completed 200 OK in 3ms (Views: 0.4ms | ActiveRecord: 0.5ms)


Started GET "/api/todos" for ::1 at 2019-09-26 16:55:37 -0700
Processing by Api::TodosController#index as JSON
  [1m[36mTodo Load (0.3ms)[0m  [1m[34mSELECT "todos".* FROM "todos"[0m
  ↳ app/controllers/api/todos_controller.rb:4
Completed 200 OK in 8ms (Views: 6.8ms | ActiveRecord: 0.3ms)


Started GET "/" for ::1 at 2019-09-26 16:58:50 -0700
Processing by StaticPagesController#root as HTML
  Rendering static_pages/root.html.erb within layouts/application
  Rendered static_pages/root.html.erb within layouts/application (0.9ms)
Completed 200 OK in 416ms (Views: 414.3ms | ActiveRecord: 0.0ms)


Started GET "/api/todos" for ::1 at 2019-09-26 16:58:51 -0700
Processing by Api::TodosController#index as JSON
  [1m[36mTodo Load (1.9ms)[0m  [1m[34mSELECT "todos".* FROM "todos"[0m
  ↳ app/controllers/api/todos_controller.rb:4
Completed 200 OK in 13ms (Views: 10.5ms | ActiveRecord: 1.9ms)


Started GET "/" for ::1 at 2019-09-26 16:59:02 -0700
Processing by StaticPagesController#root as HTML
  Rendering static_pages/root.html.erb within layouts/application
  Rendered static_pages/root.html.erb within layouts/application (0.4ms)
Completed 200 OK in 478ms (Views: 475.3ms | ActiveRecord: 0.0ms)


Started GET "/api/todos" for ::1 at 2019-09-26 16:59:03 -0700
Processing by Api::TodosController#index as JSON
  [1m[36mTodo Load (0.4ms)[0m  [1m[34mSELECT "todos".* FROM "todos"[0m
  ↳ app/controllers/api/todos_controller.rb:4
Completed 200 OK in 7ms (Views: 6.0ms | ActiveRecord: 0.4ms)


Started PATCH "/api/todos/1" for ::1 at 2019-09-26 16:59:05 -0700
Processing by Api::TodosController#update as JSON
  Parameters: {"todo"=>{"id"=>"1", "title"=>"HELP IM ALIVE", "body"=>"MY HEART KEEPS BEATING LIKE A HAMMER", "done"=>"true", "created_at"=>"2019-09-26T21:50:12.390Z", "updated_at"=>"2019-09-26T21:50:12.390Z"}, "id"=>"1"}
  [1m[36mTodo Load (1.1ms)[0m  [1m[34mSELECT  "todos".* FROM "todos" WHERE "todos"."id" = $1 LIMIT $2[0m  [["id", 1], ["LIMIT", 1]]
  ↳ app/controllers/api/todos_controller.rb:21
Unpermitted parameters: :id, :done, :created_at, :updated_at
  [1m[35m (0.1ms)[0m  [1m[35mBEGIN[0m
  ↳ app/controllers/api/todos_controller.rb:22
  [1m[35m (0.1ms)[0m  [1m[35mCOMMIT[0m
  ↳ app/controllers/api/todos_controller.rb:22
Completed 200 OK in 6ms (Views: 0.3ms | ActiveRecord: 1.4ms)


Started PATCH "/api/todos/2" for ::1 at 2019-09-26 17:03:41 -0700
Processing by Api::TodosController#update as JSON
  Parameters: {"todo"=>{"id"=>"2", "title"=>"first things first", "body"=>"I was wearing a dress and it was blue", "done"=>"true", "created_at"=>"2019-09-26T21:50:12.415Z", "updated_at"=>"2019-09-26T21:50:12.415Z"}, "id"=>"2"}
  [1m[36mTodo Load (0.4ms)[0m  [1m[34mSELECT  "todos".* FROM "todos" WHERE "todos"."id" = $1 LIMIT $2[0m  [["id", 2], ["LIMIT", 1]]
  ↳ app/controllers/api/todos_controller.rb:21
Unpermitted parameters: :id, :done, :created_at, :updated_at
  [1m[35m (0.1ms)[0m  [1m[35mBEGIN[0m
  ↳ app/controllers/api/todos_controller.rb:22
  [1m[35m (0.1ms)[0m  [1m[35mCOMMIT[0m
  ↳ app/controllers/api/todos_controller.rb:22
Completed 200 OK in 3ms (Views: 0.2ms | ActiveRecord: 0.6ms)


Started PATCH "/api/todos/2" for ::1 at 2019-09-26 17:03:43 -0700
Processing by Api::TodosController#update as JSON
  Parameters: {"todo"=>{"id"=>"2", "title"=>"first things first", "body"=>"I was wearing a dress and it was blue", "done"=>"true", "created_at"=>"2019-09-26T21:50:12.415Z", "updated_at"=>"2019-09-26T21:50:12.415Z"}, "id"=>"2"}
  [1m[36mTodo Load (0.3ms)[0m  [1m[34mSELECT  "todos".* FROM "todos" WHERE "todos"."id" = $1 LIMIT $2[0m  [["id", 2], ["LIMIT", 1]]
  ↳ app/controllers/api/todos_controller.rb:21
Unpermitted parameters: :id, :done, :created_at, :updated_at
  [1m[35m (0.2ms)[0m  [1m[35mBEGIN[0m
  ↳ app/controllers/api/todos_controller.rb:22
  [1m[35m (0.1ms)[0m  [1m[35mCOMMIT[0m
  ↳ app/controllers/api/todos_controller.rb:22
Completed 200 OK in 4ms (Views: 0.4ms | ActiveRecord: 0.6ms)


