Started GET "/" for ::1 at 2019-08-28 08:36:01 -0700
  
ActiveRecord::NoDatabaseError (FATAL:  database "cats_99_development" does not exist
):
  
activerecord (6.0.0) lib/active_record/connection_adapters/postgresql_adapter.rb:50:in `rescue in postgresql_connection'
activerecord (6.0.0) lib/active_record/connection_adapters/postgresql_adapter.rb:33:in `postgresql_connection'
activerecord (6.0.0) lib/active_record/connection_adapters/abstract/connection_pool.rb:879:in `new_connection'
activerecord (6.0.0) lib/active_record/connection_adapters/abstract/connection_pool.rb:923:in `checkout_new_connection'
activerecord (6.0.0) lib/active_record/connection_adapters/abstract/connection_pool.rb:902:in `try_to_checkout_new_connection'
activerecord (6.0.0) lib/active_record/connection_adapters/abstract/connection_pool.rb:863:in `acquire_connection'
activerecord (6.0.0) lib/active_record/connection_adapters/abstract/connection_pool.rb:587:in `checkout'
activerecord (6.0.0) lib/active_record/connection_adapters/abstract/connection_pool.rb:431:in `connection'
activerecord (6.0.0) lib/active_record/connection_adapters/abstract/connection_pool.rb:1111:in `retrieve_connection'
activerecord (6.0.0) lib/active_record/connection_handling.rb:231:in `retrieve_connection'
activerecord (6.0.0) lib/active_record/connection_handling.rb:199:in `connection'
activerecord (6.0.0) lib/active_record/migration.rb:562:in `call'
actionpack (6.0.0) lib/action_dispatch/middleware/callbacks.rb:27:in `block in call'
activesupport (6.0.0) lib/active_support/callbacks.rb:101:in `run_callbacks'
actionpack (6.0.0) lib/action_dispatch/middleware/callbacks.rb:26:in `call'
actionpack (6.0.0) lib/action_dispatch/middleware/executor.rb:14:in `call'
actionpack (6.0.0) lib/action_dispatch/middleware/actionable_exceptions.rb:17:in `call'
actionpack (6.0.0) lib/action_dispatch/middleware/debug_exceptions.rb:32:in `call'
web-console (4.0.1) lib/web_console/middleware.rb:132:in `call_app'
web-console (4.0.1) lib/web_console/middleware.rb:28:in `block in call'
web-console (4.0.1) lib/web_console/middleware.rb:17:in `catch'
web-console (4.0.1) lib/web_console/middleware.rb:17:in `call'
actionpack (6.0.0) lib/action_dispatch/middleware/show_exceptions.rb:33:in `call'
railties (6.0.0) lib/rails/rack/logger.rb:38:in `call_app'
railties (6.0.0) lib/rails/rack/logger.rb:26:in `block in call'
activesupport (6.0.0) lib/active_support/tagged_logging.rb:80:in `block in tagged'
activesupport (6.0.0) lib/active_support/tagged_logging.rb:28:in `tagged'
activesupport (6.0.0) lib/active_support/tagged_logging.rb:80:in `tagged'
railties (6.0.0) lib/rails/rack/logger.rb:26:in `call'
sprockets-rails (3.2.1) lib/sprockets/rails/quiet_assets.rb:13:in `call'
actionpack (6.0.0) lib/action_dispatch/middleware/remote_ip.rb:81:in `call'
actionpack (6.0.0) lib/action_dispatch/middleware/request_id.rb:27:in `call'
rack (2.0.7) lib/rack/method_override.rb:22:in `call'
rack (2.0.7) lib/rack/runtime.rb:22:in `call'
activesupport (6.0.0) lib/active_support/cache/strategy/local_cache_middleware.rb:29:in `call'
actionpack (6.0.0) lib/action_dispatch/middleware/executor.rb:14:in `call'
actionpack (6.0.0) lib/action_dispatch/middleware/static.rb:126:in `call'
rack (2.0.7) lib/rack/sendfile.rb:111:in `call'
actionpack (6.0.0) lib/action_dispatch/middleware/host_authorization.rb:83:in `call'
webpacker (4.0.7) lib/webpacker/dev_server_proxy.rb:29:in `perform_request'
rack-proxy (0.6.5) lib/rack/proxy.rb:57:in `call'
railties (6.0.0) lib/rails/engine.rb:526:in `call'
puma (3.12.1) lib/puma/configuration.rb:227:in `call'
puma (3.12.1) lib/puma/server.rb:660:in `handle_request'
puma (3.12.1) lib/puma/server.rb:474:in `process_client'
puma (3.12.1) lib/puma/server.rb:334:in `block in run'
puma (3.12.1) lib/puma/thread_pool.rb:135:in `block in spawn_thread'
  [1m[35m (584.4ms)[0m  [1m[35mCREATE DATABASE "cats_99_development" ENCODING = 'unicode'[0m
  [1m[35m (479.7ms)[0m  [1m[35mCREATE DATABASE "cats_99_test" ENCODING = 'unicode'[0m
Started GET "/" for ::1 at 2019-08-28 08:37:08 -0700
Processing by Rails::WelcomeController#index as HTML
  Rendering /Users/user/.rbenv/versions/2.5.1/lib/ruby/gems/2.5.0/gems/railties-6.0.0/lib/rails/templates/rails/welcome/index.html.erb
  Rendered /Users/user/.rbenv/versions/2.5.1/lib/ruby/gems/2.5.0/gems/railties-6.0.0/lib/rails/templates/rails/welcome/index.html.erb (Duration: 10.0ms | Allocations: 486)
Completed 200 OK in 31ms (Views: 13.6ms | ActiveRecord: 0.0ms | Allocations: 2766)


  [1m[35m (56.8ms)[0m  [1m[35mCREATE TABLE "schema_migrations" ("version" character varying NOT NULL PRIMARY KEY)[0m
  [1m[35m (51.6ms)[0m  [1m[35mCREATE TABLE "ar_internal_metadata" ("key" character varying NOT NULL PRIMARY KEY, "value" character varying, "created_at" timestamp(6) NOT NULL, "updated_at" timestamp(6) NOT NULL)[0m
  [1m[35m (1.8ms)[0m  [1m[34mSELECT pg_try_advisory_lock(2260121364129154575)[0m
  [1m[35m (2.4ms)[0m  [1m[34mSELECT "schema_migrations"."version" FROM "schema_migrations" ORDER BY "schema_migrations"."version" ASC[0m
  [1m[35m (0.8ms)[0m  [1m[34mSELECT pg_advisory_unlock(2260121364129154575)[0m
  [1m[35m (0.4ms)[0m  [1m[34mSELECT pg_try_advisory_lock(2260121364129154575)[0m
  [1m[35m (1.3ms)[0m  [1m[34mSELECT "schema_migrations"."version" FROM "schema_migrations" ORDER BY "schema_migrations"."version" ASC[0m
Migrating to CreateCats (20190828200715)
  [1m[35m (52.6ms)[0m  [1m[35mBEGIN[0m
  [1m[35m (37.5ms)[0m  [1m[35mCREATE TABLE "cats" ("id" bigserial primary key, "birth_date" date NOT NULL, "color" character varying NOT NULL, "name" character varying NOT NULL, "sex" character varying NOT NULL, "description" text NOT NULL, "created_at" timestamp(6) NOT NULL, "updated_at" timestamp(6) NOT NULL)[0m
  [1m[36mprimary::SchemaMigration Create (45.0ms)[0m  [1m[32mINSERT INTO "schema_migrations" ("version") VALUES ($1) RETURNING "version"[0m  [["version", "20190828200715"]]
  [1m[35m (0.9ms)[0m  [1m[35mCOMMIT[0m
  [1m[36mActiveRecord::InternalMetadata Load (1.0ms)[0m  [1m[34mSELECT "ar_internal_metadata".* FROM "ar_internal_metadata" WHERE "ar_internal_metadata"."key" = $1 LIMIT $2[0m  [["key", "environment"], ["LIMIT", 1]]
  [1m[35m (0.2ms)[0m  [1m[35mBEGIN[0m
  [1m[36mActiveRecord::InternalMetadata Create (1.9ms)[0m  [1m[32mINSERT INTO "ar_internal_metadata" ("key", "value", "created_at", "updated_at") VALUES ($1, $2, $3, $4) RETURNING "key"[0m  [["key", "environment"], ["value", "development"], ["created_at", "2019-08-28 20:20:10.332074"], ["updated_at", "2019-08-28 20:20:10.332074"]]
  [1m[35m (0.5ms)[0m  [1m[35mCOMMIT[0m
  [1m[35m (0.8ms)[0m  [1m[34mSELECT pg_advisory_unlock(2260121364129154575)[0m
  [1m[35m (2.8ms)[0m  [1m[34mSELECT "schema_migrations"."version" FROM "schema_migrations" ORDER BY "schema_migrations"."version" ASC[0m
DEPRECATION WARNING: Single arity template handlers are deprecated. Template handlers must
now accept two parameters, the view object and the source for the view object.
Change:
  >> Coffee::Rails::TemplateHandler.call(template)
To:
  >> Coffee::Rails::TemplateHandler.call(template, source)
 (called from <top (required)> at /Users/user/Desktop/W9D3/cats_99/config/environment.rb:5)
DEPRECATION WARNING: Single arity template handlers are deprecated. Template handlers must
now accept two parameters, the view object and the source for the view object.
Change:
  >> Coffee::Rails::TemplateHandler.call(template)
To:
  >> Coffee::Rails::TemplateHandler.call(template, source)
 (called from <top (required)> at /Users/user/Desktop/W9D3/cats_99/config/environment.rb:5)
  [1m[36mCat Load (2.6ms)[0m  [1m[34mSELECT "cats".* FROM "cats" ORDER BY "cats"."id" ASC LIMIT $1[0m  [["LIMIT", 1]]
DEPRECATION WARNING: Single arity template handlers are deprecated. Template handlers must
now accept two parameters, the view object and the source for the view object.
Change:
  >> Coffee::Rails::TemplateHandler.call(template)
To:
  >> Coffee::Rails::TemplateHandler.call(template, source)
 (called from <top (required)> at /Users/user/Desktop/W9D3/cats_99/config/environment.rb:5)
  [1m[36mCat Load (4.1ms)[0m  [1m[34mSELECT "cats".* FROM "cats"[0m
  [1m[35m (0.2ms)[0m  [1m[35mBEGIN[0m
  [1m[36mCat Create (3.3ms)[0m  [1m[32mINSERT INTO "cats" ("birth_date", "color", "name", "sex", "description", "created_at", "updated_at") VALUES ($1, $2, $3, $4, $5, $6, $7) RETURNING "id"[0m  [["birth_date", 0], ["color", "black"], ["name", "Garfield"], ["sex", "M"], ["description", "More lasagna"], ["created_at", "2019-08-28 21:58:40.526073"], ["updated_at", "2019-08-28 21:58:40.526073"]]
  [1m[35m (0.2ms)[0m  [1m[31mROLLBACK[0m
  [1m[35m (0.2ms)[0m  [1m[35mBEGIN[0m
  [1m[36mCat Create (1.9ms)[0m  [1m[32mINSERT INTO "cats" ("birth_date", "color", "name", "sex", "description", "created_at", "updated_at") VALUES ($1, $2, $3, $4, $5, $6, $7) RETURNING "id"[0m  [["birth_date", 0], ["color", "black"], ["name", "Garfield"], ["sex", "M"], ["description", "More lasagna"], ["created_at", "2019-08-28 21:59:16.290945"], ["updated_at", "2019-08-28 21:59:16.290945"]]
  [1m[35m (0.2ms)[0m  [1m[31mROLLBACK[0m
  [1m[35m (0.2ms)[0m  [1m[35mBEGIN[0m
  [1m[36mCat Create (2.0ms)[0m  [1m[32mINSERT INTO "cats" ("birth_date", "color", "name", "sex", "description", "created_at", "updated_at") VALUES ($1, $2, $3, $4, $5, $6, $7) RETURNING "id"[0m  [["birth_date", 6], ["color", "black"], ["name", "Garfield"], ["sex", "M"], ["description", "More lasagna"], ["created_at", "2019-08-28 21:59:31.248730"], ["updated_at", "2019-08-28 21:59:31.248730"]]
  [1m[35m (0.2ms)[0m  [1m[31mROLLBACK[0m
  [1m[35m (0.2ms)[0m  [1m[35mBEGIN[0m
  [1m[36mCat Create (1.8ms)[0m  [1m[32mINSERT INTO "cats" ("birth_date", "color", "name", "sex", "description", "created_at", "updated_at") VALUES ($1, $2, $3, $4, $5, $6, $7) RETURNING "id"[0m  [["birth_date", 9], ["color", "black"], ["name", "Garfield"], ["sex", "M"], ["description", "More lasagna"], ["created_at", "2019-08-28 22:00:01.289816"], ["updated_at", "2019-08-28 22:00:01.289816"]]
  [1m[35m (0.1ms)[0m  [1m[31mROLLBACK[0m
  [1m[35m (0.3ms)[0m  [1m[35mBEGIN[0m
  [1m[36mCat Create (46.5ms)[0m  [1m[32mINSERT INTO "cats" ("birth_date", "color", "name", "sex", "description", "created_at", "updated_at") VALUES ($1, $2, $3, $4, $5, $6, $7) RETURNING "id"[0m  [["birth_date", 1910], ["color", "black"], ["name", "Garfield"], ["sex", "M"], ["description", "More lasagna"], ["created_at", "2019-08-28 22:02:22.950187"], ["updated_at", "2019-08-28 22:02:22.950187"]]
  [1m[35m (0.3ms)[0m  [1m[31mROLLBACK[0m
DEPRECATION WARNING: Single arity template handlers are deprecated. Template handlers must
now accept two parameters, the view object and the source for the view object.
Change:
  >> Coffee::Rails::TemplateHandler.call(template)
To:
  >> Coffee::Rails::TemplateHandler.call(template, source)
 (called from <top (required)> at /home/kchhak/Documents/W9D3/cats_99/config/environment.rb:5)
DEPRECATION WARNING: Single arity template handlers are deprecated. Template handlers must
now accept two parameters, the view object and the source for the view object.
Change:
  >> Coffee::Rails::TemplateHandler.call(template)
To:
  >> Coffee::Rails::TemplateHandler.call(template, source)
 (called from <top (required)> at /home/kchhak/Documents/W9D3/cats_99/config/environment.rb:5)
  [1m[35m (1435.5ms)[0m  [1m[35mCREATE DATABASE "cats_99_development" ENCODING = 'unicode'[0m
  [1m[35m (919.0ms)[0m  [1m[35mCREATE DATABASE "cats_99_test" ENCODING = 'unicode'[0m
DEPRECATION WARNING: Single arity template handlers are deprecated. Template handlers must
now accept two parameters, the view object and the source for the view object.
Change:
  >> Coffee::Rails::TemplateHandler.call(template)
To:
  >> Coffee::Rails::TemplateHandler.call(template, source)
 (called from <top (required)> at /home/kchhak/Documents/W9D3/cats_99/config/environment.rb:5)
  [1m[35m (157.3ms)[0m  [1m[35mCREATE TABLE "schema_migrations" ("version" character varying NOT NULL PRIMARY KEY)[0m
  [1m[35m (166.8ms)[0m  [1m[35mCREATE TABLE "ar_internal_metadata" ("key" character varying NOT NULL PRIMARY KEY, "value" character varying, "created_at" timestamp(6) NOT NULL, "updated_at" timestamp(6) NOT NULL)[0m
  [1m[35m (0.3ms)[0m  [1m[34mSELECT pg_try_advisory_lock(2260121364129154575)[0m
  [1m[35m (1.2ms)[0m  [1m[34mSELECT "schema_migrations"."version" FROM "schema_migrations" ORDER BY "schema_migrations"."version" ASC[0m
Migrating to CreateCats (20190828200715)
  [1m[35m (0.2ms)[0m  [1m[35mBEGIN[0m
  [1m[35m (148.8ms)[0m  [1m[35mCREATE TABLE "cats" ("id" bigserial primary key, "birth_date" date NOT NULL, "color" character varying NOT NULL, "name" character varying NOT NULL, "sex" character varying NOT NULL, "description" text NOT NULL, "created_at" timestamp(6) NOT NULL, "updated_at" timestamp(6) NOT NULL)[0m
  [1m[36mprimary::SchemaMigration Create (0.5ms)[0m  [1m[32mINSERT INTO "schema_migrations" ("version") VALUES ($1) RETURNING "version"[0m  [["version", "20190828200715"]]
  [1m[35m (36.4ms)[0m  [1m[35mCOMMIT[0m
  [1m[36mActiveRecord::InternalMetadata Load (0.3ms)[0m  [1m[34mSELECT "ar_internal_metadata".* FROM "ar_internal_metadata" WHERE "ar_internal_metadata"."key" = $1 LIMIT $2[0m  [["key", "environment"], ["LIMIT", 1]]
  [1m[35m (0.4ms)[0m  [1m[35mBEGIN[0m
  [1m[36mActiveRecord::InternalMetadata Create (54.4ms)[0m  [1m[32mINSERT INTO "ar_internal_metadata" ("key", "value", "created_at", "updated_at") VALUES ($1, $2, $3, $4) RETURNING "key"[0m  [["key", "environment"], ["value", "development"], ["created_at", "2019-08-28 22:18:52.187778"], ["updated_at", "2019-08-28 22:18:52.187778"]]
  [1m[35m (51.9ms)[0m  [1m[35mCOMMIT[0m
  [1m[35m (2.4ms)[0m  [1m[34mSELECT pg_advisory_unlock(2260121364129154575)[0m
  [1m[35m (1.3ms)[0m  [1m[34mSELECT "schema_migrations"."version" FROM "schema_migrations" ORDER BY "schema_migrations"."version" ASC[0m
  [1m[35m (0.1ms)[0m  [1m[35mBEGIN[0m
  [1m[36mCat Create (0.8ms)[0m  [1m[32mINSERT INTO "cats" ("birth_date", "color", "name", "sex", "description", "created_at", "updated_at") VALUES ($1, $2, $3, $4, $5, $6, $7) RETURNING "id"[0m  [["birth_date", "2001-02-03"], ["color", "black"], ["name", "Bob"], ["sex", "M"], ["description", "Small cat"], ["created_at", "2019-08-28 22:19:31.874217"], ["updated_at", "2019-08-28 22:19:31.874217"]]
  [1m[35m (80.5ms)[0m  [1m[35mCOMMIT[0m
  [1m[36mCat Load (0.8ms)[0m  [1m[34mSELECT "cats".* FROM "cats" ORDER BY "cats"."id" ASC LIMIT $1[0m  [["LIMIT", 1]]
DEPRECATION WARNING: Single arity template handlers are deprecated. Template handlers must
now accept two parameters, the view object and the source for the view object.
Change:
  >> Coffee::Rails::TemplateHandler.call(template)
To:
  >> Coffee::Rails::TemplateHandler.call(template, source)
 (called from <top (required)> at /home/kchhak/Documents/W9D3/cats_99/config/environment.rb:5)
Started GET "/" for ::1 at 2019-08-28 15:26:10 -0700
  [1m[35m (5.0ms)[0m  [1m[34mSELECT "schema_migrations"."version" FROM "schema_migrations" ORDER BY "schema_migrations"."version" ASC[0m
Processing by Rails::WelcomeController#index as */*
  Rendering /home/kchhak/.rbenv/versions/2.5.1/lib/ruby/gems/2.5.0/gems/railties-6.0.0/lib/rails/templates/rails/welcome/index.html.erb
  Rendered /home/kchhak/.rbenv/versions/2.5.1/lib/ruby/gems/2.5.0/gems/railties-6.0.0/lib/rails/templates/rails/welcome/index.html.erb (Duration: 71.5ms | Allocations: 483)
Completed 200 OK in 241ms (Views: 142.1ms | ActiveRecord: 0.0ms | Allocations: 2631)


Started GET "/cats" for ::1 at 2019-08-28 15:26:19 -0700
Processing by CatsController#index as */*
  Rendering cats/index.html.erb within layouts/application
  [1m[36mCat Load (1.3ms)[0m  [1m[34mSELECT "cats".* FROM "cats"[0m
  ↳ app/views/cats/index.html.erb:4
  Rendered cats/index.html.erb within layouts/application (Duration: 82.4ms | Allocations: 6831)
Completed 500 Internal Server Error in 2900ms (ActiveRecord: 11.1ms | Allocations: 1569546)



NoMethodError - undefined method `javascript_pack_tag' for #<#<Class:0x0000558345829128>:0x000055834581e110>
Did you mean?  javascript_path
               javascript_tag:
  app/views/layouts/application.html.erb:9
  app/controllers/cats_controller.rb:4:in `index'

Started GET "/cats" for ::1 at 2019-08-28 15:27:29 -0700
Processing by CatsController#index as */*
  Rendering cats/index.html.erb within layouts/application
  [1m[36mCat Load (1.7ms)[0m  [1m[34mSELECT "cats".* FROM "cats"[0m
  ↳ app/views/cats/index.html.erb:4
  Rendered cats/index.html.erb within layouts/application (Duration: 5.9ms | Allocations: 862)
Completed 500 Internal Server Error in 12ms (ActiveRecord: 1.7ms | Allocations: 4270)



SyntaxError - syntax error, unexpected '<'
  </head>
  ^
/home/kchhak/Documents/W9D3/cats_99/app/views/layouts/application.html.erb:14: unknown regexp options - bdy
/home/kchhak/Documents/W9D3/cats_99/app/views/layouts/application.html.erb:15: syntax error, unexpected '<'
</html>
^
/home/kchhak/Documents/W9D3/cats_99/app/views/layouts/application.html.erb:18: unterminated regexp meets end of file
          end
             ^
/home/kchhak/Documents/W9D3/cats_99/app/views/layouts/application.html.erb:18: syntax error, unexpected end-of-input, expecting ')'
          end
             ^:
  app/views/layouts/application.html.erb:10:in `'
  app/controllers/cats_controller.rb:4:in `index'

Started GET "/cats" for ::1 at 2019-08-28 15:28:24 -0700
Processing by CatsController#index as */*
  Rendering cats/index.html.erb within layouts/application
  [1m[36mCat Load (1.8ms)[0m  [1m[34mSELECT "cats".* FROM "cats"[0m
  ↳ app/views/cats/index.html.erb:4
  Rendered cats/index.html.erb within layouts/application (Duration: 6.3ms | Allocations: 680)
Completed 500 Internal Server Error in 10ms (ActiveRecord: 1.8ms | Allocations: 3272)



SyntaxError - syntax error, unexpected '<'
  </head>
  ^
/home/kchhak/Documents/W9D3/cats_99/app/views/layouts/application.html.erb:14: unknown regexp options - bdy
/home/kchhak/Documents/W9D3/cats_99/app/views/layouts/application.html.erb:15: syntax error, unexpected '<'
</html>
^
/home/kchhak/Documents/W9D3/cats_99/app/views/layouts/application.html.erb:18: unterminated regexp meets end of file
          end
             ^
/home/kchhak/Documents/W9D3/cats_99/app/views/layouts/application.html.erb:18: syntax error, unexpected end-of-input, expecting ')'
          end
             ^:
  app/views/layouts/application.html.erb:10:in `'
  app/controllers/cats_controller.rb:4:in `index'

Started GET "/cats" for ::1 at 2019-08-28 15:28:59 -0700
Processing by CatsController#index as */*
  Rendering cats/index.html.erb within layouts/application
  [1m[36mCat Load (1.9ms)[0m  [1m[34mSELECT "cats".* FROM "cats"[0m
  ↳ app/views/cats/index.html.erb:4
  Rendered cats/index.html.erb within layouts/application (Duration: 6.5ms | Allocations: 848)
Completed 500 Internal Server Error in 12ms (ActiveRecord: 1.9ms | Allocations: 4239)



SyntaxError - syntax error, unexpected '<'
  </head>
  ^
/home/kchhak/Documents/W9D3/cats_99/app/views/layouts/application.html.erb:14: unknown regexp options - bdy
/home/kchhak/Documents/W9D3/cats_99/app/views/layouts/application.html.erb:15: syntax error, unexpected '<'
</html>
^
/home/kchhak/Documents/W9D3/cats_99/app/views/layouts/application.html.erb:18: unterminated regexp meets end of file
          end
             ^
/home/kchhak/Documents/W9D3/cats_99/app/views/layouts/application.html.erb:18: syntax error, unexpected end-of-input, expecting ')'
          end
             ^:
  app/views/layouts/application.html.erb:10:in `'
  app/controllers/cats_controller.rb:4:in `index'

Started GET "/cats" for ::1 at 2019-08-28 15:29:24 -0700
Processing by CatsController#index as */*
  Rendering cats/index.html.erb within layouts/application
  [1m[36mCat Load (0.5ms)[0m  [1m[34mSELECT "cats".* FROM "cats"[0m
  ↳ app/views/cats/index.html.erb:4
  Rendered cats/index.html.erb within layouts/application (Duration: 6.5ms | Allocations: 855)
Completed 200 OK in 14ms (Views: 13.3ms | ActiveRecord: 0.5ms | Allocations: 3850)


Started GET "/" for ::1 at 2019-08-28 15:30:50 -0700
Processing by Rails::WelcomeController#index as HTML
  Rendering /home/kchhak/.rbenv/versions/2.5.1/lib/ruby/gems/2.5.0/gems/railties-6.0.0/lib/rails/templates/rails/welcome/index.html.erb
  Rendered /home/kchhak/.rbenv/versions/2.5.1/lib/ruby/gems/2.5.0/gems/railties-6.0.0/lib/rails/templates/rails/welcome/index.html.erb (Duration: 5.7ms | Allocations: 195)
Completed 200 OK in 9ms (Views: 8.0ms | ActiveRecord: 0.0ms | Allocations: 743)


Started GET "/cats" for ::1 at 2019-08-28 15:31:19 -0700
Processing by CatsController#index as HTML
  Rendering cats/index.html.erb within layouts/application
  [1m[36mCat Load (0.7ms)[0m  [1m[34mSELECT "cats".* FROM "cats"[0m
  ↳ app/views/cats/index.html.erb:4
  Rendered cats/index.html.erb within layouts/application (Duration: 5.8ms | Allocations: 684)
Completed 200 OK in 20ms (Views: 18.2ms | ActiveRecord: 0.7ms | Allocations: 2812)


Started GET "/cats/1" for ::1 at 2019-08-28 15:31:22 -0700
Processing by CatsController#show as HTML
  Parameters: {"id"=>"1"}
  [1m[36mCat Load (0.3ms)[0m  [1m[34mSELECT "cats".* FROM "cats" WHERE "cats"."id" = $1 LIMIT $2[0m  [["id", 1], ["LIMIT", 1]]
  ↳ app/controllers/cats_controller.rb:8:in `show'
  Rendering cats/show.html.erb within layouts/application
  Rendered cats/show.html.erb within layouts/application (Duration: 21.5ms | Allocations: 5449)
Completed 500 Internal Server Error in 70ms (ActiveRecord: 0.6ms | Allocations: 11405)



NoMethodError - undefined method `age' for #<Cat:0x00007fd2f8a124d0>:
  app/views/cats/show.html.erb:13
  app/views/cats/show.html.erb:11
  app/controllers/cats_controller.rb:9:in `show'

Started POST "/__better_errors/71b0ebeb548553e2/variables" for ::1 at 2019-08-28 15:31:22 -0700
Started GET "/cats/1" for ::1 at 2019-08-28 15:32:45 -0700
Processing by CatsController#show as HTML
  Parameters: {"id"=>"1"}
  [1m[36mCat Load (0.5ms)[0m  [1m[34mSELECT "cats".* FROM "cats" WHERE "cats"."id" = $1 LIMIT $2[0m  [["id", 1], ["LIMIT", 1]]
  ↳ app/controllers/cats_controller.rb:8:in `show'
  Rendering cats/show.html.erb within layouts/application
  Rendered cats/show.html.erb within layouts/application (Duration: 4.2ms | Allocations: 309)
Completed 200 OK in 20ms (Views: 18.3ms | ActiveRecord: 0.5ms | Allocations: 3872)


Started GET "/cats" for ::1 at 2019-08-28 15:32:48 -0700
Processing by CatsController#index as HTML
  Rendering cats/index.html.erb within layouts/application
  [1m[36mCat Load (1.1ms)[0m  [1m[34mSELECT "cats".* FROM "cats"[0m
  ↳ app/views/cats/index.html.erb:4
  Rendered cats/index.html.erb within layouts/application (Duration: 3.7ms | Allocations: 848)
Completed 200 OK in 15ms (Views: 12.5ms | ActiveRecord: 1.1ms | Allocations: 3084)


Started GET "/cats/1" for ::1 at 2019-08-28 15:32:50 -0700
Processing by CatsController#show as HTML
  Parameters: {"id"=>"1"}
  [1m[36mCat Load (0.4ms)[0m  [1m[34mSELECT "cats".* FROM "cats" WHERE "cats"."id" = $1 LIMIT $2[0m  [["id", 1], ["LIMIT", 1]]
  ↳ app/controllers/cats_controller.rb:8:in `show'
  Rendering cats/show.html.erb within layouts/application
  Rendered cats/show.html.erb within layouts/application (Duration: 0.6ms | Allocations: 105)
Completed 200 OK in 13ms (Views: 9.6ms | ActiveRecord: 0.4ms | Allocations: 2752)


  [1m[35m (0.6ms)[0m  [1m[34mSELECT "schema_migrations"."version" FROM "schema_migrations" ORDER BY "schema_migrations"."version" ASC[0m
  [1m[36mCat Load (0.4ms)[0m  [1m[34mSELECT "cats".* FROM "cats"[0m
  [1m[35m (0.9ms)[0m  [1m[34mSELECT "schema_migrations"."version" FROM "schema_migrations" ORDER BY "schema_migrations"."version" ASC[0m
Started GET "/cats" for 127.0.0.1 at 2019-08-28 15:40:04 -0700
Processing by CatsController#index as */*
  Rendering cats/index.html.erb within layouts/application
  [1m[36mCat Load (3.2ms)[0m  [1m[34mSELECT "cats".* FROM "cats"[0m
  ↳ app/views/cats/index.html.erb:4
  Rendered cats/index.html.erb within layouts/application (Duration: 13.9ms | Allocations: 800)
Completed 200 OK in 35ms (Views: 30.8ms | ActiveRecord: 3.2ms | Allocations: 2966)


  [1m[35m (1.1ms)[0m  [1m[34mSELECT "schema_migrations"."version" FROM "schema_migrations" ORDER BY "schema_migrations"."version" ASC[0m
  [1m[35m (1.3ms)[0m  [1m[34mSELECT "schema_migrations"."version" FROM "schema_migrations" ORDER BY "schema_migrations"."version" ASC[0m
  [1m[35m (0.8ms)[0m  [1m[34mSELECT "ar_internal_metadata"."value" FROM "ar_internal_metadata" WHERE "ar_internal_metadata"."key" = $1[0m  [["key", "environment"]]
  [1m[35m (0.4ms)[0m  [1m[34mSELECT "schema_migrations"."version" FROM "schema_migrations" ORDER BY "schema_migrations"."version" ASC[0m
  [1m[35m (0.2ms)[0m  [1m[34mSELECT "ar_internal_metadata"."value" FROM "ar_internal_metadata" WHERE "ar_internal_metadata"."key" = $1[0m  [["key", "environment"]]
  [1m[35m (0.1ms)[0m  [1m[34mSELECT "schema_migrations"."version" FROM "schema_migrations" ORDER BY "schema_migrations"."version" ASC[0m
  [1m[35m (0.5ms)[0m  [1m[34mSELECT "ar_internal_metadata"."value" FROM "ar_internal_metadata" WHERE "ar_internal_metadata"."key" = $1[0m  [["key", "environment"]]
  [1m[35m (579.8ms)[0m  [1m[35mDROP DATABASE IF EXISTS "cats_99_development"[0m
  [1m[35m (330.5ms)[0m  [1m[35mDROP DATABASE IF EXISTS "cats_99_test"[0m
  [1m[35m (875.4ms)[0m  [1m[35mCREATE DATABASE "cats_99_development" ENCODING = 'unicode'[0m
  [1m[35m (1112.5ms)[0m  [1m[35mCREATE DATABASE "cats_99_test" ENCODING = 'unicode'[0m
  [1m[35mSQL (1.2ms)[0m  [1m[35mCREATE EXTENSION IF NOT EXISTS "plpgsql"[0m
  [1m[35m (36.2ms)[0m  [1m[35mDROP TABLE IF EXISTS "cats" CASCADE[0m
  [1m[35m (178.4ms)[0m  [1m[35mCREATE TABLE "cats" ("id" bigserial primary key, "birth_date" date NOT NULL, "color" character varying NOT NULL, "name" character varying NOT NULL, "sex" character varying NOT NULL, "description" text NOT NULL, "created_at" timestamp(6) NOT NULL, "updated_at" timestamp(6) NOT NULL)[0m
  [1m[35m (143.6ms)[0m  [1m[35mCREATE TABLE "schema_migrations" ("version" character varying NOT NULL PRIMARY KEY)[0m
  [1m[35m (0.5ms)[0m  [1m[34mSELECT "schema_migrations"."version" FROM "schema_migrations" ORDER BY "schema_migrations"."version" ASC[0m
  [1m[35m (41.6ms)[0m  [1m[32mINSERT INTO "schema_migrations" (version) VALUES (20190828200715)[0m
  [1m[35m (207.6ms)[0m  [1m[35mCREATE TABLE "ar_internal_metadata" ("key" character varying NOT NULL PRIMARY KEY, "value" character varying, "created_at" timestamp(6) NOT NULL, "updated_at" timestamp(6) NOT NULL)[0m
  [1m[36mActiveRecord::InternalMetadata Load (0.3ms)[0m  [1m[34mSELECT "ar_internal_metadata".* FROM "ar_internal_metadata" WHERE "ar_internal_metadata"."key" = $1 LIMIT $2[0m  [["key", "environment"], ["LIMIT", 1]]
  [1m[35m (0.1ms)[0m  [1m[35mBEGIN[0m
  [1m[36mActiveRecord::InternalMetadata Create (2.1ms)[0m  [1m[32mINSERT INTO "ar_internal_metadata" ("key", "value", "created_at", "updated_at") VALUES ($1, $2, $3, $4) RETURNING "key"[0m  [["key", "environment"], ["value", "development"], ["created_at", "2019-08-28 22:52:16.577842"], ["updated_at", "2019-08-28 22:52:16.577842"]]
  [1m[35m (9.6ms)[0m  [1m[35mCOMMIT[0m
  [1m[36mActiveRecord::InternalMetadata Load (0.6ms)[0m  [1m[34mSELECT "ar_internal_metadata".* FROM "ar_internal_metadata" WHERE "ar_internal_metadata"."key" = $1 LIMIT $2[0m  [["key", "environment"], ["LIMIT", 1]]
  [1m[36mActiveRecord::InternalMetadata Load (0.5ms)[0m  [1m[34mSELECT "ar_internal_metadata".* FROM "ar_internal_metadata" WHERE "ar_internal_metadata"."key" = $1 LIMIT $2[0m  [["key", "schema_sha1"], ["LIMIT", 1]]
  [1m[35m (0.4ms)[0m  [1m[35mBEGIN[0m
  [1m[36mActiveRecord::InternalMetadata Create (1.8ms)[0m  [1m[32mINSERT INTO "ar_internal_metadata" ("key", "value", "created_at", "updated_at") VALUES ($1, $2, $3, $4) RETURNING "key"[0m  [["key", "schema_sha1"], ["value", "3f00439bcba07bf703637a26f9e7f30b48377734"], ["created_at", "2019-08-28 22:52:16.612185"], ["updated_at", "2019-08-28 22:52:16.612185"]]
  [1m[35m (7.8ms)[0m  [1m[35mCOMMIT[0m
  [1m[35mSQL (0.7ms)[0m  [1m[35mCREATE EXTENSION IF NOT EXISTS "plpgsql"[0m
  [1m[35m (0.4ms)[0m  [1m[35mDROP TABLE IF EXISTS "cats" CASCADE[0m
  [1m[35m (199.4ms)[0m  [1m[35mCREATE TABLE "cats" ("id" bigserial primary key, "birth_date" date NOT NULL, "color" character varying NOT NULL, "name" character varying NOT NULL, "sex" character varying NOT NULL, "description" text NOT NULL, "created_at" timestamp(6) NOT NULL, "updated_at" timestamp(6) NOT NULL)[0m
  [1m[35m (232.2ms)[0m  [1m[35mCREATE TABLE "schema_migrations" ("version" character varying NOT NULL PRIMARY KEY)[0m
  [1m[35m (0.6ms)[0m  [1m[34mSELECT "schema_migrations"."version" FROM "schema_migrations" ORDER BY "schema_migrations"."version" ASC[0m
  [1m[35m (18.2ms)[0m  [1m[32mINSERT INTO "schema_migrations" (version) VALUES (20190828200715)[0m
  [1m[35m (195.1ms)[0m  [1m[35mCREATE TABLE "ar_internal_metadata" ("key" character varying NOT NULL PRIMARY KEY, "value" character varying, "created_at" timestamp(6) NOT NULL, "updated_at" timestamp(6) NOT NULL)[0m
  [1m[36mActiveRecord::InternalMetadata Load (1.2ms)[0m  [1m[34mSELECT "ar_internal_metadata".* FROM "ar_internal_metadata" WHERE "ar_internal_metadata"."key" = $1 LIMIT $2[0m  [["key", "environment"], ["LIMIT", 1]]
  [1m[35m (0.2ms)[0m  [1m[35mBEGIN[0m
  [1m[36mActiveRecord::InternalMetadata Create (0.6ms)[0m  [1m[32mINSERT INTO "ar_internal_metadata" ("key", "value", "created_at", "updated_at") VALUES ($1, $2, $3, $4) RETURNING "key"[0m  [["key", "environment"], ["value", "development"], ["created_at", "2019-08-28 22:52:17.388361"], ["updated_at", "2019-08-28 22:52:17.388361"]]
  [1m[35m (13.3ms)[0m  [1m[35mCOMMIT[0m
  [1m[36mActiveRecord::InternalMetadata Load (2.1ms)[0m  [1m[34mSELECT "ar_internal_metadata".* FROM "ar_internal_metadata" WHERE "ar_internal_metadata"."key" = $1 LIMIT $2[0m  [["key", "environment"], ["LIMIT", 1]]
  [1m[35m (0.7ms)[0m  [1m[35mBEGIN[0m
  [1m[36mActiveRecord::InternalMetadata Update (1.8ms)[0m  [1m[33mUPDATE "ar_internal_metadata" SET "value" = $1, "updated_at" = $2 WHERE "ar_internal_metadata"."key" = $3[0m  [["value", "test"], ["updated_at", "2019-08-28 22:52:17.425167"], ["key", "environment"]]
  [1m[35m (14.9ms)[0m  [1m[35mCOMMIT[0m
  [1m[36mActiveRecord::InternalMetadata Load (0.3ms)[0m  [1m[34mSELECT "ar_internal_metadata".* FROM "ar_internal_metadata" WHERE "ar_internal_metadata"."key" = $1 LIMIT $2[0m  [["key", "schema_sha1"], ["LIMIT", 1]]
  [1m[35m (0.1ms)[0m  [1m[35mBEGIN[0m
  [1m[36mActiveRecord::InternalMetadata Create (2.5ms)[0m  [1m[32mINSERT INTO "ar_internal_metadata" ("key", "value", "created_at", "updated_at") VALUES ($1, $2, $3, $4) RETURNING "key"[0m  [["key", "schema_sha1"], ["value", "3f00439bcba07bf703637a26f9e7f30b48377734"], ["created_at", "2019-08-28 22:52:17.461194"], ["updated_at", "2019-08-28 22:52:17.461194"]]
  [1m[35m (11.7ms)[0m  [1m[35mCOMMIT[0m
  [1m[35m (0.6ms)[0m  [1m[34mSELECT "schema_migrations"."version" FROM "schema_migrations" ORDER BY "schema_migrations"."version" ASC[0m
  [1m[35m (2.1ms)[0m  [1m[34mSELECT "schema_migrations"."version" FROM "schema_migrations" ORDER BY "schema_migrations"."version" ASC[0m
Started GET "/cats" for 127.0.0.1 at 2019-08-28 15:52:31 -0700
Processing by CatsController#index as */*
  Rendering cats/index.html.erb within layouts/application
  [1m[36mCat Load (2.0ms)[0m  [1m[34mSELECT "cats".* FROM "cats"[0m
  ↳ app/views/cats/index.html.erb:4
  Rendered cats/index.html.erb within layouts/application (Duration: 4.9ms | Allocations: 731)
Completed 200 OK in 17ms (Views: 13.1ms | ActiveRecord: 2.0ms | Allocations: 2824)


  [1m[35m (1.0ms)[0m  [1m[34mSELECT "schema_migrations"."version" FROM "schema_migrations" ORDER BY "schema_migrations"."version" ASC[0m
Started GET "/cats" for 127.0.0.1 at 2019-08-28 15:54:06 -0700
Processing by CatsController#index as */*
  Rendering cats/index.html.erb within layouts/application
  [1m[36mCat Load (0.4ms)[0m  [1m[34mSELECT "cats".* FROM "cats"[0m
  ↳ app/views/cats/index.html.erb:4
  Rendered cats/index.html.erb within layouts/application (Duration: 2.0ms | Allocations: 611)
Completed 200 OK in 6ms (Views: 4.6ms | ActiveRecord: 0.4ms | Allocations: 2715)


  [1m[35m (1.0ms)[0m  [1m[34mSELECT "schema_migrations"."version" FROM "schema_migrations" ORDER BY "schema_migrations"."version" ASC[0m
  [1m[35m (0.2ms)[0m  [1m[35mBEGIN[0m
  [1m[36mCat Create (0.5ms)[0m  [1m[32mINSERT INTO "cats" ("birth_date", "color", "name", "sex", "description", "created_at", "updated_at") VALUES ($1, $2, $3, $4, $5, $6, $7) RETURNING "id"[0m  [["birth_date", "1999-02-03"], ["color", "black"], ["name", "Bobby"], ["sex", "M"], ["description", "Aint right"], ["created_at", "2019-08-28 23:01:11.735215"], ["updated_at", "2019-08-28 23:01:11.735215"]]
  [1m[35m (15.7ms)[0m  [1m[35mCOMMIT[0m
  [1m[35m (0.1ms)[0m  [1m[35mBEGIN[0m
  [1m[36mCat Create (0.4ms)[0m  [1m[32mINSERT INTO "cats" ("birth_date", "color", "name", "sex", "description", "created_at", "updated_at") VALUES ($1, $2, $3, $4, $5, $6, $7) RETURNING "id"[0m  [["birth_date", "1998-12-31"], ["color", "black"], ["name", "Nirmal"], ["sex", "F"], ["description", "Extremely adorable"], ["created_at", "2019-08-28 23:01:11.755703"], ["updated_at", "2019-08-28 23:01:11.755703"]]
  [1m[35m (6.2ms)[0m  [1m[35mCOMMIT[0m
  [1m[35m (0.2ms)[0m  [1m[35mBEGIN[0m
  [1m[36mCat Create (0.6ms)[0m  [1m[32mINSERT INTO "cats" ("birth_date", "color", "name", "sex", "description", "created_at", "updated_at") VALUES ($1, $2, $3, $4, $5, $6, $7) RETURNING "id"[0m  [["birth_date", "1992-06-05"], ["color", "black"], ["name", "Hank"], ["sex", "M"], ["description", "Enjoys propane"], ["created_at", "2019-08-28 23:01:11.768259"], ["updated_at", "2019-08-28 23:01:11.768259"]]
  [1m[35m (3.4ms)[0m  [1m[35mCOMMIT[0m
  [1m[35m (0.7ms)[0m  [1m[35mBEGIN[0m
  [1m[36mCat Create (0.7ms)[0m  [1m[32mINSERT INTO "cats" ("birth_date", "color", "name", "sex", "description", "created_at", "updated_at") VALUES ($1, $2, $3, $4, $5, $6, $7) RETURNING "id"[0m  [["birth_date", "1458-04-01"], ["color", "black"], ["name", "Peggy"], ["sex", "F"], ["description", "Teaches spanish"], ["created_at", "2019-08-28 23:01:11.778846"], ["updated_at", "2019-08-28 23:01:11.778846"]]
  [1m[35m (11.9ms)[0m  [1m[35mCOMMIT[0m
  [1m[35m (0.2ms)[0m  [1m[35mBEGIN[0m
  [1m[36mCat Create (0.4ms)[0m  [1m[32mINSERT INTO "cats" ("birth_date", "color", "name", "sex", "description", "created_at", "updated_at") VALUES ($1, $2, $3, $4, $5, $6, $7) RETURNING "id"[0m  [["birth_date", "1692-05-01"], ["color", "black"], ["name", "Dale"], ["sex", "M"], ["description", "Will throw sand"], ["created_at", "2019-08-28 23:01:11.800902"], ["updated_at", "2019-08-28 23:01:11.800902"]]
  [1m[35m (47.8ms)[0m  [1m[35mCOMMIT[0m
  [1m[35m (0.1ms)[0m  [1m[35mBEGIN[0m
  [1m[36mCat Create (0.3ms)[0m  [1m[32mINSERT INTO "cats" ("birth_date", "color", "name", "sex", "description", "created_at", "updated_at") VALUES ($1, $2, $3, $4, $5, $6, $7) RETURNING "id"[0m  [["birth_date", "1776-07-04"], ["color", "white"], ["name", "FreedomCat"], ["sex", "M"], ["description", "Small cat"], ["created_at", "2019-08-28 23:01:11.855647"], ["updated_at", "2019-08-28 23:01:11.855647"]]
  [1m[35m (50.5ms)[0m  [1m[35mCOMMIT[0m
  [1m[35m (0.2ms)[0m  [1m[35mBEGIN[0m
  [1m[36mCat Create (0.3ms)[0m  [1m[32mINSERT INTO "cats" ("birth_date", "color", "name", "sex", "description", "created_at", "updated_at") VALUES ($1, $2, $3, $4, $5, $6, $7) RETURNING "id"[0m  [["birth_date", "0001-01-01"], ["color", "orange"], ["name", "Garfield"], ["sex", "M"], ["description", "Primordial being"], ["created_at", "2019-08-28 23:01:11.912093"], ["updated_at", "2019-08-28 23:01:11.912093"]]
  [1m[35m (48.6ms)[0m  [1m[35mCOMMIT[0m
DEPRECATION WARNING: Single arity template handlers are deprecated. Template handlers must
now accept two parameters, the view object and the source for the view object.
Change:
  >> Coffee::Rails::TemplateHandler.call(template)
To:
  >> Coffee::Rails::TemplateHandler.call(template, source)
 (called from <top (required)> at /home/kchhak/Documents/W9D3/cats_99/config/environment.rb:5)
Started GET "/cats.1" for ::1 at 2019-08-28 16:02:01 -0700
  [1m[35m (0.5ms)[0m  [1m[34mSELECT "schema_migrations"."version" FROM "schema_migrations" ORDER BY "schema_migrations"."version" ASC[0m
Processing by CatsController#index as 
  Rendering cats/index.html.erb within layouts/application
  [1m[36mCat Load (0.6ms)[0m  [1m[34mSELECT "cats".* FROM "cats"[0m
  ↳ app/views/cats/index.html.erb:4
  Rendered cats/index.html.erb within layouts/application (Duration: 27.8ms | Allocations: 7386)
Completed 200 OK in 1246ms (Views: 1231.6ms | ActiveRecord: 10.0ms | Allocations: 1488556)


Started GET "/cats/2" for ::1 at 2019-08-28 16:02:08 -0700
Processing by CatsController#show as HTML
  Parameters: {"id"=>"2"}
  [1m[36mCat Load (0.3ms)[0m  [1m[34mSELECT "cats".* FROM "cats" WHERE "cats"."id" = $1 LIMIT $2[0m  [["id", 2], ["LIMIT", 1]]
  ↳ app/controllers/cats_controller.rb:8:in `show'
  Rendering cats/show.html.erb within layouts/application
  Rendered cats/show.html.erb within layouts/application (Duration: 0.9ms | Allocations: 322)
Completed 200 OK in 12ms (Views: 7.3ms | ActiveRecord: 0.5ms | Allocations: 3886)


Started GET "/cats/7" for ::1 at 2019-08-28 16:02:11 -0700
Processing by CatsController#show as HTML
  Parameters: {"id"=>"7"}
  [1m[36mCat Load (0.5ms)[0m  [1m[34mSELECT "cats".* FROM "cats" WHERE "cats"."id" = $1 LIMIT $2[0m  [["id", 7], ["LIMIT", 1]]
  ↳ app/controllers/cats_controller.rb:8:in `show'
  Rendering cats/show.html.erb within layouts/application
  Rendered cats/show.html.erb within layouts/application (Duration: 0.6ms | Allocations: 105)
Completed 200 OK in 8ms (Views: 4.2ms | ActiveRecord: 0.5ms | Allocations: 2760)


Started GET "/cats/1" for ::1 at 2019-08-28 16:03:11 -0700
Processing by CatsController#show as HTML
  Parameters: {"id"=>"1"}
  [1m[36mCat Load (0.6ms)[0m  [1m[34mSELECT "cats".* FROM "cats" WHERE "cats"."id" = $1 LIMIT $2[0m  [["id", 1], ["LIMIT", 1]]
  ↳ app/controllers/cats_controller.rb:8:in `show'
  Rendering cats/show.html.erb within layouts/application
  Rendered cats/show.html.erb within layouts/application (Duration: 0.4ms | Allocations: 105)
Completed 200 OK in 6ms (Views: 3.3ms | ActiveRecord: 0.6ms | Allocations: 2760)


Started GET "/cats/6" for ::1 at 2019-08-28 16:03:13 -0700
Processing by CatsController#show as HTML
  Parameters: {"id"=>"6"}
  [1m[36mCat Load (0.4ms)[0m  [1m[34mSELECT "cats".* FROM "cats" WHERE "cats"."id" = $1 LIMIT $2[0m  [["id", 6], ["LIMIT", 1]]
  ↳ app/controllers/cats_controller.rb:8:in `show'
  Rendering cats/show.html.erb within layouts/application
  Rendered cats/show.html.erb within layouts/application (Duration: 1.2ms | Allocations: 104)
Completed 200 OK in 11ms (Views: 7.3ms | ActiveRecord: 0.4ms | Allocations: 2739)


Started GET "/cats/5" for ::1 at 2019-08-28 16:03:15 -0700
Processing by CatsController#show as HTML
  Parameters: {"id"=>"5"}
  [1m[36mCat Load (1.7ms)[0m  [1m[34mSELECT "cats".* FROM "cats" WHERE "cats"."id" = $1 LIMIT $2[0m  [["id", 5], ["LIMIT", 1]]
  ↳ app/controllers/cats_controller.rb:8:in `show'
  Rendering cats/show.html.erb within layouts/application
  Rendered cats/show.html.erb within layouts/application (Duration: 0.4ms | Allocations: 105)
Completed 200 OK in 10ms (Views: 4.3ms | ActiveRecord: 1.7ms | Allocations: 2759)


Started GET "/cats/3" for ::1 at 2019-08-28 16:03:16 -0700
Processing by CatsController#show as HTML
  Parameters: {"id"=>"3"}
  [1m[36mCat Load (0.3ms)[0m  [1m[34mSELECT "cats".* FROM "cats" WHERE "cats"."id" = $1 LIMIT $2[0m  [["id", 3], ["LIMIT", 1]]
  ↳ app/controllers/cats_controller.rb:8:in `show'
  Rendering cats/show.html.erb within layouts/application
  Rendered cats/show.html.erb within layouts/application (Duration: 1.2ms | Allocations: 104)
Completed 200 OK in 10ms (Views: 7.4ms | ActiveRecord: 0.3ms | Allocations: 2742)


  [1m[36mCat Load (0.3ms)[0m  [1m[34mSELECT "cats".* FROM "cats"[0m
Started GET "/cats/4" for ::1 at 2019-08-28 16:07:58 -0700
Processing by CatsController#show as HTML
  Parameters: {"id"=>"4"}
  [1m[36mCat Load (0.9ms)[0m  [1m[34mSELECT "cats".* FROM "cats" WHERE "cats"."id" = $1 LIMIT $2[0m  [["id", 4], ["LIMIT", 1]]
  ↳ app/controllers/cats_controller.rb:8:in `show'
  Rendering cats/show.html.erb within layouts/application
  Rendered cats/show.html.erb within layouts/application (Duration: 1.5ms | Allocations: 322)
Completed 200 OK in 10ms (Views: 6.4ms | ActiveRecord: 0.9ms | Allocations: 3877)


Started GET "/cats.4" for ::1 at 2019-08-28 16:08:08 -0700
Processing by CatsController#index as 
  Rendering cats/index.html.erb within layouts/application
  [1m[36mCat Load (0.3ms)[0m  [1m[34mSELECT "cats".* FROM "cats"[0m
  ↳ app/views/cats/index.html.erb:4
  Rendered cats/index.html.erb within layouts/application (Duration: 2.8ms | Allocations: 1132)
Completed 200 OK in 6ms (Views: 5.6ms | ActiveRecord: 0.3ms | Allocations: 3410)


Started GET "/cats/6" for ::1 at 2019-08-28 16:08:10 -0700
Processing by CatsController#show as HTML
  Parameters: {"id"=>"6"}
  [1m[36mCat Load (0.4ms)[0m  [1m[34mSELECT "cats".* FROM "cats" WHERE "cats"."id" = $1 LIMIT $2[0m  [["id", 6], ["LIMIT", 1]]
  ↳ app/controllers/cats_controller.rb:8:in `show'
  Rendering cats/show.html.erb within layouts/application
  Rendered cats/show.html.erb within layouts/application (Duration: 0.3ms | Allocations: 113)
Completed 200 OK in 5ms (Views: 2.5ms | ActiveRecord: 0.4ms | Allocations: 2752)


Started GET "/cats.6" for ::1 at 2019-08-28 16:08:37 -0700
Processing by CatsController#index as 
  Rendering cats/index.html.erb within layouts/application
  [1m[36mCat Load (1.6ms)[0m  [1m[34mSELECT "cats".* FROM "cats"[0m
  ↳ app/views/cats/index.html.erb:4
  Rendered cats/index.html.erb within layouts/application (Duration: 5.7ms | Allocations: 963)
Completed 200 OK in 13ms (Views: 10.1ms | ActiveRecord: 1.6ms | Allocations: 3058)


Started GET "/cats/7" for ::1 at 2019-08-28 16:08:38 -0700
Processing by CatsController#show as HTML
  Parameters: {"id"=>"7"}
  [1m[36mCat Load (0.4ms)[0m  [1m[34mSELECT "cats".* FROM "cats" WHERE "cats"."id" = $1 LIMIT $2[0m  [["id", 7], ["LIMIT", 1]]
  ↳ app/controllers/cats_controller.rb:8:in `show'
  Rendering cats/show.html.erb within layouts/application
  Rendered cats/show.html.erb within layouts/application (Duration: 0.4ms | Allocations: 112)
Completed 200 OK in 6ms (Views: 3.4ms | ActiveRecord: 0.4ms | Allocations: 2753)


Started GET "/cats/new" for ::1 at 2019-08-28 16:09:23 -0700
Processing by CatsController#new as HTML
  Rendering cats/new.html.erb within layouts/application
  Rendered cats/_form.html.erb (Duration: 63.1ms | Allocations: 11334)
  Rendered cats/new.html.erb within layouts/application (Duration: 64.1ms | Allocations: 11657)
Completed 500 Internal Server Error in 66ms (ActiveRecord: 0.0ms | Allocations: 12068)



NameError - uninitialized constant ActionView::Template::SyntaxErrorInTemplate
Did you mean?  ActionView::SyntaxErrorInTemplate:
  app/views/cats/new.html.erb:2

Started POST "/__better_errors/f6bb11cbe7c0e424/variables" for ::1 at 2019-08-28 16:09:23 -0700
Started GET "/cats/new" for ::1 at 2019-08-28 16:16:06 -0700
Processing by CatsController#new as HTML
  Rendering cats/new.html.erb within layouts/application
  Rendered cats/_form.html.erb (Duration: 9.5ms | Allocations: 2902)
  Rendered cats/new.html.erb within layouts/application (Duration: 10.5ms | Allocations: 2981)
Completed 500 Internal Server Error in 30ms (ActiveRecord: 0.0ms | Allocations: 9262)



SyntaxError - syntax error, unexpected ')', expecting keyword_end
...ted? ? cat_url(cat) : cats_url) 
...                              ^:
  app/views/cats/_form.html.erb:1:in `'
  app/views/cats/new.html.erb:2
  app/controllers/cats_controller.rb:14:in `new'

Started POST "/__better_errors/f5a99199c2b0f84b/variables" for ::1 at 2019-08-28 16:16:07 -0700
Started GET "/cats/new" for ::1 at 2019-08-28 16:16:51 -0700
Processing by CatsController#new as HTML
  Rendering cats/new.html.erb within layouts/application
  Rendered cats/_form.html.erb (Duration: 1.7ms | Allocations: 2944)
  Rendered cats/new.html.erb within layouts/application (Duration: 1.9ms | Allocations: 3023)
Completed 500 Internal Server Error in 3ms (ActiveRecord: 0.0ms | Allocations: 3306)



SyntaxError - syntax error, unexpected ')', expecting keyword_end
...ted? ? cat_url(cat) : cats_url) 
...                              ^:
  app/views/cats/_form.html.erb:1:in `'
  app/views/cats/new.html.erb:2
  app/controllers/cats_controller.rb:14:in `new'

Started POST "/__better_errors/adecf940b1622bee/variables" for ::1 at 2019-08-28 16:16:51 -0700
Started GET "/cats/new" for ::1 at 2019-08-28 16:16:59 -0700
Processing by CatsController#new as HTML
  Rendering cats/new.html.erb within layouts/application
  Rendered cats/_form.html.erb (Duration: 0.7ms | Allocations: 419)
  Rendered cats/new.html.erb within layouts/application (Duration: 1.5ms | Allocations: 731)
Completed 200 OK in 7ms (Views: 6.5ms | ActiveRecord: 0.0ms | Allocations: 3754)


Started GET "/cats/new" for ::1 at 2019-08-28 16:19:24 -0700
Processing by CatsController#new as HTML
  Rendering cats/new.html.erb within layouts/application
  Rendered cats/_form.html.erb (Duration: 0.9ms | Allocations: 404)
  Rendered cats/new.html.erb within layouts/application (Duration: 2.0ms | Allocations: 715)
Completed 200 OK in 9ms (Views: 7.8ms | ActiveRecord: 0.0ms | Allocations: 3735)


Started POST "/cats" for ::1 at 2019-08-28 16:19:56 -0700
Processing by CatsController#create as HTML
  Parameters: {"cat"=>{"name"=>"Geoff", "sex"=>"M", "birth_date"=>"1996-12-02", "description"=>"     Test cat   \r\n    "}}
  Rendering cats/new.html.erb within layouts/application
  Rendered cats/_form.html.erb (Duration: 1.8ms | Allocations: 85)
  Rendered cats/new.html.erb within layouts/application (Duration: 2.1ms | Allocations: 161)
Completed 200 OK in 367ms (Views: 6.0ms | ActiveRecord: 0.0ms | Allocations: 7421)


Started POST "/cats" for ::1 at 2019-08-28 16:20:42 -0700
Processing by CatsController#create as HTML
  Parameters: {"cat"=>{"name"=>"Geoff", "sex"=>"M", "birth_date"=>"1996-12-02", "description"=>"             Test cat   \r\n     \r\n    "}}
  Rendering cats/new.html.erb within layouts/application
  Rendered cats/_form.html.erb (Duration: 1.5ms | Allocations: 75)
  Rendered cats/new.html.erb within layouts/application (Duration: 2.0ms | Allocations: 151)
Completed 200 OK in 9ms (Views: 6.0ms | ActiveRecord: 0.0ms | Allocations: 4000)


Started POST "/cats" for ::1 at 2019-08-28 16:21:47 -0700
Processing by CatsController#create as HTML
  Parameters: {"cat"=>{"name"=>"Geoff", "sex"=>"M", "birth_date"=>"1996-12-02", "description"=>"                     Test cat   \r\n     \r\n     \r\n    "}}
  Rendering cats/new.html.erb within layouts/application
  Rendered cats/_form.html.erb (Duration: 0.7ms | Allocations: 412)
  Rendered cats/new.html.erb within layouts/application (Duration: 1.6ms | Allocations: 723)
Completed 200 OK in 14ms (Views: 9.4ms | ActiveRecord: 0.0ms | Allocations: 5483)


Started GET "/" for ::1 at 2019-08-28 16:22:03 -0700
Processing by Rails::WelcomeController#index as HTML
  Rendering /home/kchhak/.rbenv/versions/2.5.1/lib/ruby/gems/2.5.0/gems/railties-6.0.0/lib/rails/templates/rails/welcome/index.html.erb
  Rendered /home/kchhak/.rbenv/versions/2.5.1/lib/ruby/gems/2.5.0/gems/railties-6.0.0/lib/rails/templates/rails/welcome/index.html.erb (Duration: 4.1ms | Allocations: 200)
Completed 200 OK in 6ms (Views: 5.1ms | ActiveRecord: 0.0ms | Allocations: 788)


Started GET "/cats" for ::1 at 2019-08-28 16:22:08 -0700
Processing by CatsController#index as HTML
  Rendering cats/index.html.erb within layouts/application
  [1m[36mCat Load (0.4ms)[0m  [1m[34mSELECT "cats".* FROM "cats"[0m
  ↳ app/views/cats/index.html.erb:4
  Rendered cats/index.html.erb within layouts/application (Duration: 2.6ms | Allocations: 1230)
Completed 200 OK in 14ms (Views: 13.0ms | ActiveRecord: 0.4ms | Allocations: 4270)


Started POST "/cats" for ::1 at 2019-08-28 16:25:10 -0700
Processing by CatsController#create as HTML
  Parameters: {"cat"=>{"name"=>"Geoff", "sex"=>"M", "birth_date"=>"1996-12-02", "description"=>"                             Test cat   \r\n     \r\n     \r\n     help\r\n    "}}
  Rendering cats/new.html.erb within layouts/application
  Rendered cats/_form.html.erb (Duration: 0.9ms | Allocations: 411)
  Rendered cats/new.html.erb within layouts/application (Duration: 1.7ms | Allocations: 722)
Completed 200 OK in 15ms (Views: 11.9ms | ActiveRecord: 0.0ms | Allocations: 5484)


Started GET "/cats/new" for ::1 at 2019-08-28 16:26:30 -0700
Processing by CatsController#new as HTML
  Rendering cats/new.html.erb within layouts/application
  Rendered cats/_form.html.erb (Duration: 0.5ms | Allocations: 69)
  Rendered cats/new.html.erb within layouts/application (Duration: 1.1ms | Allocations: 145)
Completed 200 OK in 10ms (Views: 9.0ms | ActiveRecord: 0.0ms | Allocations: 2246)


Started POST "/cats" for ::1 at 2019-08-28 16:26:50 -0700
Processing by CatsController#create as HTML
  Parameters: {"cat"=>{"name"=>"Geoff", "sex"=>"M", "birth_date"=>"8888-08-08", "description"=>"        lucky cat \r\n    "}}
  Rendering cats/new.html.erb within layouts/application
  Rendered cats/_form.html.erb (Duration: 1.4ms | Allocations: 75)
  Rendered cats/new.html.erb within layouts/application (Duration: 2.7ms | Allocations: 151)
Completed 200 OK in 24ms (Views: 14.6ms | ActiveRecord: 0.0ms | Allocations: 3996)


Started GET "/cats/2" for ::1 at 2019-08-28 16:28:02 -0700
Processing by CatsController#show as HTML
  Parameters: {"id"=>"2"}
  [1m[36mCat Load (1.0ms)[0m  [1m[34mSELECT "cats".* FROM "cats" WHERE "cats"."id" = $1 LIMIT $2[0m  [["id", 2], ["LIMIT", 1]]
  ↳ app/controllers/cats_controller.rb:8:in `show'
  Rendering cats/show.html.erb within layouts/application
  Rendered cats/show.html.erb within layouts/application (Duration: 1.3ms | Allocations: 320)
Completed 200 OK in 21ms (Views: 8.0ms | ActiveRecord: 1.5ms | Allocations: 3241)


Started GET "/cats" for ::1 at 2019-08-28 16:28:15 -0700
Processing by CatsController#index as HTML
  Rendering cats/index.html.erb within layouts/application
  [1m[36mCat Load (0.4ms)[0m  [1m[34mSELECT "cats".* FROM "cats"[0m
  ↳ app/views/cats/index.html.erb:4
  Rendered cats/index.html.erb within layouts/application (Duration: 2.9ms | Allocations: 1131)
Completed 200 OK in 13ms (Views: 12.3ms | ActiveRecord: 0.4ms | Allocations: 3366)


Started GET "/cats" for ::1 at 2019-08-28 16:28:45 -0700
Processing by CatsController#index as HTML
  Rendering cats/index.html.erb within layouts/application
  [1m[36mCat Load (0.5ms)[0m  [1m[34mSELECT "cats".* FROM "cats"[0m
  ↳ app/views/cats/index.html.erb:4
  Rendered cats/index.html.erb within layouts/application (Duration: 3.2ms | Allocations: 963)
Completed 200 OK in 11ms (Views: 8.8ms | ActiveRecord: 0.5ms | Allocations: 3055)


Started GET "/cats" for ::1 at 2019-08-28 16:28:51 -0700
Processing by CatsController#index as HTML
  Rendering cats/index.html.erb within layouts/application
  [1m[36mCat Load (0.8ms)[0m  [1m[34mSELECT "cats".* FROM "cats"[0m
  ↳ app/views/cats/index.html.erb:4
  Rendered cats/index.html.erb within layouts/application (Duration: 5.8ms | Allocations: 963)
Completed 200 OK in 20ms (Views: 18.4ms | ActiveRecord: 0.8ms | Allocations: 3050)


  [1m[36mCat Load (0.4ms)[0m  [1m[34mSELECT "cats".* FROM "cats"[0m
Started GET "/cats/new" for ::1 at 2019-08-28 16:30:06 -0700
Processing by CatsController#new as HTML
  Rendering cats/new.html.erb within layouts/application
  Rendered cats/_form.html.erb (Duration: 0.3ms | Allocations: 75)
  Rendered cats/new.html.erb within layouts/application (Duration: 0.6ms | Allocations: 151)
Completed 200 OK in 50ms (Views: 15.2ms | ActiveRecord: 12.3ms | Allocations: 8466)


Started POST "/cats" for ::1 at 2019-08-28 16:30:19 -0700
Processing by CatsController#create as HTML
  Parameters: {"cat"=>{"name"=>"Geoff", "sex"=>"M", "birth_date"=>"8888-08-08", "description"=>"cat.         \r\n    "}}
DEPRECATION WARNING: Single arity template handlers are deprecated. Template handlers must
now accept two parameters, the view object and the source for the view object.
Change:
  >> Coffee::Rails::TemplateHandler.call(template)
To:
  >> Coffee::Rails::TemplateHandler.call(template, source)
 (called from <top (required)> at /home/kchhak/Documents/W9D3/cats_99/config/environment.rb:5)
Started GET "/cats/new" for ::1 at 2019-08-28 16:34:15 -0700
  [1m[35m (1.3ms)[0m  [1m[34mSELECT "schema_migrations"."version" FROM "schema_migrations" ORDER BY "schema_migrations"."version" ASC[0m
Processing by CatsController#new as HTML
  Rendering cats/new.html.erb within layouts/application
  Rendered cats/_form.html.erb (Duration: 0.7ms | Allocations: 437)
  Rendered cats/new.html.erb within layouts/application (Duration: 1.8ms | Allocations: 1039)
Completed 200 OK in 1678ms (Views: 1637.7ms | ActiveRecord: 23.4ms | Allocations: 1488025)


Started POST "/cats" for ::1 at 2019-08-28 16:34:33 -0700
Processing by CatsController#create as HTML
  Parameters: {"cat"=>{"name"=>"Geoff", "sex"=>"M", "color"=>"black", "birth_date"=>"8888-08-08", "description"=>"         \r\n    cat."}}
  [1m[35m (0.5ms)[0m  [1m[35mBEGIN[0m
  ↳ app/controllers/cats_controller.rb:20:in `create'
  [1m[36mCat Create (2.1ms)[0m  [1m[32mINSERT INTO "cats" ("birth_date", "color", "name", "sex", "description", "created_at", "updated_at") VALUES ($1, $2, $3, $4, $5, $6, $7) RETURNING "id"[0m  [["birth_date", "8888-08-08"], ["color", "black"], ["name", "Geoff"], ["sex", "M"], ["description", "         \r\n    cat."], ["created_at", "2019-08-28 23:34:33.210602"], ["updated_at", "2019-08-28 23:34:33.210602"]]
  ↳ app/controllers/cats_controller.rb:20:in `create'
  [1m[35m (53.9ms)[0m  [1m[35mCOMMIT[0m
  ↳ app/controllers/cats_controller.rb:20:in `create'
Redirected to http://localhost:3000/cats/8
Completed 302 Found in 71ms (ActiveRecord: 56.4ms | Allocations: 2816)


Started GET "/cats/8" for ::1 at 2019-08-28 16:34:33 -0700
Processing by CatsController#show as HTML
  Parameters: {"id"=>"8"}
  [1m[36mCat Load (0.7ms)[0m  [1m[34mSELECT "cats".* FROM "cats" WHERE "cats"."id" = $1 LIMIT $2[0m  [["id", 8], ["LIMIT", 1]]
  ↳ app/controllers/cats_controller.rb:8:in `show'
  Rendering cats/show.html.erb within layouts/application
  Rendered cats/show.html.erb within layouts/application (Duration: 1.2ms | Allocations: 340)
Completed 200 OK in 24ms (Views: 14.4ms | ActiveRecord: 0.9ms | Allocations: 3952)


Started GET "/cats/new" for ::1 at 2019-08-28 16:39:05 -0700
Processing by CatsController#new as HTML
  Rendering cats/new.html.erb within layouts/application
  Rendered cats/_form.html.erb (Duration: 0.3ms | Allocations: 75)
  Rendered cats/new.html.erb within layouts/application (Duration: 0.5ms | Allocations: 151)
Completed 200 OK in 28ms (Views: 17.5ms | ActiveRecord: 3.2ms | Allocations: 8447)


Started POST "/cats" for ::1 at 2019-08-28 16:39:23 -0700
Processing by CatsController#create as HTML
  Parameters: {"cat"=>{"name"=>"Caht", "sex"=>"F", "color"=>"gray", "birth_date"=>"", "description"=>"         \r\n    cat"}}
  Rendering cats/new.html.erb within layouts/application
  Rendered cats/_form.html.erb (Duration: 0.4ms | Allocations: 74)
  Rendered cats/new.html.erb within layouts/application (Duration: 0.8ms | Allocations: 151)
Completed 200 OK in 11ms (Views: 6.7ms | ActiveRecord: 0.0ms | Allocations: 4949)


Started POST "/cats" for ::1 at 2019-08-28 16:41:05 -0700
Processing by CatsController#create as HTML
  Parameters: {"cat"=>{"name"=>"Caht", "sex"=>"F", "color"=>"", "birth_date"=>"", "description"=>"                 \r\n    cat \r\n    "}}
  Rendering cats/new.html.erb within layouts/application
  Rendered cats/_form.html.erb (Duration: 0.6ms | Allocations: 475)
  Rendered cats/new.html.erb within layouts/application (Duration: 1.3ms | Allocations: 791)
Completed 200 OK in 12ms (Views: 7.3ms | ActiveRecord: 0.0ms | Allocations: 6040)


Started POST "/cats" for ::1 at 2019-08-28 16:42:14 -0700
Processing by CatsController#create as HTML
  Parameters: {"cat"=>{"name"=>"Caht", "sex"=>"F", "color"=>"", "birth_date"=>"", "description"=>"                         \r\n    cat \r\n     \r\n    "}}
  Rendering cats/new.html.erb within layouts/application
  Rendered cats/_form.html.erb (Duration: 0.8ms | Allocations: 472)
  Rendered cats/new.html.erb within layouts/application (Duration: 1.7ms | Allocations: 787)
Completed 200 OK in 53ms (Views: 16.8ms | ActiveRecord: 6.5ms | Allocations: 11983)


Started GET "/cats/2/edit" for ::1 at 2019-08-28 16:43:05 -0700
Processing by CatsController#edit as HTML
  Parameters: {"id"=>"2"}
  [1m[36mCat Load (0.6ms)[0m  [1m[34mSELECT "cats".* FROM "cats" WHERE "cats"."id" = $1 LIMIT $2[0m  [["id", 2], ["LIMIT", 1]]
  ↳ app/controllers/cats_controller.rb:29:in `edit'
  Rendering cats/edit.html.erb within layouts/application
  Rendered cats/_form.html.erb (Duration: 2.1ms | Allocations: 293)
  Rendered cats/edit.html.erb within layouts/application (Duration: 3.1ms | Allocations: 468)
Completed 200 OK in 17ms (Views: 11.3ms | ActiveRecord: 0.6ms | Allocations: 3274)


Started GET "/cats/2/edit" for ::1 at 2019-08-28 16:43:58 -0700
Processing by CatsController#edit as HTML
  Parameters: {"id"=>"2"}
  [1m[36mCat Load (1.5ms)[0m  [1m[34mSELECT "cats".* FROM "cats" WHERE "cats"."id" = $1 LIMIT $2[0m  [["id", 2], ["LIMIT", 1]]
  ↳ app/controllers/cats_controller.rb:29:in `edit'
  Rendering cats/edit.html.erb within layouts/application
  Rendered cats/_form.html.erb (Duration: 3.6ms | Allocations: 656)
  Rendered cats/edit.html.erb within layouts/application (Duration: 5.5ms | Allocations: 967)
Completed 200 OK in 21ms (Views: 16.8ms | ActiveRecord: 1.5ms | Allocations: 4357)


Started PATCH "/cats/2" for ::1 at 2019-08-28 16:44:06 -0700
Processing by CatsController#update as HTML
  Parameters: {"cat"=>{"name"=>"Nirmal", "sex"=>"F", "color"=>"gray", "birth_date"=>"1998-12-31", "description"=>"        Extremely adorable \r\n    "}, "id"=>"2"}
  [1m[36mCat Load (0.4ms)[0m  [1m[34mSELECT "cats".* FROM "cats" WHERE "cats"."id" = $1 LIMIT $2[0m  [["id", 2], ["LIMIT", 1]]
  ↳ app/controllers/cats_controller.rb:34:in `update'
  [1m[35m (0.1ms)[0m  [1m[35mBEGIN[0m
  ↳ app/controllers/cats_controller.rb:35:in `update'
  [1m[36mCat Update (0.3ms)[0m  [1m[33mUPDATE "cats" SET "color" = $1, "description" = $2, "updated_at" = $3 WHERE "cats"."id" = $4[0m  [["color", "gray"], ["description", "        Extremely adorable \r\n    "], ["updated_at", "2019-08-28 23:44:06.962700"], ["id", 2]]
  ↳ app/controllers/cats_controller.rb:35:in `update'
  [1m[35m (41.4ms)[0m  [1m[35mCOMMIT[0m
  ↳ app/controllers/cats_controller.rb:35:in `update'
Redirected to http://localhost:3000/cats/2
Completed 302 Found in 54ms (ActiveRecord: 42.3ms | Allocations: 3118)


Started GET "/cats/2" for ::1 at 2019-08-28 16:44:07 -0700
Processing by CatsController#show as HTML
  Parameters: {"id"=>"2"}
  [1m[36mCat Load (0.2ms)[0m  [1m[34mSELECT "cats".* FROM "cats" WHERE "cats"."id" = $1 LIMIT $2[0m  [["id", 2], ["LIMIT", 1]]
  ↳ app/controllers/cats_controller.rb:8:in `show'
  Rendering cats/show.html.erb within layouts/application
  Rendered cats/show.html.erb within layouts/application (Duration: 0.6ms | Allocations: 321)
Completed 200 OK in 5ms (Views: 3.5ms | ActiveRecord: 0.2ms | Allocations: 3100)


Started GET "/cats/2/edit" for ::1 at 2019-08-28 16:44:13 -0700
Processing by CatsController#edit as HTML
  Parameters: {"id"=>"2"}
  [1m[36mCat Load (0.6ms)[0m  [1m[34mSELECT "cats".* FROM "cats" WHERE "cats"."id" = $1 LIMIT $2[0m  [["id", 2], ["LIMIT", 1]]
  ↳ app/controllers/cats_controller.rb:29:in `edit'
  Rendering cats/edit.html.erb within layouts/application
  Rendered cats/_form.html.erb (Duration: 0.6ms | Allocations: 272)
  Rendered cats/edit.html.erb within layouts/application (Duration: 0.7ms | Allocations: 348)
Completed 200 OK in 5ms (Views: 2.5ms | ActiveRecord: 0.6ms | Allocations: 2846)


Started PATCH "/cats/2" for ::1 at 2019-08-28 16:44:17 -0700
Processing by CatsController#update as HTML
  Parameters: {"cat"=>{"name"=>"Nirmal", "sex"=>"F", "color"=>"black", "birth_date"=>"1998-12-31", "description"=>"                Extremely adorable \r\n     \r\n    "}, "id"=>"2"}
  [1m[36mCat Load (2.8ms)[0m  [1m[34mSELECT "cats".* FROM "cats" WHERE "cats"."id" = $1 LIMIT $2[0m  [["id", 2], ["LIMIT", 1]]
  ↳ app/controllers/cats_controller.rb:34:in `update'
  [1m[35m (0.2ms)[0m  [1m[35mBEGIN[0m
  ↳ app/controllers/cats_controller.rb:35:in `update'
  [1m[36mCat Update (0.9ms)[0m  [1m[33mUPDATE "cats" SET "color" = $1, "description" = $2, "updated_at" = $3 WHERE "cats"."id" = $4[0m  [["color", "black"], ["description", "                Extremely adorable \r\n     \r\n    "], ["updated_at", "2019-08-28 23:44:17.398647"], ["id", 2]]
  ↳ app/controllers/cats_controller.rb:35:in `update'
  [1m[35m (54.5ms)[0m  [1m[35mCOMMIT[0m
  ↳ app/controllers/cats_controller.rb:35:in `update'
Redirected to http://localhost:3000/cats/2
Completed 302 Found in 66ms (ActiveRecord: 58.4ms | Allocations: 3073)


Started GET "/cats/2" for ::1 at 2019-08-28 16:44:17 -0700
Processing by CatsController#show as HTML
  Parameters: {"id"=>"2"}
  [1m[36mCat Load (0.2ms)[0m  [1m[34mSELECT "cats".* FROM "cats" WHERE "cats"."id" = $1 LIMIT $2[0m  [["id", 2], ["LIMIT", 1]]
  ↳ app/controllers/cats_controller.rb:8:in `show'
  Rendering cats/show.html.erb within layouts/application
  Rendered cats/show.html.erb within layouts/application (Duration: 0.4ms | Allocations: 113)
Completed 200 OK in 7ms (Views: 5.5ms | ActiveRecord: 0.2ms | Allocations: 2743)


Started GET "/cats/2/edit" for ::1 at 2019-08-28 16:44:38 -0700
Processing by CatsController#edit as HTML
  Parameters: {"id"=>"2"}
  [1m[36mCat Load (0.4ms)[0m  [1m[34mSELECT "cats".* FROM "cats" WHERE "cats"."id" = $1 LIMIT $2[0m  [["id", 2], ["LIMIT", 1]]
  ↳ app/controllers/cats_controller.rb:29:in `edit'
  Rendering cats/edit.html.erb within layouts/application
  Rendered cats/_form.html.erb (Duration: 16.5ms | Allocations: 11385)
  Rendered cats/edit.html.erb within layouts/application (Duration: 17.3ms | Allocations: 11701)
Completed 500 Internal Server Error in 22ms (ActiveRecord: 0.4ms | Allocations: 13281)



NameError - uninitialized constant ActionView::Template::SyntaxErrorInTemplate
Did you mean?  ActionView::SyntaxErrorInTemplate:
  app/views/cats/edit.html.erb:2
  app/controllers/cats_controller.rb:30:in `edit'

Started POST "/__better_errors/7f5ddbbb677463a1/variables" for ::1 at 2019-08-28 16:44:38 -0700
  [1m[36mCat Load (0.4ms)[0m  [1m[34mSELECT "cats".* FROM "cats" ORDER BY "cats"."id" ASC LIMIT $1[0m  [["LIMIT", 1]]
  [1m[36mCat Load (0.7ms)[0m  [1m[34mSELECT "cats".* FROM "cats" ORDER BY "cats"."id" ASC LIMIT $1[0m  [["LIMIT", 1]]
  [1m[36mCat Load (0.1ms)[0m  [1m[34mSELECT "cats".* FROM "cats" ORDER BY "cats"."id" ASC LIMIT $1[0m  [["LIMIT", 1]]
  [1m[36mCat Load (0.2ms)[0m  [1m[34mSELECT "cats".* FROM "cats" ORDER BY "cats"."id" ASC LIMIT $1[0m  [["LIMIT", 1]]
  [1m[36mCat Load (0.3ms)[0m  [1m[34mSELECT "cats".* FROM "cats" ORDER BY "cats"."id" ASC LIMIT $1[0m  [["LIMIT", 1]]
  [1m[36mCat Load (0.3ms)[0m  [1m[34mSELECT "cats".* FROM "cats" WHERE "cats"."name" = $1 LIMIT $2[0m  [["name", "Garfield"], ["LIMIT", 1]]
Started GET "/cats/" for ::1 at 2019-08-28 16:52:53 -0700
Processing by CatsController#index as HTML
  Rendering cats/index.html.erb within layouts/application
  [1m[36mCat Load (0.6ms)[0m  [1m[34mSELECT "cats".* FROM "cats"[0m
  ↳ app/views/cats/index.html.erb:4
  Rendered cats/index.html.erb within layouts/application (Duration: 8.5ms | Allocations: 6508)
Completed 200 OK in 21ms (Views: 18.1ms | ActiveRecord: 0.6ms | Allocations: 10186)


Started GET "/cats/7" for ::1 at 2019-08-28 16:53:00 -0700
Processing by CatsController#show as HTML
  Parameters: {"id"=>"7"}
  [1m[36mCat Load (0.3ms)[0m  [1m[34mSELECT "cats".* FROM "cats" WHERE "cats"."id" = $1 LIMIT $2[0m  [["id", 7], ["LIMIT", 1]]
  ↳ app/controllers/cats_controller.rb:8:in `show'
  Rendering cats/show.html.erb within layouts/application
  Rendered cats/show.html.erb within layouts/application (Duration: 1.5ms | Allocations: 417)
Completed 200 OK in 12ms (Views: 8.7ms | ActiveRecord: 0.5ms | Allocations: 3341)


Started GET "/cats/2" for ::1 at 2019-08-28 16:53:05 -0700
Processing by CatsController#show as HTML
  Parameters: {"id"=>"2"}
  [1m[36mCat Load (5.4ms)[0m  [1m[34mSELECT "cats".* FROM "cats" WHERE "cats"."id" = $1 LIMIT $2[0m  [["id", 2], ["LIMIT", 1]]
  ↳ app/controllers/cats_controller.rb:8:in `show'
  Rendering cats/show.html.erb within layouts/application
  Rendered cats/show.html.erb within layouts/application (Duration: 1.1ms | Allocations: 169)
Completed 200 OK in 22ms (Views: 11.1ms | ActiveRecord: 5.4ms | Allocations: 2816)


Started GET "/cats/3" for ::1 at 2019-08-28 16:53:07 -0700
Processing by CatsController#show as HTML
  Parameters: {"id"=>"3"}
  [1m[36mCat Load (0.4ms)[0m  [1m[34mSELECT "cats".* FROM "cats" WHERE "cats"."id" = $1 LIMIT $2[0m  [["id", 3], ["LIMIT", 1]]
  ↳ app/controllers/cats_controller.rb:8:in `show'
  Rendering cats/show.html.erb within layouts/application
  Rendered cats/show.html.erb within layouts/application (Duration: 0.7ms | Allocations: 172)
Completed 200 OK in 14ms (Views: 10.7ms | ActiveRecord: 0.4ms | Allocations: 2808)


DEPRECATION WARNING: Single arity template handlers are deprecated. Template handlers must
now accept two parameters, the view object and the source for the view object.
Change:
  >> Coffee::Rails::TemplateHandler.call(template)
To:
  >> Coffee::Rails::TemplateHandler.call(template, source)
 (called from <top (required)> at /home/kchhak/Documents/W9D3/cats_99/config/environment.rb:5)
